!SESSION 2018-04-05 00:12:30.814 -----------------------------------------------
eclipse.buildId=unknown
java.version=1.8.0_101
java.vendor=Oracle Corporation
BootLoader constants: OS=win32, ARCH=x86_64, WS=win32, NL=en_US

!ENTRY org.eclipse.equinox.ds 1 0 2018-04-05 00:12:30.814
!MESSAGE Could not bind a reference of component dk.sdu.mmmi.cbse.Game. The reference is: Reference[name = IPostEntityProcessingService, interface = dk.sdu.mmmi.cbse.common.services.IPostEntityProcessingService, policy = dynamic, cardinality = 0..n, target = null, bind = addPostEntityProcessingService, unbind = removePostEntityProcessingService]

!ENTRY org.eclipse.equinox.ds 1 0 2018-04-05 00:12:30.823
!MESSAGE Could not bind a reference of component dk.sdu.mmmi.cbse.Game. The reference is: Reference[name = IGamePluginService, interface = dk.sdu.mmmi.cbse.common.services.IGamePluginService, policy = dynamic, cardinality = 0..n, target = null, bind = addGamePluginService, unbind = removeGamePluginService]

!ENTRY dk.sdu.mmmi.cbse.OSGiEnemy 2 0 2018-04-05 00:12:30.846
!MESSAGE [SCR] Found components with duplicated names! Details: 
Component1 : Component[
	name = dk.sdu.mmmi.cbse.osgiasteroids
	activate = activate
	deactivate = deactivate
	modified = 
	configuration-policy = optional
	factory = null
	autoenable = true
	immediate = false
	implementation = dk.sdu.mmmi.cbse.osgienemy.EnemyProcessor
	state = Unsatisfied
	properties = 
	serviceFactory = false
	serviceInterface = [dk.sdu.mmmi.cbse.common.services.IEntityProcessingService]
	references = {
		Reference[name = IPostEntityProcessingService, interface = dk.sdu.mmmi.cbse.common.services.IEntityProcessingService, policy = dynamic, cardinality = 0..1, target = null, bind = setBulletService, unbind = removeBulletService]
	}
	located in bundle = dk.sdu.mmmi.cbse.OSGiEnemy_1.0.0.SNAPSHOT [22]
]
Component2: Component[
	name = dk.sdu.mmmi.cbse.osgiasteroids
	activate = activate
	deactivate = deactivate
	modified = 
	configuration-policy = optional
	factory = null
	autoenable = true
	immediate = false
	implementation = dk.sdu.mmmi.cbse.osgiasteroids.AsteroidProcessor
	state = Unsatisfied
	properties = 
	serviceFactory = false
	serviceInterface = [dk.sdu.mmmi.cbse.common.services.IEntityProcessingService]
	references = {
		Reference[name = IAsteroidSplitter, interface = dk.sdu.mmmi.cbse.common.asteroids.IAsteroidSplitter, policy = dynamic, cardinality = 1..1, target = null, bind = setAsteroidSplitter, unbind = removeAsteroidSplitter]
	}
	located in bundle = dk.sdu.mmmi.cbse.OSGiAsteroids_1.0.0.SNAPSHOT [14]
]  

!ENTRY dk.sdu.mmmi.cbse.OSGiEnemy 2 0 2018-04-05 00:12:30.853
!MESSAGE [SCR] Found components with duplicated names! Details: 
Component1 : Component[
	name = dk.sdu.mmmi.cbse.osgiasteroids.AsteroidPlugin
	activate = activate
	deactivate = deactivate
	modified = 
	configuration-policy = optional
	factory = null
	autoenable = true
	immediate = false
	implementation = dk.sdu.mmmi.cbse.osgienemy.EnemyPlugin
	state = Unsatisfied
	properties = 
	serviceFactory = false
	serviceInterface = [dk.sdu.mmmi.cbse.common.services.IGamePluginService]
	references = null
	located in bundle = dk.sdu.mmmi.cbse.OSGiEnemy_1.0.0.SNAPSHOT [22]
]
Component2: Component[
	name = dk.sdu.mmmi.cbse.osgiasteroids.AsteroidPlugin
	activate = activate
	deactivate = deactivate
	modified = 
	configuration-policy = optional
	factory = null
	autoenable = true
	immediate = false
	implementation = dk.sdu.mmmi.cbse.osgiasteroids.AsteroidPlugin
	state = Unsatisfied
	properties = 
	serviceFactory = false
	serviceInterface = [dk.sdu.mmmi.cbse.common.services.IGamePluginService]
	references = null
	located in bundle = dk.sdu.mmmi.cbse.OSGiAsteroids_1.0.0.SNAPSHOT [14]
]  

!ENTRY dk.sdu.mmmi.cbse.OSGiEnemy 2 0 2018-04-05 00:12:30.862
!MESSAGE [SCR] ComponentReference.bind(): service reference {dk.sdu.mmmi.cbse.common.services.IEntityProcessingService}={service.id=26} is already bound to instance org.eclipse.equinox.internal.ds.impl.ComponentInstanceImpl@9cef5be  
	Details:
	Problematic reference = Reference[name = IPostEntityProcessingService, interface = dk.sdu.mmmi.cbse.common.services.IEntityProcessingService, policy = dynamic, cardinality = 0..1, target = null, bind = setBulletService, unbind = removeBulletService]
	of service component = dk.sdu.mmmi.cbse.osgiasteroids
	component implementation class = dk.sdu.mmmi.cbse.osgienemy.EnemyProcessor
	located in bundle with symbolic name = dk.sdu.mmmi.cbse.OSGiEnemy
	bundle location = reference:file:asteroidsosgi/modules/dk-sdu-mmmi-cbse-OSGiEnemy.jar

!ENTRY dk.sdu.mmmi.cbse.OSGiEnemy 4 0 2018-04-05 00:12:30.870
!MESSAGE [SCR] Error while trying to bind reference Reference[name = IPostEntityProcessingService, interface = dk.sdu.mmmi.cbse.common.services.IEntityProcessingService, policy = dynamic, cardinality = 0..1, target = null, bind = setBulletService, unbind = removeBulletService]
	Details:
	Problematic reference = Reference[name = IPostEntityProcessingService, interface = dk.sdu.mmmi.cbse.common.services.IEntityProcessingService, policy = dynamic, cardinality = 0..1, target = null, bind = setBulletService, unbind = removeBulletService]
	of service component = dk.sdu.mmmi.cbse.osgiasteroids
	component implementation class = dk.sdu.mmmi.cbse.osgienemy.EnemyProcessor
	located in bundle with symbolic name = dk.sdu.mmmi.cbse.OSGiEnemy
	bundle location = reference:file:asteroidsosgi/modules/dk-sdu-mmmi-cbse-OSGiEnemy.jar
!STACK 0
java.lang.IllegalArgumentException: argument type mismatch
	at sun.reflect.NativeMethodAccessorImpl.invoke0(Native Method)
	at sun.reflect.NativeMethodAccessorImpl.invoke(NativeMethodAccessorImpl.java:62)
	at sun.reflect.DelegatingMethodAccessorImpl.invoke(DelegatingMethodAccessorImpl.java:43)
	at java.lang.reflect.Method.invoke(Method.java:498)
	at org.eclipse.equinox.internal.ds.model.ComponentReference.bind(ComponentReference.java:376)
	at org.eclipse.equinox.internal.ds.model.ServiceComponentProp.bindReference(ServiceComponentProp.java:430)
	at org.eclipse.equinox.internal.ds.InstanceProcess.dynamicBind(InstanceProcess.java:416)
	at org.eclipse.equinox.internal.ds.Resolver.getEligible(Resolver.java:334)
	at org.eclipse.equinox.internal.ds.SCRManager.serviceChanged(SCRManager.java:222)
	at org.eclipse.osgi.internal.serviceregistry.FilteredServiceListener.serviceChanged(FilteredServiceListener.java:107)
	at org.eclipse.osgi.framework.internal.core.BundleContextImpl.dispatchEvent(BundleContextImpl.java:861)
	at org.eclipse.osgi.framework.eventmgr.EventManager.dispatchEvent(EventManager.java:230)
	at org.eclipse.osgi.framework.eventmgr.ListenerQueue.dispatchEventSynchronous(ListenerQueue.java:148)
	at org.eclipse.osgi.internal.serviceregistry.ServiceRegistry.publishServiceEventPrivileged(ServiceRegistry.java:819)
	at org.eclipse.osgi.internal.serviceregistry.ServiceRegistry.publishServiceEvent(ServiceRegistry.java:771)
	at org.eclipse.osgi.internal.serviceregistry.ServiceRegistrationImpl.register(ServiceRegistrationImpl.java:130)
	at org.eclipse.osgi.internal.serviceregistry.ServiceRegistry.registerService(ServiceRegistry.java:214)
	at org.eclipse.osgi.framework.internal.core.BundleContextImpl.registerService(BundleContextImpl.java:433)
	at org.eclipse.equinox.internal.ds.InstanceProcess.registerService(InstanceProcess.java:536)
	at org.eclipse.equinox.internal.ds.InstanceProcess.buildComponents(InstanceProcess.java:260)
	at org.eclipse.equinox.internal.ds.Resolver.buildNewlySatisfied(Resolver.java:473)
	at org.eclipse.equinox.internal.ds.Resolver.enableComponents(Resolver.java:217)
	at org.eclipse.equinox.internal.ds.SCRManager.performWork(SCRManager.java:816)
	at org.eclipse.equinox.internal.ds.SCRManager$QueuedJob.dispatch(SCRManager.java:783)
	at org.eclipse.equinox.internal.ds.WorkThread.run(WorkThread.java:89)
	at org.eclipse.equinox.internal.util.impl.tpt.threadpool.Executor.run(Executor.java:70)

!ENTRY dk.sdu.mmmi.cbse.OSGiEnemy 4 0 2018-04-05 00:12:30.877
!MESSAGE [SCR] Error while trying to bind reference Reference[name = IPostEntityProcessingService, interface = dk.sdu.mmmi.cbse.common.services.IEntityProcessingService, policy = dynamic, cardinality = 0..1, target = null, bind = setBulletService, unbind = removeBulletService]
	Details:
	Problematic reference = Reference[name = IPostEntityProcessingService, interface = dk.sdu.mmmi.cbse.common.services.IEntityProcessingService, policy = dynamic, cardinality = 0..1, target = null, bind = setBulletService, unbind = removeBulletService]
	of service component = dk.sdu.mmmi.cbse.osgiasteroids
	component implementation class = dk.sdu.mmmi.cbse.osgienemy.EnemyProcessor
	located in bundle with symbolic name = dk.sdu.mmmi.cbse.OSGiEnemy
	bundle location = reference:file:asteroidsosgi/modules/dk-sdu-mmmi-cbse-OSGiEnemy.jar
!STACK 0
java.lang.IllegalArgumentException: argument type mismatch
	at sun.reflect.NativeMethodAccessorImpl.invoke0(Native Method)
	at sun.reflect.NativeMethodAccessorImpl.invoke(NativeMethodAccessorImpl.java:62)
	at sun.reflect.DelegatingMethodAccessorImpl.invoke(DelegatingMethodAccessorImpl.java:43)
	at java.lang.reflect.Method.invoke(Method.java:498)
	at org.eclipse.equinox.internal.ds.model.ComponentReference.bind(ComponentReference.java:376)
	at org.eclipse.equinox.internal.ds.model.ServiceComponentProp.bindReference(ServiceComponentProp.java:430)
	at org.eclipse.equinox.internal.ds.InstanceProcess.dynamicBind(InstanceProcess.java:416)
	at org.eclipse.equinox.internal.ds.Resolver.getEligible(Resolver.java:334)
	at org.eclipse.equinox.internal.ds.SCRManager.serviceChanged(SCRManager.java:222)
	at org.eclipse.osgi.internal.serviceregistry.FilteredServiceListener.serviceChanged(FilteredServiceListener.java:107)
	at org.eclipse.osgi.framework.internal.core.BundleContextImpl.dispatchEvent(BundleContextImpl.java:861)
	at org.eclipse.osgi.framework.eventmgr.EventManager.dispatchEvent(EventManager.java:230)
	at org.eclipse.osgi.framework.eventmgr.ListenerQueue.dispatchEventSynchronous(ListenerQueue.java:148)
	at org.eclipse.osgi.internal.serviceregistry.ServiceRegistry.publishServiceEventPrivileged(ServiceRegistry.java:819)
	at org.eclipse.osgi.internal.serviceregistry.ServiceRegistry.publishServiceEvent(ServiceRegistry.java:771)
	at org.eclipse.osgi.internal.serviceregistry.ServiceRegistrationImpl.register(ServiceRegistrationImpl.java:130)
	at org.eclipse.osgi.internal.serviceregistry.ServiceRegistry.registerService(ServiceRegistry.java:214)
	at org.eclipse.osgi.framework.internal.core.BundleContextImpl.registerService(BundleContextImpl.java:433)
	at org.eclipse.equinox.internal.ds.InstanceProcess.registerService(InstanceProcess.java:536)
	at org.eclipse.equinox.internal.ds.InstanceProcess.buildComponents(InstanceProcess.java:260)
	at org.eclipse.equinox.internal.ds.Resolver.buildNewlySatisfied(Resolver.java:473)
	at org.eclipse.equinox.internal.ds.Resolver.enableComponents(Resolver.java:217)
	at org.eclipse.equinox.internal.ds.SCRManager.performWork(SCRManager.java:816)
	at org.eclipse.equinox.internal.ds.SCRManager$QueuedJob.dispatch(SCRManager.java:783)
	at org.eclipse.equinox.internal.ds.WorkThread.run(WorkThread.java:89)
	at org.eclipse.equinox.internal.util.impl.tpt.threadpool.Executor.run(Executor.java:70)

!ENTRY dk.sdu.mmmi.cbse.OSGiEnemy 4 0 2018-04-05 00:12:30.885
!MESSAGE [SCR] Error while trying to bind reference Reference[name = IPostEntityProcessingService, interface = dk.sdu.mmmi.cbse.common.services.IEntityProcessingService, policy = dynamic, cardinality = 0..1, target = null, bind = setBulletService, unbind = removeBulletService]
	Details:
	Problematic reference = Reference[name = IPostEntityProcessingService, interface = dk.sdu.mmmi.cbse.common.services.IEntityProcessingService, policy = dynamic, cardinality = 0..1, target = null, bind = setBulletService, unbind = removeBulletService]
	of service component = dk.sdu.mmmi.cbse.osgiasteroids
	component implementation class = dk.sdu.mmmi.cbse.osgienemy.EnemyProcessor
	located in bundle with symbolic name = dk.sdu.mmmi.cbse.OSGiEnemy
	bundle location = reference:file:asteroidsosgi/modules/dk-sdu-mmmi-cbse-OSGiEnemy.jar
!STACK 0
java.lang.IllegalArgumentException: argument type mismatch
	at sun.reflect.NativeMethodAccessorImpl.invoke0(Native Method)
	at sun.reflect.NativeMethodAccessorImpl.invoke(NativeMethodAccessorImpl.java:62)
	at sun.reflect.DelegatingMethodAccessorImpl.invoke(DelegatingMethodAccessorImpl.java:43)
	at java.lang.reflect.Method.invoke(Method.java:498)
	at org.eclipse.equinox.internal.ds.model.ComponentReference.bind(ComponentReference.java:376)
	at org.eclipse.equinox.internal.ds.model.ServiceComponentProp.bindReference(ServiceComponentProp.java:430)
	at org.eclipse.equinox.internal.ds.InstanceProcess.dynamicBind(InstanceProcess.java:416)
	at org.eclipse.equinox.internal.ds.Resolver.getEligible(Resolver.java:334)
	at org.eclipse.equinox.internal.ds.SCRManager.serviceChanged(SCRManager.java:222)
	at org.eclipse.osgi.internal.serviceregistry.FilteredServiceListener.serviceChanged(FilteredServiceListener.java:107)
	at org.eclipse.osgi.framework.internal.core.BundleContextImpl.dispatchEvent(BundleContextImpl.java:861)
	at org.eclipse.osgi.framework.eventmgr.EventManager.dispatchEvent(EventManager.java:230)
	at org.eclipse.osgi.framework.eventmgr.ListenerQueue.dispatchEventSynchronous(ListenerQueue.java:148)
	at org.eclipse.osgi.internal.serviceregistry.ServiceRegistry.publishServiceEventPrivileged(ServiceRegistry.java:819)
	at org.eclipse.osgi.internal.serviceregistry.ServiceRegistry.publishServiceEvent(ServiceRegistry.java:771)
	at org.eclipse.osgi.internal.serviceregistry.ServiceRegistrationImpl.register(ServiceRegistrationImpl.java:130)
	at org.eclipse.osgi.internal.serviceregistry.ServiceRegistry.registerService(ServiceRegistry.java:214)
	at org.eclipse.osgi.framework.internal.core.BundleContextImpl.registerService(BundleContextImpl.java:433)
	at org.eclipse.equinox.internal.ds.InstanceProcess.registerService(InstanceProcess.java:536)
	at org.eclipse.equinox.internal.ds.InstanceProcess.buildComponents(InstanceProcess.java:260)
	at org.eclipse.equinox.internal.ds.Resolver.buildNewlySatisfied(Resolver.java:473)
	at org.eclipse.equinox.internal.ds.Resolver.enableComponents(Resolver.java:217)
	at org.eclipse.equinox.internal.ds.SCRManager.performWork(SCRManager.java:816)
	at org.eclipse.equinox.internal.ds.SCRManager$QueuedJob.dispatch(SCRManager.java:783)
	at org.eclipse.equinox.internal.ds.WorkThread.run(WorkThread.java:89)
	at org.eclipse.equinox.internal.util.impl.tpt.threadpool.Executor.run(Executor.java:70)

!ENTRY dk.sdu.mmmi.cbse.OSGiEnemy 4 0 2018-04-05 00:12:30.894
!MESSAGE [SCR] Error while trying to bind reference Reference[name = IPostEntityProcessingService, interface = dk.sdu.mmmi.cbse.common.services.IEntityProcessingService, policy = dynamic, cardinality = 0..1, target = null, bind = setBulletService, unbind = removeBulletService]
	Details:
	Problematic reference = Reference[name = IPostEntityProcessingService, interface = dk.sdu.mmmi.cbse.common.services.IEntityProcessingService, policy = dynamic, cardinality = 0..1, target = null, bind = setBulletService, unbind = removeBulletService]
	of service component = dk.sdu.mmmi.cbse.osgiasteroids
	component implementation class = dk.sdu.mmmi.cbse.osgienemy.EnemyProcessor
	located in bundle with symbolic name = dk.sdu.mmmi.cbse.OSGiEnemy
	bundle location = reference:file:asteroidsosgi/modules/dk-sdu-mmmi-cbse-OSGiEnemy.jar
!STACK 0
java.lang.IllegalArgumentException: argument type mismatch
	at sun.reflect.NativeMethodAccessorImpl.invoke0(Native Method)
	at sun.reflect.NativeMethodAccessorImpl.invoke(NativeMethodAccessorImpl.java:62)
	at sun.reflect.DelegatingMethodAccessorImpl.invoke(DelegatingMethodAccessorImpl.java:43)
	at java.lang.reflect.Method.invoke(Method.java:498)
	at org.eclipse.equinox.internal.ds.model.ComponentReference.bind(ComponentReference.java:376)
	at org.eclipse.equinox.internal.ds.model.ServiceComponentProp.bindReference(ServiceComponentProp.java:430)
	at org.eclipse.equinox.internal.ds.InstanceProcess.dynamicBind(InstanceProcess.java:416)
	at org.eclipse.equinox.internal.ds.Resolver.getEligible(Resolver.java:334)
	at org.eclipse.equinox.internal.ds.SCRManager.serviceChanged(SCRManager.java:222)
	at org.eclipse.osgi.internal.serviceregistry.FilteredServiceListener.serviceChanged(FilteredServiceListener.java:107)
	at org.eclipse.osgi.framework.internal.core.BundleContextImpl.dispatchEvent(BundleContextImpl.java:861)
	at org.eclipse.osgi.framework.eventmgr.EventManager.dispatchEvent(EventManager.java:230)
	at org.eclipse.osgi.framework.eventmgr.ListenerQueue.dispatchEventSynchronous(ListenerQueue.java:148)
	at org.eclipse.osgi.internal.serviceregistry.ServiceRegistry.publishServiceEventPrivileged(ServiceRegistry.java:819)
	at org.eclipse.osgi.internal.serviceregistry.ServiceRegistry.publishServiceEvent(ServiceRegistry.java:771)
	at org.eclipse.osgi.internal.serviceregistry.ServiceRegistrationImpl.register(ServiceRegistrationImpl.java:130)
	at org.eclipse.osgi.internal.serviceregistry.ServiceRegistry.registerService(ServiceRegistry.java:214)
	at org.eclipse.osgi.framework.internal.core.BundleContextImpl.registerService(BundleContextImpl.java:433)
	at org.eclipse.equinox.internal.ds.InstanceProcess.registerService(InstanceProcess.java:536)
	at org.eclipse.equinox.internal.ds.InstanceProcess.buildComponents(InstanceProcess.java:260)
	at org.eclipse.equinox.internal.ds.Resolver.buildNewlySatisfied(Resolver.java:473)
	at org.eclipse.equinox.internal.ds.Resolver.enableComponents(Resolver.java:217)
	at org.eclipse.equinox.internal.ds.SCRManager.performWork(SCRManager.java:816)
	at org.eclipse.equinox.internal.ds.SCRManager$QueuedJob.dispatch(SCRManager.java:783)
	at org.eclipse.equinox.internal.ds.WorkThread.run(WorkThread.java:89)
	at org.eclipse.equinox.internal.util.impl.tpt.threadpool.Executor.run(Executor.java:70)
