!SESSION 2018-04-06 00:04:29.985 -----------------------------------------------
eclipse.buildId=unknown
java.version=1.8.0_101
java.vendor=Oracle Corporation
BootLoader constants: OS=win32, ARCH=x86_64, WS=win32, NL=en_US

!ENTRY dk.sdu.mmmi.cbse.OSGiEnemy 2 0 2018-04-06 00:04:29.985
!MESSAGE [SCR] Found components with duplicated names! Details: 
Component1 : Component[
	name = dk.sdu.mmmi.cbse.osgiasteroids
	activate = activate
	deactivate = deactivate
	modified = 
	configuration-policy = optional
	factory = null
	autoenable = true
	immediate = false
	implementation = dk.sdu.mmmi.cbse.osgienemy.EnemyProcessor
	state = Unsatisfied
	properties = 
	serviceFactory = false
	serviceInterface = [dk.sdu.mmmi.cbse.common.services.IEntityProcessingService]
	references = {
		Reference[name = IPostEntityProcessingService, interface = dk.sdu.mmmi.cbse.common.services.IEntityProcessingService, policy = dynamic, cardinality = 0..1, target = null, bind = setBulletService, unbind = removeBulletService]
	}
	located in bundle = dk.sdu.mmmi.cbse.OSGiEnemy_1.0.0.SNAPSHOT [10]
]
Component2: Component[
	name = dk.sdu.mmmi.cbse.osgiasteroids
	activate = activate
	deactivate = deactivate
	modified = 
	configuration-policy = optional
	factory = null
	autoenable = true
	immediate = false
	implementation = dk.sdu.mmmi.cbse.osgiplayer.PlayerControlSystem
	state = Unsatisfied
	properties = 
	serviceFactory = false
	serviceInterface = [dk.sdu.mmmi.cbse.common.services.IEntityProcessingService]
	references = {
		Reference[name = IPostEntityProcessingService, interface = dk.sdu.mmmi.cbse.common.services.IEntityProcessingService, policy = dynamic, cardinality = 0..1, target = null, bind = setBulletService, unbind = removeBulletService]
	}
	located in bundle = dk.sdu.mmmi.cbse.OSGiPlayer_1.0.0.SNAPSHOT [2]
]  

!ENTRY dk.sdu.mmmi.cbse.OSGiEnemy 2 0 2018-04-06 00:04:30.001
!MESSAGE [SCR] Found components with duplicated names! Details: 
Component1 : Component[
	name = dk.sdu.mmmi.cbse.osgiasteroids.AsteroidPlugin
	activate = activate
	deactivate = deactivate
	modified = 
	configuration-policy = optional
	factory = null
	autoenable = true
	immediate = false
	implementation = dk.sdu.mmmi.cbse.osgienemy.EnemyPlugin
	state = Unsatisfied
	properties = 
	serviceFactory = false
	serviceInterface = [dk.sdu.mmmi.cbse.common.services.IGamePluginService]
	references = null
	located in bundle = dk.sdu.mmmi.cbse.OSGiEnemy_1.0.0.SNAPSHOT [10]
]
Component2: Component[
	name = dk.sdu.mmmi.cbse.osgiasteroids.AsteroidPlugin
	activate = activate
	deactivate = deactivate
	modified = 
	configuration-policy = optional
	factory = null
	autoenable = true
	immediate = false
	implementation = dk.sdu.mmmi.cbse.osgiplayer.PlayerPlugin
	state = Unsatisfied
	properties = 
	serviceFactory = false
	serviceInterface = [dk.sdu.mmmi.cbse.common.services.IGamePluginService]
	references = null
	located in bundle = dk.sdu.mmmi.cbse.OSGiPlayer_1.0.0.SNAPSHOT [2]
]  

!ENTRY dk.sdu.mmmi.cbse.OSGiAsteroids 2 0 2018-04-06 00:04:30.001
!MESSAGE [SCR] Found components with duplicated names! Details: 
Component1 : Component[
	name = dk.sdu.mmmi.cbse.osgiasteroids
	activate = activate
	deactivate = deactivate
	modified = 
	configuration-policy = optional
	factory = null
	autoenable = true
	immediate = false
	implementation = dk.sdu.mmmi.cbse.osgiasteroids.AsteroidProcessor
	state = Unsatisfied
	properties = 
	serviceFactory = false
	serviceInterface = [dk.sdu.mmmi.cbse.common.services.IEntityProcessingService]
	references = {
		Reference[name = IAsteroidSplitter, interface = dk.sdu.mmmi.cbse.common.asteroids.IAsteroidSplitter, policy = dynamic, cardinality = 1..1, target = null, bind = setAsteroidSplitter, unbind = removeAsteroidSplitter]
	}
	located in bundle = dk.sdu.mmmi.cbse.OSGiAsteroids_1.0.0.SNAPSHOT [15]
]
Component2: Component[
	name = dk.sdu.mmmi.cbse.osgiasteroids
	activate = activate
	deactivate = deactivate
	modified = 
	configuration-policy = optional
	factory = null
	autoenable = true
	immediate = false
	implementation = dk.sdu.mmmi.cbse.osgienemy.EnemyProcessor
	state = Unsatisfied
	properties = 
	serviceFactory = false
	serviceInterface = [dk.sdu.mmmi.cbse.common.services.IEntityProcessingService]
	references = {
		Reference[name = IPostEntityProcessingService, interface = dk.sdu.mmmi.cbse.common.services.IEntityProcessingService, policy = dynamic, cardinality = 0..1, target = null, bind = setBulletService, unbind = removeBulletService]
	}
	located in bundle = dk.sdu.mmmi.cbse.OSGiEnemy_1.0.0.SNAPSHOT [10]
]  

!ENTRY dk.sdu.mmmi.cbse.OSGiAsteroids 2 0 2018-04-06 00:04:30.016
!MESSAGE [SCR] Found components with duplicated names! Details: 
Component1 : Component[
	name = dk.sdu.mmmi.cbse.osgiasteroids
	activate = activate
	deactivate = deactivate
	modified = 
	configuration-policy = optional
	factory = null
	autoenable = true
	immediate = false
	implementation = dk.sdu.mmmi.cbse.osgiasteroids.AsteroidProcessor
	state = Unsatisfied
	properties = 
	serviceFactory = false
	serviceInterface = [dk.sdu.mmmi.cbse.common.services.IEntityProcessingService]
	references = {
		Reference[name = IAsteroidSplitter, interface = dk.sdu.mmmi.cbse.common.asteroids.IAsteroidSplitter, policy = dynamic, cardinality = 1..1, target = null, bind = setAsteroidSplitter, unbind = removeAsteroidSplitter]
	}
	located in bundle = dk.sdu.mmmi.cbse.OSGiAsteroids_1.0.0.SNAPSHOT [15]
]
Component2: Component[
	name = dk.sdu.mmmi.cbse.osgiasteroids
	activate = activate
	deactivate = deactivate
	modified = 
	configuration-policy = optional
	factory = null
	autoenable = true
	immediate = false
	implementation = dk.sdu.mmmi.cbse.osgiplayer.PlayerControlSystem
	state = Unsatisfied
	properties = 
	serviceFactory = false
	serviceInterface = [dk.sdu.mmmi.cbse.common.services.IEntityProcessingService]
	references = {
		Reference[name = IPostEntityProcessingService, interface = dk.sdu.mmmi.cbse.common.services.IEntityProcessingService, policy = dynamic, cardinality = 0..1, target = null, bind = setBulletService, unbind = removeBulletService]
	}
	located in bundle = dk.sdu.mmmi.cbse.OSGiPlayer_1.0.0.SNAPSHOT [2]
]  

!ENTRY dk.sdu.mmmi.cbse.OSGiAsteroids 2 0 2018-04-06 00:04:30.016
!MESSAGE [SCR] Found components with duplicated names! Details: 
Component1 : Component[
	name = dk.sdu.mmmi.cbse.osgiasteroids.AsteroidPlugin
	activate = activate
	deactivate = deactivate
	modified = 
	configuration-policy = optional
	factory = null
	autoenable = true
	immediate = false
	implementation = dk.sdu.mmmi.cbse.osgiasteroids.AsteroidPlugin
	state = Unsatisfied
	properties = 
	serviceFactory = false
	serviceInterface = [dk.sdu.mmmi.cbse.common.services.IGamePluginService]
	references = null
	located in bundle = dk.sdu.mmmi.cbse.OSGiAsteroids_1.0.0.SNAPSHOT [15]
]
Component2: Component[
	name = dk.sdu.mmmi.cbse.osgiasteroids.AsteroidPlugin
	activate = activate
	deactivate = deactivate
	modified = 
	configuration-policy = optional
	factory = null
	autoenable = true
	immediate = false
	implementation = dk.sdu.mmmi.cbse.osgienemy.EnemyPlugin
	state = Unsatisfied
	properties = 
	serviceFactory = false
	serviceInterface = [dk.sdu.mmmi.cbse.common.services.IGamePluginService]
	references = null
	located in bundle = dk.sdu.mmmi.cbse.OSGiEnemy_1.0.0.SNAPSHOT [10]
]  

!ENTRY dk.sdu.mmmi.cbse.OSGiAsteroids 2 0 2018-04-06 00:04:30.032
!MESSAGE [SCR] Found components with duplicated names! Details: 
Component1 : Component[
	name = dk.sdu.mmmi.cbse.osgiasteroids.AsteroidPlugin
	activate = activate
	deactivate = deactivate
	modified = 
	configuration-policy = optional
	factory = null
	autoenable = true
	immediate = false
	implementation = dk.sdu.mmmi.cbse.osgiasteroids.AsteroidPlugin
	state = Unsatisfied
	properties = 
	serviceFactory = false
	serviceInterface = [dk.sdu.mmmi.cbse.common.services.IGamePluginService]
	references = null
	located in bundle = dk.sdu.mmmi.cbse.OSGiAsteroids_1.0.0.SNAPSHOT [15]
]
Component2: Component[
	name = dk.sdu.mmmi.cbse.osgiasteroids.AsteroidPlugin
	activate = activate
	deactivate = deactivate
	modified = 
	configuration-policy = optional
	factory = null
	autoenable = true
	immediate = false
	implementation = dk.sdu.mmmi.cbse.osgiplayer.PlayerPlugin
	state = Unsatisfied
	properties = 
	serviceFactory = false
	serviceInterface = [dk.sdu.mmmi.cbse.common.services.IGamePluginService]
	references = null
	located in bundle = dk.sdu.mmmi.cbse.OSGiPlayer_1.0.0.SNAPSHOT [2]
]  

!ENTRY org.eclipse.equinox.ds 1 0 2018-04-06 00:04:30.805
!MESSAGE Could not bind a reference of component dk.sdu.mmmi.cbse.Game. The reference is: Reference[name = IPostEntityProcessingService, interface = dk.sdu.mmmi.cbse.common.services.IPostEntityProcessingService, policy = dynamic, cardinality = 0..n, target = null, bind = addPostEntityProcessingService, unbind = removePostEntityProcessingService]

!ENTRY dk.sdu.mmmi.cbse.OSGiPlayer 2 0 2018-04-06 00:04:30.815
!MESSAGE [SCR] Could not get the service object relevant to the reference. One possible reason is a circularity problem. Another possible reason is that BundleContext.getService() returns null.
	Details:
	Problematic reference = Reference[name = IPostEntityProcessingService, interface = dk.sdu.mmmi.cbse.common.services.IEntityProcessingService, policy = dynamic, cardinality = 0..1, target = null, bind = setBulletService, unbind = removeBulletService]
	of service component = dk.sdu.mmmi.cbse.osgiasteroids
	component implementation class = dk.sdu.mmmi.cbse.osgiplayer.PlayerControlSystem
	located in bundle with symbolic name = dk.sdu.mmmi.cbse.OSGiPlayer
	bundle location = reference:file:extra/modules/dk-sdu-mmmi-cbse-OSGiPlayer.jar

!ENTRY dk.sdu.mmmi.cbse.OSGiPlayer 2 0 2018-04-06 00:04:30.823
!MESSAGE [SCR] ComponentReference.bind(): bind method 'setBulletService' is not found or it is not accessible!
	Details:
	Problematic reference = Reference[name = IPostEntityProcessingService, interface = dk.sdu.mmmi.cbse.common.services.IEntityProcessingService, policy = dynamic, cardinality = 0..1, target = null, bind = setBulletService, unbind = removeBulletService]
	of service component = dk.sdu.mmmi.cbse.osgiasteroids
	component implementation class = dk.sdu.mmmi.cbse.osgiplayer.PlayerControlSystem
	located in bundle with symbolic name = dk.sdu.mmmi.cbse.OSGiPlayer
	bundle location = reference:file:extra/modules/dk-sdu-mmmi-cbse-OSGiPlayer.jar

!ENTRY dk.sdu.mmmi.cbse.OSGiEnemy 4 0 2018-04-06 00:04:30.831
!MESSAGE [SCR] Method was not found: setBulletService(...)
	Details:
	Problematic reference = Reference[name = IPostEntityProcessingService, interface = dk.sdu.mmmi.cbse.common.services.IEntityProcessingService, policy = dynamic, cardinality = 0..1, target = null, bind = setBulletService, unbind = removeBulletService]
	of service component = dk.sdu.mmmi.cbse.osgiasteroids
	component implementation class = dk.sdu.mmmi.cbse.osgienemy.EnemyProcessor
	located in bundle with symbolic name = dk.sdu.mmmi.cbse.OSGiEnemy
	bundle location = reference:file:asteroidsosgi/modules/dk-sdu-mmmi-cbse-OSGiEnemy.jar

!ENTRY dk.sdu.mmmi.cbse.OSGiEnemy 4 0 2018-04-06 00:04:30.837
!MESSAGE [SCR] Method was not found: setBulletService(...)
	Details:
	Problematic reference = Reference[name = IPostEntityProcessingService, interface = dk.sdu.mmmi.cbse.common.services.IEntityProcessingService, policy = dynamic, cardinality = 0..1, target = null, bind = setBulletService, unbind = removeBulletService]
	of service component = dk.sdu.mmmi.cbse.osgiasteroids
	component implementation class = dk.sdu.mmmi.cbse.osgienemy.EnemyProcessor
	located in bundle with symbolic name = dk.sdu.mmmi.cbse.OSGiEnemy
	bundle location = reference:file:asteroidsosgi/modules/dk-sdu-mmmi-cbse-OSGiEnemy.jar

!ENTRY dk.sdu.mmmi.cbse.OSGiEnemy 2 0 2018-04-06 00:04:30.844
!MESSAGE [SCR] ComponentReference.bind(): bind method 'setBulletService' is not found or it is not accessible!
	Details:
	Problematic reference = Reference[name = IPostEntityProcessingService, interface = dk.sdu.mmmi.cbse.common.services.IEntityProcessingService, policy = dynamic, cardinality = 0..1, target = null, bind = setBulletService, unbind = removeBulletService]
	of service component = dk.sdu.mmmi.cbse.osgiasteroids
	component implementation class = dk.sdu.mmmi.cbse.osgienemy.EnemyProcessor
	located in bundle with symbolic name = dk.sdu.mmmi.cbse.OSGiEnemy
	bundle location = reference:file:asteroidsosgi/modules/dk-sdu-mmmi-cbse-OSGiEnemy.jar

!ENTRY dk.sdu.mmmi.cbse.OSGiPlayer 4 0 2018-04-06 00:04:30.855
!MESSAGE [SCR] Error while trying to bind reference Reference[name = IPostEntityProcessingService, interface = dk.sdu.mmmi.cbse.common.services.IEntityProcessingService, policy = dynamic, cardinality = 0..1, target = null, bind = setBulletService, unbind = removeBulletService]
	Details:
	Problematic reference = Reference[name = IPostEntityProcessingService, interface = dk.sdu.mmmi.cbse.common.services.IEntityProcessingService, policy = dynamic, cardinality = 0..1, target = null, bind = setBulletService, unbind = removeBulletService]
	of service component = dk.sdu.mmmi.cbse.osgiasteroids
	component implementation class = dk.sdu.mmmi.cbse.osgiplayer.PlayerControlSystem
	located in bundle with symbolic name = dk.sdu.mmmi.cbse.OSGiPlayer
	bundle location = reference:file:extra/modules/dk-sdu-mmmi-cbse-OSGiPlayer.jar
!STACK 0
java.lang.IllegalArgumentException: argument type mismatch
	at sun.reflect.NativeMethodAccessorImpl.invoke0(Native Method)
	at sun.reflect.NativeMethodAccessorImpl.invoke(NativeMethodAccessorImpl.java:62)
	at sun.reflect.DelegatingMethodAccessorImpl.invoke(DelegatingMethodAccessorImpl.java:43)
	at java.lang.reflect.Method.invoke(Method.java:498)
	at org.eclipse.equinox.internal.ds.model.ComponentReference.bind(ComponentReference.java:376)
	at org.eclipse.equinox.internal.ds.model.ServiceComponentProp.bindReference(ServiceComponentProp.java:430)
	at org.eclipse.equinox.internal.ds.InstanceProcess.dynamicBind(InstanceProcess.java:416)
	at org.eclipse.equinox.internal.ds.Resolver.performWork(Resolver.java:756)
	at org.eclipse.equinox.internal.ds.SCRManager$QueuedJob.dispatch(SCRManager.java:783)
	at org.eclipse.equinox.internal.ds.WorkThread.run(WorkThread.java:89)
	at org.eclipse.equinox.internal.util.impl.tpt.threadpool.Executor.run(Executor.java:70)

!ENTRY dk.sdu.mmmi.cbse.OSGiPlayer 4 0 2018-04-06 00:04:30.862
!MESSAGE [SCR] Error while trying to bind reference Reference[name = IPostEntityProcessingService, interface = dk.sdu.mmmi.cbse.common.services.IEntityProcessingService, policy = dynamic, cardinality = 0..1, target = null, bind = setBulletService, unbind = removeBulletService]
	Details:
	Problematic reference = Reference[name = IPostEntityProcessingService, interface = dk.sdu.mmmi.cbse.common.services.IEntityProcessingService, policy = dynamic, cardinality = 0..1, target = null, bind = setBulletService, unbind = removeBulletService]
	of service component = dk.sdu.mmmi.cbse.osgiasteroids
	component implementation class = dk.sdu.mmmi.cbse.osgiplayer.PlayerControlSystem
	located in bundle with symbolic name = dk.sdu.mmmi.cbse.OSGiPlayer
	bundle location = reference:file:extra/modules/dk-sdu-mmmi-cbse-OSGiPlayer.jar
!STACK 0
java.lang.IllegalArgumentException: argument type mismatch
	at sun.reflect.NativeMethodAccessorImpl.invoke0(Native Method)
	at sun.reflect.NativeMethodAccessorImpl.invoke(NativeMethodAccessorImpl.java:62)
	at sun.reflect.DelegatingMethodAccessorImpl.invoke(DelegatingMethodAccessorImpl.java:43)
	at java.lang.reflect.Method.invoke(Method.java:498)
	at org.eclipse.equinox.internal.ds.model.ComponentReference.bind(ComponentReference.java:376)
	at org.eclipse.equinox.internal.ds.model.ServiceComponentProp.bindReference(ServiceComponentProp.java:430)
	at org.eclipse.equinox.internal.ds.InstanceProcess.dynamicBind(InstanceProcess.java:416)
	at org.eclipse.equinox.internal.ds.Resolver.performWork(Resolver.java:756)
	at org.eclipse.equinox.internal.ds.SCRManager$QueuedJob.dispatch(SCRManager.java:783)
	at org.eclipse.equinox.internal.ds.WorkThread.run(WorkThread.java:89)
	at org.eclipse.equinox.internal.util.impl.tpt.threadpool.Executor.run(Executor.java:70)

!ENTRY dk.sdu.mmmi.cbse.OSGiPlayer 2 0 2018-04-06 00:04:30.870
!MESSAGE [SCR] ComponentReference.bind(): service reference {dk.sdu.mmmi.cbse.common.services.IEntityProcessingService}={service.id=33} is already bound to instance org.eclipse.equinox.internal.ds.impl.ComponentInstanceImpl@629209dd  
	Details:
	Problematic reference = Reference[name = IPostEntityProcessingService, interface = dk.sdu.mmmi.cbse.common.services.IEntityProcessingService, policy = dynamic, cardinality = 0..1, target = null, bind = setBulletService, unbind = removeBulletService]
	of service component = dk.sdu.mmmi.cbse.osgiasteroids
	component implementation class = dk.sdu.mmmi.cbse.osgiplayer.PlayerControlSystem
	located in bundle with symbolic name = dk.sdu.mmmi.cbse.OSGiPlayer
	bundle location = reference:file:extra/modules/dk-sdu-mmmi-cbse-OSGiPlayer.jar

!ENTRY dk.sdu.mmmi.cbse.OSGiPlayer 4 0 2018-04-06 00:04:30.877
!MESSAGE [SCR] Error while trying to bind reference Reference[name = IPostEntityProcessingService, interface = dk.sdu.mmmi.cbse.common.services.IEntityProcessingService, policy = dynamic, cardinality = 0..1, target = null, bind = setBulletService, unbind = removeBulletService]
	Details:
	Problematic reference = Reference[name = IPostEntityProcessingService, interface = dk.sdu.mmmi.cbse.common.services.IEntityProcessingService, policy = dynamic, cardinality = 0..1, target = null, bind = setBulletService, unbind = removeBulletService]
	of service component = dk.sdu.mmmi.cbse.osgiasteroids
	component implementation class = dk.sdu.mmmi.cbse.osgiplayer.PlayerControlSystem
	located in bundle with symbolic name = dk.sdu.mmmi.cbse.OSGiPlayer
	bundle location = reference:file:extra/modules/dk-sdu-mmmi-cbse-OSGiPlayer.jar
!STACK 0
java.lang.IllegalArgumentException: argument type mismatch
	at sun.reflect.NativeMethodAccessorImpl.invoke0(Native Method)
	at sun.reflect.NativeMethodAccessorImpl.invoke(NativeMethodAccessorImpl.java:62)
	at sun.reflect.DelegatingMethodAccessorImpl.invoke(DelegatingMethodAccessorImpl.java:43)
	at java.lang.reflect.Method.invoke(Method.java:498)
	at org.eclipse.equinox.internal.ds.model.ComponentReference.bind(ComponentReference.java:376)
	at org.eclipse.equinox.internal.ds.model.ServiceComponentProp.bindReference(ServiceComponentProp.java:430)
	at org.eclipse.equinox.internal.ds.InstanceProcess.dynamicBind(InstanceProcess.java:416)
	at org.eclipse.equinox.internal.ds.Resolver.performWork(Resolver.java:756)
	at org.eclipse.equinox.internal.ds.SCRManager$QueuedJob.dispatch(SCRManager.java:783)
	at org.eclipse.equinox.internal.ds.WorkThread.run(WorkThread.java:89)
	at org.eclipse.equinox.internal.util.impl.tpt.threadpool.Executor.run(Executor.java:70)

!ENTRY dk.sdu.mmmi.cbse.OSGiPlayer 4 0 2018-04-06 00:04:30.885
!MESSAGE [SCR] Error while trying to bind reference Reference[name = IPostEntityProcessingService, interface = dk.sdu.mmmi.cbse.common.services.IEntityProcessingService, policy = dynamic, cardinality = 0..1, target = null, bind = setBulletService, unbind = removeBulletService]
	Details:
	Problematic reference = Reference[name = IPostEntityProcessingService, interface = dk.sdu.mmmi.cbse.common.services.IEntityProcessingService, policy = dynamic, cardinality = 0..1, target = null, bind = setBulletService, unbind = removeBulletService]
	of service component = dk.sdu.mmmi.cbse.osgiasteroids
	component implementation class = dk.sdu.mmmi.cbse.osgiplayer.PlayerControlSystem
	located in bundle with symbolic name = dk.sdu.mmmi.cbse.OSGiPlayer
	bundle location = reference:file:extra/modules/dk-sdu-mmmi-cbse-OSGiPlayer.jar
!STACK 0
java.lang.IllegalArgumentException: argument type mismatch
	at sun.reflect.NativeMethodAccessorImpl.invoke0(Native Method)
	at sun.reflect.NativeMethodAccessorImpl.invoke(NativeMethodAccessorImpl.java:62)
	at sun.reflect.DelegatingMethodAccessorImpl.invoke(DelegatingMethodAccessorImpl.java:43)
	at java.lang.reflect.Method.invoke(Method.java:498)
	at org.eclipse.equinox.internal.ds.model.ComponentReference.bind(ComponentReference.java:376)
	at org.eclipse.equinox.internal.ds.model.ServiceComponentProp.bindReference(ServiceComponentProp.java:430)
	at org.eclipse.equinox.internal.ds.InstanceProcess.dynamicBind(InstanceProcess.java:416)
	at org.eclipse.equinox.internal.ds.Resolver.performWork(Resolver.java:756)
	at org.eclipse.equinox.internal.ds.SCRManager$QueuedJob.dispatch(SCRManager.java:783)
	at org.eclipse.equinox.internal.ds.WorkThread.run(WorkThread.java:89)
	at org.eclipse.equinox.internal.util.impl.tpt.threadpool.Executor.run(Executor.java:70)
