!SESSION 2018-04-15 22:47:51.135 -----------------------------------------------
eclipse.buildId=unknown
java.version=1.8.0_101
java.vendor=Oracle Corporation
BootLoader constants: OS=win32, ARCH=x86_64, WS=win32, NL=en_US

!ENTRY org.eclipse.equinox.ds 1 0 2018-04-15 22:47:51.136
!MESSAGE Could not bind a reference of component dk.sdu.mmmi.cbse.Game. The reference is: Reference[name = IPostEntityProcessingService, interface = dk.sdu.mmmi.cbse.common.services.IPostEntityProcessingService, policy = dynamic, cardinality = 0..n, target = null, bind = addPostEntityProcessingService, unbind = removePostEntityProcessingService]

!ENTRY org.eclipse.equinox.ds 1 0 2018-04-15 22:47:51.144
!MESSAGE Could not bind a reference of component dk.sdu.mmmi.cbse.Game. The reference is: Reference[name = IEntityProcessingService, interface = dk.sdu.mmmi.cbse.common.services.IEntityProcessingService, policy = dynamic, cardinality = 0..n, target = null, bind = addEntityProcessingService, unbind = removeEntityProcessingService]

!ENTRY org.eclipse.equinox.ds 1 0 2018-04-15 22:47:51.155
!MESSAGE Could not bind a reference of component dk.sdu.mmmi.cbse.Game. The reference is: Reference[name = IGamePluginService, interface = dk.sdu.mmmi.cbse.common.services.IGamePluginService, policy = dynamic, cardinality = 0..n, target = null, bind = addGamePluginService, unbind = removeGamePluginService]

!ENTRY dk.sdu.mmmi.cbse.OSGiEnemy 2 0 2018-04-15 22:49:10.453
!MESSAGE [SCR] Found components with duplicated names! Details: 
Component1 : Component[
	name = dk.sdu.mmmi.cbse.osgiasteroids
	activate = activate
	deactivate = deactivate
	modified = 
	configuration-policy = optional
	factory = null
	autoenable = true
	immediate = false
	implementation = dk.sdu.mmmi.cbse.osgienemy.EnemyProcessor
	state = Unsatisfied
	properties = 
	serviceFactory = false
	serviceInterface = [dk.sdu.mmmi.cbse.common.services.IEntityProcessingService]
	references = {
		Reference[name = IPostEntityProcessingService, interface = dk.sdu.mmmi.cbse.common.services.IEntityProcessingService, policy = dynamic, cardinality = 0..1, target = null, bind = setBulletService, unbind = removeBulletService]
	}
	located in bundle = dk.sdu.mmmi.cbse.OSGiEnemy_1.0.0.SNAPSHOT [28]
]
Component2: Component[
	name = dk.sdu.mmmi.cbse.osgiasteroids
	activate = activate
	deactivate = deactivate
	modified = 
	configuration-policy = optional
	factory = null
	autoenable = true
	immediate = false
	implementation = dk.sdu.mmmi.cbse.osgiasteroids.AsteroidProcessor
	state = Unsatisfied
	properties = 
	serviceFactory = false
	serviceInterface = [dk.sdu.mmmi.cbse.common.services.IEntityProcessingService]
	references = {
		Reference[name = IAsteroidSplitter, interface = dk.sdu.mmmi.cbse.common.asteroids.IAsteroidSplitter, policy = dynamic, cardinality = 1..1, target = null, bind = setAsteroidSplitter, unbind = removeAsteroidSplitter]
	}
	located in bundle = dk.sdu.mmmi.cbse.OSGiAsteroids_1.0.0.SNAPSHOT [24]
]  

!ENTRY dk.sdu.mmmi.cbse.OSGiEnemy 2 0 2018-04-15 22:49:10.464
!MESSAGE [SCR] Found components with duplicated names! Details: 
Component1 : Component[
	name = dk.sdu.mmmi.cbse.osgiasteroids.AsteroidPlugin
	activate = activate
	deactivate = deactivate
	modified = 
	configuration-policy = optional
	factory = null
	autoenable = true
	immediate = false
	implementation = dk.sdu.mmmi.cbse.osgienemy.EnemyPlugin
	state = Unsatisfied
	properties = 
	serviceFactory = false
	serviceInterface = [dk.sdu.mmmi.cbse.common.services.IGamePluginService]
	references = null
	located in bundle = dk.sdu.mmmi.cbse.OSGiEnemy_1.0.0.SNAPSHOT [28]
]
Component2: Component[
	name = dk.sdu.mmmi.cbse.osgiasteroids.AsteroidPlugin
	activate = activate
	deactivate = deactivate
	modified = 
	configuration-policy = optional
	factory = null
	autoenable = true
	immediate = false
	implementation = dk.sdu.mmmi.cbse.osgiasteroids.AsteroidPlugin
	state = Unsatisfied
	properties = 
	serviceFactory = false
	serviceInterface = [dk.sdu.mmmi.cbse.common.services.IGamePluginService]
	references = null
	located in bundle = dk.sdu.mmmi.cbse.OSGiAsteroids_1.0.0.SNAPSHOT [24]
]  

!ENTRY dk.sdu.mmmi.cbse.OSGiEnemy 4 0 2018-04-15 22:49:10.480
!MESSAGE [SCR] Method was not found: setBulletService(...)
	Details:
	Problematic reference = Reference[name = IPostEntityProcessingService, interface = dk.sdu.mmmi.cbse.common.services.IEntityProcessingService, policy = dynamic, cardinality = 0..1, target = null, bind = setBulletService, unbind = removeBulletService]
	of service component = dk.sdu.mmmi.cbse.osgiasteroids
	component implementation class = dk.sdu.mmmi.cbse.osgienemy.EnemyProcessor
	located in bundle with symbolic name = dk.sdu.mmmi.cbse.OSGiEnemy
	bundle location = file:C:\Users\Rasmus BG\Documents\GitHub\SB4-KOM-F18-master\Uge 11\AsteroidsOSGi\updatefolder\OSGiEnemy-1.0-SNAPSHOT.jar

!ENTRY dk.sdu.mmmi.cbse.OSGiEnemy 4 0 2018-04-15 22:49:10.491
!MESSAGE [SCR] Method was not found: setBulletService(...)
	Details:
	Problematic reference = Reference[name = IPostEntityProcessingService, interface = dk.sdu.mmmi.cbse.common.services.IEntityProcessingService, policy = dynamic, cardinality = 0..1, target = null, bind = setBulletService, unbind = removeBulletService]
	of service component = dk.sdu.mmmi.cbse.osgiasteroids
	component implementation class = dk.sdu.mmmi.cbse.osgienemy.EnemyProcessor
	located in bundle with symbolic name = dk.sdu.mmmi.cbse.OSGiEnemy
	bundle location = file:C:\Users\Rasmus BG\Documents\GitHub\SB4-KOM-F18-master\Uge 11\AsteroidsOSGi\updatefolder\OSGiEnemy-1.0-SNAPSHOT.jar

!ENTRY dk.sdu.mmmi.cbse.OSGiEnemy 2 0 2018-04-15 22:49:10.500
!MESSAGE [SCR] ComponentReference.bind(): bind method 'setBulletService' is not found or it is not accessible!
	Details:
	Problematic reference = Reference[name = IPostEntityProcessingService, interface = dk.sdu.mmmi.cbse.common.services.IEntityProcessingService, policy = dynamic, cardinality = 0..1, target = null, bind = setBulletService, unbind = removeBulletService]
	of service component = dk.sdu.mmmi.cbse.osgiasteroids
	component implementation class = dk.sdu.mmmi.cbse.osgienemy.EnemyProcessor
	located in bundle with symbolic name = dk.sdu.mmmi.cbse.OSGiEnemy
	bundle location = file:C:\Users\Rasmus BG\Documents\GitHub\SB4-KOM-F18-master\Uge 11\AsteroidsOSGi\updatefolder\OSGiEnemy-1.0-SNAPSHOT.jar

!ENTRY dk.sdu.mmmi.cbse.OSGiEnemy 4 0 2018-04-15 22:49:10.507
!MESSAGE [SCR] Error while trying to bind reference Reference[name = IPostEntityProcessingService, interface = dk.sdu.mmmi.cbse.common.services.IEntityProcessingService, policy = dynamic, cardinality = 0..1, target = null, bind = setBulletService, unbind = removeBulletService]
	Details:
	Problematic reference = Reference[name = IPostEntityProcessingService, interface = dk.sdu.mmmi.cbse.common.services.IEntityProcessingService, policy = dynamic, cardinality = 0..1, target = null, bind = setBulletService, unbind = removeBulletService]
	of service component = dk.sdu.mmmi.cbse.osgiasteroids
	component implementation class = dk.sdu.mmmi.cbse.osgienemy.EnemyProcessor
	located in bundle with symbolic name = dk.sdu.mmmi.cbse.OSGiEnemy
	bundle location = file:C:\Users\Rasmus BG\Documents\GitHub\SB4-KOM-F18-master\Uge 11\AsteroidsOSGi\updatefolder\OSGiEnemy-1.0-SNAPSHOT.jar
!STACK 0
java.lang.IllegalArgumentException: argument type mismatch
	at sun.reflect.NativeMethodAccessorImpl.invoke0(Native Method)
	at sun.reflect.NativeMethodAccessorImpl.invoke(NativeMethodAccessorImpl.java:62)
	at sun.reflect.DelegatingMethodAccessorImpl.invoke(DelegatingMethodAccessorImpl.java:43)
	at java.lang.reflect.Method.invoke(Method.java:498)
	at org.eclipse.equinox.internal.ds.model.ComponentReference.bind(ComponentReference.java:376)
	at org.eclipse.equinox.internal.ds.model.ServiceComponentProp.bindReference(ServiceComponentProp.java:430)
	at org.eclipse.equinox.internal.ds.InstanceProcess.dynamicBind(InstanceProcess.java:416)
	at org.eclipse.equinox.internal.ds.Resolver.getEligible(Resolver.java:334)
	at org.eclipse.equinox.internal.ds.SCRManager.serviceChanged(SCRManager.java:222)
	at org.eclipse.osgi.internal.serviceregistry.FilteredServiceListener.serviceChanged(FilteredServiceListener.java:107)
	at org.eclipse.osgi.framework.internal.core.BundleContextImpl.dispatchEvent(BundleContextImpl.java:861)
	at org.eclipse.osgi.framework.eventmgr.EventManager.dispatchEvent(EventManager.java:230)
	at org.eclipse.osgi.framework.eventmgr.ListenerQueue.dispatchEventSynchronous(ListenerQueue.java:148)
	at org.eclipse.osgi.internal.serviceregistry.ServiceRegistry.publishServiceEventPrivileged(ServiceRegistry.java:819)
	at org.eclipse.osgi.internal.serviceregistry.ServiceRegistry.publishServiceEvent(ServiceRegistry.java:771)
	at org.eclipse.osgi.internal.serviceregistry.ServiceRegistrationImpl.register(ServiceRegistrationImpl.java:130)
	at org.eclipse.osgi.internal.serviceregistry.ServiceRegistry.registerService(ServiceRegistry.java:214)
	at org.eclipse.osgi.framework.internal.core.BundleContextImpl.registerService(BundleContextImpl.java:433)
	at org.eclipse.equinox.internal.ds.InstanceProcess.registerService(InstanceProcess.java:536)
	at org.eclipse.equinox.internal.ds.InstanceProcess.buildComponents(InstanceProcess.java:260)
	at org.eclipse.equinox.internal.ds.Resolver.buildNewlySatisfied(Resolver.java:473)
	at org.eclipse.equinox.internal.ds.Resolver.enableComponents(Resolver.java:217)
	at org.eclipse.equinox.internal.ds.SCRManager.performWork(SCRManager.java:816)
	at org.eclipse.equinox.internal.ds.SCRManager$QueuedJob.dispatch(SCRManager.java:783)
	at org.eclipse.equinox.internal.ds.WorkThread.run(WorkThread.java:89)
	at org.eclipse.equinox.internal.util.impl.tpt.threadpool.Executor.run(Executor.java:70)

!ENTRY dk.sdu.mmmi.cbse.OSGiEnemy 4 0 2018-04-15 22:49:10.519
!MESSAGE [SCR] Error while trying to bind reference Reference[name = IPostEntityProcessingService, interface = dk.sdu.mmmi.cbse.common.services.IEntityProcessingService, policy = dynamic, cardinality = 0..1, target = null, bind = setBulletService, unbind = removeBulletService]
	Details:
	Problematic reference = Reference[name = IPostEntityProcessingService, interface = dk.sdu.mmmi.cbse.common.services.IEntityProcessingService, policy = dynamic, cardinality = 0..1, target = null, bind = setBulletService, unbind = removeBulletService]
	of service component = dk.sdu.mmmi.cbse.osgiasteroids
	component implementation class = dk.sdu.mmmi.cbse.osgienemy.EnemyProcessor
	located in bundle with symbolic name = dk.sdu.mmmi.cbse.OSGiEnemy
	bundle location = file:C:\Users\Rasmus BG\Documents\GitHub\SB4-KOM-F18-master\Uge 11\AsteroidsOSGi\updatefolder\OSGiEnemy-1.0-SNAPSHOT.jar
!STACK 0
java.lang.IllegalArgumentException: argument type mismatch
	at sun.reflect.NativeMethodAccessorImpl.invoke0(Native Method)
	at sun.reflect.NativeMethodAccessorImpl.invoke(NativeMethodAccessorImpl.java:62)
	at sun.reflect.DelegatingMethodAccessorImpl.invoke(DelegatingMethodAccessorImpl.java:43)
	at java.lang.reflect.Method.invoke(Method.java:498)
	at org.eclipse.equinox.internal.ds.model.ComponentReference.bind(ComponentReference.java:376)
	at org.eclipse.equinox.internal.ds.model.ServiceComponentProp.bindReference(ServiceComponentProp.java:430)
	at org.eclipse.equinox.internal.ds.InstanceProcess.dynamicBind(InstanceProcess.java:416)
	at org.eclipse.equinox.internal.ds.Resolver.getEligible(Resolver.java:334)
	at org.eclipse.equinox.internal.ds.SCRManager.serviceChanged(SCRManager.java:222)
	at org.eclipse.osgi.internal.serviceregistry.FilteredServiceListener.serviceChanged(FilteredServiceListener.java:107)
	at org.eclipse.osgi.framework.internal.core.BundleContextImpl.dispatchEvent(BundleContextImpl.java:861)
	at org.eclipse.osgi.framework.eventmgr.EventManager.dispatchEvent(EventManager.java:230)
	at org.eclipse.osgi.framework.eventmgr.ListenerQueue.dispatchEventSynchronous(ListenerQueue.java:148)
	at org.eclipse.osgi.internal.serviceregistry.ServiceRegistry.publishServiceEventPrivileged(ServiceRegistry.java:819)
	at org.eclipse.osgi.internal.serviceregistry.ServiceRegistry.publishServiceEvent(ServiceRegistry.java:771)
	at org.eclipse.osgi.internal.serviceregistry.ServiceRegistrationImpl.register(ServiceRegistrationImpl.java:130)
	at org.eclipse.osgi.internal.serviceregistry.ServiceRegistry.registerService(ServiceRegistry.java:214)
	at org.eclipse.osgi.framework.internal.core.BundleContextImpl.registerService(BundleContextImpl.java:433)
	at org.eclipse.equinox.internal.ds.InstanceProcess.registerService(InstanceProcess.java:536)
	at org.eclipse.equinox.internal.ds.InstanceProcess.buildComponents(InstanceProcess.java:260)
	at org.eclipse.equinox.internal.ds.Resolver.buildNewlySatisfied(Resolver.java:473)
	at org.eclipse.equinox.internal.ds.Resolver.enableComponents(Resolver.java:217)
	at org.eclipse.equinox.internal.ds.SCRManager.performWork(SCRManager.java:816)
	at org.eclipse.equinox.internal.ds.SCRManager$QueuedJob.dispatch(SCRManager.java:783)
	at org.eclipse.equinox.internal.ds.WorkThread.run(WorkThread.java:89)
	at org.eclipse.equinox.internal.util.impl.tpt.threadpool.Executor.run(Executor.java:70)

!ENTRY dk.sdu.mmmi.cbse.OSGiEnemy 2 0 2018-04-15 22:49:10.529
!MESSAGE [SCR] ComponentReference.bind(): service reference {dk.sdu.mmmi.cbse.common.services.IEntityProcessingService}={service.id=34} is already bound to instance org.eclipse.equinox.internal.ds.impl.ComponentInstanceImpl@5531f3bf  
	Details:
	Problematic reference = Reference[name = IPostEntityProcessingService, interface = dk.sdu.mmmi.cbse.common.services.IEntityProcessingService, policy = dynamic, cardinality = 0..1, target = null, bind = setBulletService, unbind = removeBulletService]
	of service component = dk.sdu.mmmi.cbse.osgiasteroids
	component implementation class = dk.sdu.mmmi.cbse.osgienemy.EnemyProcessor
	located in bundle with symbolic name = dk.sdu.mmmi.cbse.OSGiEnemy
	bundle location = file:C:\Users\Rasmus BG\Documents\GitHub\SB4-KOM-F18-master\Uge 11\AsteroidsOSGi\updatefolder\OSGiEnemy-1.0-SNAPSHOT.jar

!ENTRY dk.sdu.mmmi.cbse.OSGiEnemy 4 0 2018-04-15 22:49:10.537
!MESSAGE [SCR] Error while trying to bind reference Reference[name = IPostEntityProcessingService, interface = dk.sdu.mmmi.cbse.common.services.IEntityProcessingService, policy = dynamic, cardinality = 0..1, target = null, bind = setBulletService, unbind = removeBulletService]
	Details:
	Problematic reference = Reference[name = IPostEntityProcessingService, interface = dk.sdu.mmmi.cbse.common.services.IEntityProcessingService, policy = dynamic, cardinality = 0..1, target = null, bind = setBulletService, unbind = removeBulletService]
	of service component = dk.sdu.mmmi.cbse.osgiasteroids
	component implementation class = dk.sdu.mmmi.cbse.osgienemy.EnemyProcessor
	located in bundle with symbolic name = dk.sdu.mmmi.cbse.OSGiEnemy
	bundle location = file:C:\Users\Rasmus BG\Documents\GitHub\SB4-KOM-F18-master\Uge 11\AsteroidsOSGi\updatefolder\OSGiEnemy-1.0-SNAPSHOT.jar
!STACK 0
java.lang.IllegalArgumentException: argument type mismatch
	at sun.reflect.NativeMethodAccessorImpl.invoke0(Native Method)
	at sun.reflect.NativeMethodAccessorImpl.invoke(NativeMethodAccessorImpl.java:62)
	at sun.reflect.DelegatingMethodAccessorImpl.invoke(DelegatingMethodAccessorImpl.java:43)
	at java.lang.reflect.Method.invoke(Method.java:498)
	at org.eclipse.equinox.internal.ds.model.ComponentReference.bind(ComponentReference.java:376)
	at org.eclipse.equinox.internal.ds.model.ServiceComponentProp.bindReference(ServiceComponentProp.java:430)
	at org.eclipse.equinox.internal.ds.InstanceProcess.dynamicBind(InstanceProcess.java:416)
	at org.eclipse.equinox.internal.ds.Resolver.getEligible(Resolver.java:334)
	at org.eclipse.equinox.internal.ds.SCRManager.serviceChanged(SCRManager.java:222)
	at org.eclipse.osgi.internal.serviceregistry.FilteredServiceListener.serviceChanged(FilteredServiceListener.java:107)
	at org.eclipse.osgi.framework.internal.core.BundleContextImpl.dispatchEvent(BundleContextImpl.java:861)
	at org.eclipse.osgi.framework.eventmgr.EventManager.dispatchEvent(EventManager.java:230)
	at org.eclipse.osgi.framework.eventmgr.ListenerQueue.dispatchEventSynchronous(ListenerQueue.java:148)
	at org.eclipse.osgi.internal.serviceregistry.ServiceRegistry.publishServiceEventPrivileged(ServiceRegistry.java:819)
	at org.eclipse.osgi.internal.serviceregistry.ServiceRegistry.publishServiceEvent(ServiceRegistry.java:771)
	at org.eclipse.osgi.internal.serviceregistry.ServiceRegistrationImpl.register(ServiceRegistrationImpl.java:130)
	at org.eclipse.osgi.internal.serviceregistry.ServiceRegistry.registerService(ServiceRegistry.java:214)
	at org.eclipse.osgi.framework.internal.core.BundleContextImpl.registerService(BundleContextImpl.java:433)
	at org.eclipse.equinox.internal.ds.InstanceProcess.registerService(InstanceProcess.java:536)
	at org.eclipse.equinox.internal.ds.InstanceProcess.buildComponents(InstanceProcess.java:260)
	at org.eclipse.equinox.internal.ds.Resolver.buildNewlySatisfied(Resolver.java:473)
	at org.eclipse.equinox.internal.ds.Resolver.enableComponents(Resolver.java:217)
	at org.eclipse.equinox.internal.ds.SCRManager.performWork(SCRManager.java:816)
	at org.eclipse.equinox.internal.ds.SCRManager$QueuedJob.dispatch(SCRManager.java:783)
	at org.eclipse.equinox.internal.ds.WorkThread.run(WorkThread.java:89)
	at org.eclipse.equinox.internal.util.impl.tpt.threadpool.Executor.run(Executor.java:70)

!ENTRY dk.sdu.mmmi.cbse.OSGiEnemy 4 0 2018-04-15 22:49:10.545
!MESSAGE [SCR] Error while trying to bind reference Reference[name = IPostEntityProcessingService, interface = dk.sdu.mmmi.cbse.common.services.IEntityProcessingService, policy = dynamic, cardinality = 0..1, target = null, bind = setBulletService, unbind = removeBulletService]
	Details:
	Problematic reference = Reference[name = IPostEntityProcessingService, interface = dk.sdu.mmmi.cbse.common.services.IEntityProcessingService, policy = dynamic, cardinality = 0..1, target = null, bind = setBulletService, unbind = removeBulletService]
	of service component = dk.sdu.mmmi.cbse.osgiasteroids
	component implementation class = dk.sdu.mmmi.cbse.osgienemy.EnemyProcessor
	located in bundle with symbolic name = dk.sdu.mmmi.cbse.OSGiEnemy
	bundle location = file:C:\Users\Rasmus BG\Documents\GitHub\SB4-KOM-F18-master\Uge 11\AsteroidsOSGi\updatefolder\OSGiEnemy-1.0-SNAPSHOT.jar
!STACK 0
java.lang.IllegalArgumentException: argument type mismatch
	at sun.reflect.NativeMethodAccessorImpl.invoke0(Native Method)
	at sun.reflect.NativeMethodAccessorImpl.invoke(NativeMethodAccessorImpl.java:62)
	at sun.reflect.DelegatingMethodAccessorImpl.invoke(DelegatingMethodAccessorImpl.java:43)
	at java.lang.reflect.Method.invoke(Method.java:498)
	at org.eclipse.equinox.internal.ds.model.ComponentReference.bind(ComponentReference.java:376)
	at org.eclipse.equinox.internal.ds.model.ServiceComponentProp.bindReference(ServiceComponentProp.java:430)
	at org.eclipse.equinox.internal.ds.InstanceProcess.dynamicBind(InstanceProcess.java:416)
	at org.eclipse.equinox.internal.ds.Resolver.getEligible(Resolver.java:334)
	at org.eclipse.equinox.internal.ds.SCRManager.serviceChanged(SCRManager.java:222)
	at org.eclipse.osgi.internal.serviceregistry.FilteredServiceListener.serviceChanged(FilteredServiceListener.java:107)
	at org.eclipse.osgi.framework.internal.core.BundleContextImpl.dispatchEvent(BundleContextImpl.java:861)
	at org.eclipse.osgi.framework.eventmgr.EventManager.dispatchEvent(EventManager.java:230)
	at org.eclipse.osgi.framework.eventmgr.ListenerQueue.dispatchEventSynchronous(ListenerQueue.java:148)
	at org.eclipse.osgi.internal.serviceregistry.ServiceRegistry.publishServiceEventPrivileged(ServiceRegistry.java:819)
	at org.eclipse.osgi.internal.serviceregistry.ServiceRegistry.publishServiceEvent(ServiceRegistry.java:771)
	at org.eclipse.osgi.internal.serviceregistry.ServiceRegistrationImpl.register(ServiceRegistrationImpl.java:130)
	at org.eclipse.osgi.internal.serviceregistry.ServiceRegistry.registerService(ServiceRegistry.java:214)
	at org.eclipse.osgi.framework.internal.core.BundleContextImpl.registerService(BundleContextImpl.java:433)
	at org.eclipse.equinox.internal.ds.InstanceProcess.registerService(InstanceProcess.java:536)
	at org.eclipse.equinox.internal.ds.InstanceProcess.buildComponents(InstanceProcess.java:260)
	at org.eclipse.equinox.internal.ds.Resolver.buildNewlySatisfied(Resolver.java:473)
	at org.eclipse.equinox.internal.ds.Resolver.enableComponents(Resolver.java:217)
	at org.eclipse.equinox.internal.ds.SCRManager.performWork(SCRManager.java:816)
	at org.eclipse.equinox.internal.ds.SCRManager$QueuedJob.dispatch(SCRManager.java:783)
	at org.eclipse.equinox.internal.ds.WorkThread.run(WorkThread.java:89)
	at org.eclipse.equinox.internal.util.impl.tpt.threadpool.Executor.run(Executor.java:70)

!ENTRY dk.sdu.mmmi.cbse.OSGiPlayer 2 0 2018-04-15 22:49:10.663
!MESSAGE [SCR] Found components with duplicated names! Details: 
Component1 : Component[
	name = dk.sdu.mmmi.cbse.osgiasteroids
	activate = activate
	deactivate = deactivate
	modified = 
	configuration-policy = optional
	factory = null
	autoenable = true
	immediate = false
	implementation = dk.sdu.mmmi.cbse.player.PlayerControlSystem
	state = Unsatisfied
	properties = 
	serviceFactory = false
	serviceInterface = [dk.sdu.mmmi.cbse.common.services.IEntityProcessingService]
	references = {
		Reference[name = IPostEntityProcessingService, interface = dk.sdu.mmmi.cbse.common.services.IEntityProcessingService, policy = dynamic, cardinality = 0..1, target = null, bind = setBulletService, unbind = removeBulletService]
	}
	located in bundle = dk.sdu.mmmi.cbse.OSGiPlayer_1.0.0.SNAPSHOT [29]
]
Component2: Component[
	name = dk.sdu.mmmi.cbse.osgiasteroids
	activate = activate
	deactivate = deactivate
	modified = 
	configuration-policy = optional
	factory = null
	autoenable = true
	immediate = false
	implementation = dk.sdu.mmmi.cbse.osgienemy.EnemyProcessor
	state = Unsatisfied
	properties = 
	serviceFactory = false
	serviceInterface = [dk.sdu.mmmi.cbse.common.services.IEntityProcessingService]
	references = {
		Reference[name = IPostEntityProcessingService, interface = dk.sdu.mmmi.cbse.common.services.IEntityProcessingService, policy = dynamic, cardinality = 0..1, target = null, bind = setBulletService, unbind = removeBulletService]
	}
	located in bundle = dk.sdu.mmmi.cbse.OSGiEnemy_1.0.0.SNAPSHOT [28]
]  

!ENTRY dk.sdu.mmmi.cbse.OSGiPlayer 2 0 2018-04-15 22:49:10.672
!MESSAGE [SCR] Found components with duplicated names! Details: 
Component1 : Component[
	name = dk.sdu.mmmi.cbse.osgiasteroids
	activate = activate
	deactivate = deactivate
	modified = 
	configuration-policy = optional
	factory = null
	autoenable = true
	immediate = false
	implementation = dk.sdu.mmmi.cbse.player.PlayerControlSystem
	state = Unsatisfied
	properties = 
	serviceFactory = false
	serviceInterface = [dk.sdu.mmmi.cbse.common.services.IEntityProcessingService]
	references = {
		Reference[name = IPostEntityProcessingService, interface = dk.sdu.mmmi.cbse.common.services.IEntityProcessingService, policy = dynamic, cardinality = 0..1, target = null, bind = setBulletService, unbind = removeBulletService]
	}
	located in bundle = dk.sdu.mmmi.cbse.OSGiPlayer_1.0.0.SNAPSHOT [29]
]
Component2: Component[
	name = dk.sdu.mmmi.cbse.osgiasteroids
	activate = activate
	deactivate = deactivate
	modified = 
	configuration-policy = optional
	factory = null
	autoenable = true
	immediate = false
	implementation = dk.sdu.mmmi.cbse.osgiasteroids.AsteroidProcessor
	state = Unsatisfied
	properties = 
	serviceFactory = false
	serviceInterface = [dk.sdu.mmmi.cbse.common.services.IEntityProcessingService]
	references = {
		Reference[name = IAsteroidSplitter, interface = dk.sdu.mmmi.cbse.common.asteroids.IAsteroidSplitter, policy = dynamic, cardinality = 1..1, target = null, bind = setAsteroidSplitter, unbind = removeAsteroidSplitter]
	}
	located in bundle = dk.sdu.mmmi.cbse.OSGiAsteroids_1.0.0.SNAPSHOT [24]
]  

!ENTRY dk.sdu.mmmi.cbse.OSGiPlayer 2 0 2018-04-15 22:49:10.680
!MESSAGE [SCR] Found components with duplicated names! Details: 
Component1 : Component[
	name = dk.sdu.mmmi.cbse.osgiasteroids.AsteroidPlugin
	activate = activate
	deactivate = deactivate
	modified = 
	configuration-policy = optional
	factory = null
	autoenable = true
	immediate = false
	implementation = dk.sdu.mmmi.cbse.player.PlayerPlugin
	state = Unsatisfied
	properties = 
	serviceFactory = false
	serviceInterface = [dk.sdu.mmmi.cbse.common.services.IGamePluginService]
	references = null
	located in bundle = dk.sdu.mmmi.cbse.OSGiPlayer_1.0.0.SNAPSHOT [29]
]
Component2: Component[
	name = dk.sdu.mmmi.cbse.osgiasteroids.AsteroidPlugin
	activate = activate
	deactivate = deactivate
	modified = 
	configuration-policy = optional
	factory = null
	autoenable = true
	immediate = false
	implementation = dk.sdu.mmmi.cbse.osgienemy.EnemyPlugin
	state = Unsatisfied
	properties = 
	serviceFactory = false
	serviceInterface = [dk.sdu.mmmi.cbse.common.services.IGamePluginService]
	references = null
	located in bundle = dk.sdu.mmmi.cbse.OSGiEnemy_1.0.0.SNAPSHOT [28]
]  

!ENTRY dk.sdu.mmmi.cbse.OSGiPlayer 2 0 2018-04-15 22:49:10.694
!MESSAGE [SCR] Found components with duplicated names! Details: 
Component1 : Component[
	name = dk.sdu.mmmi.cbse.osgiasteroids.AsteroidPlugin
	activate = activate
	deactivate = deactivate
	modified = 
	configuration-policy = optional
	factory = null
	autoenable = true
	immediate = false
	implementation = dk.sdu.mmmi.cbse.player.PlayerPlugin
	state = Unsatisfied
	properties = 
	serviceFactory = false
	serviceInterface = [dk.sdu.mmmi.cbse.common.services.IGamePluginService]
	references = null
	located in bundle = dk.sdu.mmmi.cbse.OSGiPlayer_1.0.0.SNAPSHOT [29]
]
Component2: Component[
	name = dk.sdu.mmmi.cbse.osgiasteroids.AsteroidPlugin
	activate = activate
	deactivate = deactivate
	modified = 
	configuration-policy = optional
	factory = null
	autoenable = true
	immediate = false
	implementation = dk.sdu.mmmi.cbse.osgiasteroids.AsteroidPlugin
	state = Unsatisfied
	properties = 
	serviceFactory = false
	serviceInterface = [dk.sdu.mmmi.cbse.common.services.IGamePluginService]
	references = null
	located in bundle = dk.sdu.mmmi.cbse.OSGiAsteroids_1.0.0.SNAPSHOT [24]
]  

!ENTRY dk.sdu.mmmi.cbse.OSGiPlayer 4 0 2018-04-15 22:49:10.705
!MESSAGE [SCR] Method was not found: setBulletService(...)
	Details:
	Problematic reference = Reference[name = IPostEntityProcessingService, interface = dk.sdu.mmmi.cbse.common.services.IEntityProcessingService, policy = dynamic, cardinality = 0..1, target = null, bind = setBulletService, unbind = removeBulletService]
	of service component = dk.sdu.mmmi.cbse.osgiasteroids
	component implementation class = dk.sdu.mmmi.cbse.player.PlayerControlSystem
	located in bundle with symbolic name = dk.sdu.mmmi.cbse.OSGiPlayer
	bundle location = file:C:\Users\Rasmus BG\Documents\GitHub\SB4-KOM-F18-master\Uge 11\AsteroidsOSGi\updatefolder\OSGiPlayer-1.0-SNAPSHOT.jar

!ENTRY dk.sdu.mmmi.cbse.OSGiPlayer 4 0 2018-04-15 22:49:10.713
!MESSAGE [SCR] Method was not found: setBulletService(...)
	Details:
	Problematic reference = Reference[name = IPostEntityProcessingService, interface = dk.sdu.mmmi.cbse.common.services.IEntityProcessingService, policy = dynamic, cardinality = 0..1, target = null, bind = setBulletService, unbind = removeBulletService]
	of service component = dk.sdu.mmmi.cbse.osgiasteroids
	component implementation class = dk.sdu.mmmi.cbse.player.PlayerControlSystem
	located in bundle with symbolic name = dk.sdu.mmmi.cbse.OSGiPlayer
	bundle location = file:C:\Users\Rasmus BG\Documents\GitHub\SB4-KOM-F18-master\Uge 11\AsteroidsOSGi\updatefolder\OSGiPlayer-1.0-SNAPSHOT.jar

!ENTRY dk.sdu.mmmi.cbse.OSGiPlayer 2 0 2018-04-15 22:49:10.724
!MESSAGE [SCR] ComponentReference.bind(): bind method 'setBulletService' is not found or it is not accessible!
	Details:
	Problematic reference = Reference[name = IPostEntityProcessingService, interface = dk.sdu.mmmi.cbse.common.services.IEntityProcessingService, policy = dynamic, cardinality = 0..1, target = null, bind = setBulletService, unbind = removeBulletService]
	of service component = dk.sdu.mmmi.cbse.osgiasteroids
	component implementation class = dk.sdu.mmmi.cbse.player.PlayerControlSystem
	located in bundle with symbolic name = dk.sdu.mmmi.cbse.OSGiPlayer
	bundle location = file:C:\Users\Rasmus BG\Documents\GitHub\SB4-KOM-F18-master\Uge 11\AsteroidsOSGi\updatefolder\OSGiPlayer-1.0-SNAPSHOT.jar

!ENTRY dk.sdu.mmmi.cbse.OSGiPlayer 4 0 2018-04-15 22:49:10.733
!MESSAGE [SCR] Error while trying to bind reference Reference[name = IPostEntityProcessingService, interface = dk.sdu.mmmi.cbse.common.services.IEntityProcessingService, policy = dynamic, cardinality = 0..1, target = null, bind = setBulletService, unbind = removeBulletService]
	Details:
	Problematic reference = Reference[name = IPostEntityProcessingService, interface = dk.sdu.mmmi.cbse.common.services.IEntityProcessingService, policy = dynamic, cardinality = 0..1, target = null, bind = setBulletService, unbind = removeBulletService]
	of service component = dk.sdu.mmmi.cbse.osgiasteroids
	component implementation class = dk.sdu.mmmi.cbse.player.PlayerControlSystem
	located in bundle with symbolic name = dk.sdu.mmmi.cbse.OSGiPlayer
	bundle location = file:C:\Users\Rasmus BG\Documents\GitHub\SB4-KOM-F18-master\Uge 11\AsteroidsOSGi\updatefolder\OSGiPlayer-1.0-SNAPSHOT.jar
!STACK 0
java.lang.IllegalArgumentException: argument type mismatch
	at sun.reflect.NativeMethodAccessorImpl.invoke0(Native Method)
	at sun.reflect.NativeMethodAccessorImpl.invoke(NativeMethodAccessorImpl.java:62)
	at sun.reflect.DelegatingMethodAccessorImpl.invoke(DelegatingMethodAccessorImpl.java:43)
	at java.lang.reflect.Method.invoke(Method.java:498)
	at org.eclipse.equinox.internal.ds.model.ComponentReference.bind(ComponentReference.java:376)
	at org.eclipse.equinox.internal.ds.model.ServiceComponentProp.bindReference(ServiceComponentProp.java:430)
	at org.eclipse.equinox.internal.ds.InstanceProcess.dynamicBind(InstanceProcess.java:416)
	at org.eclipse.equinox.internal.ds.Resolver.getEligible(Resolver.java:334)
	at org.eclipse.equinox.internal.ds.SCRManager.serviceChanged(SCRManager.java:222)
	at org.eclipse.osgi.internal.serviceregistry.FilteredServiceListener.serviceChanged(FilteredServiceListener.java:107)
	at org.eclipse.osgi.framework.internal.core.BundleContextImpl.dispatchEvent(BundleContextImpl.java:861)
	at org.eclipse.osgi.framework.eventmgr.EventManager.dispatchEvent(EventManager.java:230)
	at org.eclipse.osgi.framework.eventmgr.ListenerQueue.dispatchEventSynchronous(ListenerQueue.java:148)
	at org.eclipse.osgi.internal.serviceregistry.ServiceRegistry.publishServiceEventPrivileged(ServiceRegistry.java:819)
	at org.eclipse.osgi.internal.serviceregistry.ServiceRegistry.publishServiceEvent(ServiceRegistry.java:771)
	at org.eclipse.osgi.internal.serviceregistry.ServiceRegistrationImpl.register(ServiceRegistrationImpl.java:130)
	at org.eclipse.osgi.internal.serviceregistry.ServiceRegistry.registerService(ServiceRegistry.java:214)
	at org.eclipse.osgi.framework.internal.core.BundleContextImpl.registerService(BundleContextImpl.java:433)
	at org.eclipse.equinox.internal.ds.InstanceProcess.registerService(InstanceProcess.java:536)
	at org.eclipse.equinox.internal.ds.InstanceProcess.buildComponents(InstanceProcess.java:260)
	at org.eclipse.equinox.internal.ds.Resolver.buildNewlySatisfied(Resolver.java:473)
	at org.eclipse.equinox.internal.ds.Resolver.enableComponents(Resolver.java:217)
	at org.eclipse.equinox.internal.ds.SCRManager.performWork(SCRManager.java:816)
	at org.eclipse.equinox.internal.ds.SCRManager$QueuedJob.dispatch(SCRManager.java:783)
	at org.eclipse.equinox.internal.ds.WorkThread.run(WorkThread.java:89)
	at org.eclipse.equinox.internal.util.impl.tpt.threadpool.Executor.run(Executor.java:70)

!ENTRY dk.sdu.mmmi.cbse.OSGiPlayer 4 0 2018-04-15 22:49:10.741
!MESSAGE [SCR] Error while trying to bind reference Reference[name = IPostEntityProcessingService, interface = dk.sdu.mmmi.cbse.common.services.IEntityProcessingService, policy = dynamic, cardinality = 0..1, target = null, bind = setBulletService, unbind = removeBulletService]
	Details:
	Problematic reference = Reference[name = IPostEntityProcessingService, interface = dk.sdu.mmmi.cbse.common.services.IEntityProcessingService, policy = dynamic, cardinality = 0..1, target = null, bind = setBulletService, unbind = removeBulletService]
	of service component = dk.sdu.mmmi.cbse.osgiasteroids
	component implementation class = dk.sdu.mmmi.cbse.player.PlayerControlSystem
	located in bundle with symbolic name = dk.sdu.mmmi.cbse.OSGiPlayer
	bundle location = file:C:\Users\Rasmus BG\Documents\GitHub\SB4-KOM-F18-master\Uge 11\AsteroidsOSGi\updatefolder\OSGiPlayer-1.0-SNAPSHOT.jar
!STACK 0
java.lang.IllegalArgumentException: argument type mismatch
	at sun.reflect.NativeMethodAccessorImpl.invoke0(Native Method)
	at sun.reflect.NativeMethodAccessorImpl.invoke(NativeMethodAccessorImpl.java:62)
	at sun.reflect.DelegatingMethodAccessorImpl.invoke(DelegatingMethodAccessorImpl.java:43)
	at java.lang.reflect.Method.invoke(Method.java:498)
	at org.eclipse.equinox.internal.ds.model.ComponentReference.bind(ComponentReference.java:376)
	at org.eclipse.equinox.internal.ds.model.ServiceComponentProp.bindReference(ServiceComponentProp.java:430)
	at org.eclipse.equinox.internal.ds.InstanceProcess.dynamicBind(InstanceProcess.java:416)
	at org.eclipse.equinox.internal.ds.Resolver.getEligible(Resolver.java:334)
	at org.eclipse.equinox.internal.ds.SCRManager.serviceChanged(SCRManager.java:222)
	at org.eclipse.osgi.internal.serviceregistry.FilteredServiceListener.serviceChanged(FilteredServiceListener.java:107)
	at org.eclipse.osgi.framework.internal.core.BundleContextImpl.dispatchEvent(BundleContextImpl.java:861)
	at org.eclipse.osgi.framework.eventmgr.EventManager.dispatchEvent(EventManager.java:230)
	at org.eclipse.osgi.framework.eventmgr.ListenerQueue.dispatchEventSynchronous(ListenerQueue.java:148)
	at org.eclipse.osgi.internal.serviceregistry.ServiceRegistry.publishServiceEventPrivileged(ServiceRegistry.java:819)
	at org.eclipse.osgi.internal.serviceregistry.ServiceRegistry.publishServiceEvent(ServiceRegistry.java:771)
	at org.eclipse.osgi.internal.serviceregistry.ServiceRegistrationImpl.register(ServiceRegistrationImpl.java:130)
	at org.eclipse.osgi.internal.serviceregistry.ServiceRegistry.registerService(ServiceRegistry.java:214)
	at org.eclipse.osgi.framework.internal.core.BundleContextImpl.registerService(BundleContextImpl.java:433)
	at org.eclipse.equinox.internal.ds.InstanceProcess.registerService(InstanceProcess.java:536)
	at org.eclipse.equinox.internal.ds.InstanceProcess.buildComponents(InstanceProcess.java:260)
	at org.eclipse.equinox.internal.ds.Resolver.buildNewlySatisfied(Resolver.java:473)
	at org.eclipse.equinox.internal.ds.Resolver.enableComponents(Resolver.java:217)
	at org.eclipse.equinox.internal.ds.SCRManager.performWork(SCRManager.java:816)
	at org.eclipse.equinox.internal.ds.SCRManager$QueuedJob.dispatch(SCRManager.java:783)
	at org.eclipse.equinox.internal.ds.WorkThread.run(WorkThread.java:89)
	at org.eclipse.equinox.internal.util.impl.tpt.threadpool.Executor.run(Executor.java:70)

!ENTRY dk.sdu.mmmi.cbse.OSGiPlayer 2 0 2018-04-15 22:49:10.753
!MESSAGE [SCR] ComponentReference.bind(): service reference {dk.sdu.mmmi.cbse.common.services.IEntityProcessingService}={service.id=34} is already bound to instance org.eclipse.equinox.internal.ds.impl.ComponentInstanceImpl@50c60d83  
	Details:
	Problematic reference = Reference[name = IPostEntityProcessingService, interface = dk.sdu.mmmi.cbse.common.services.IEntityProcessingService, policy = dynamic, cardinality = 0..1, target = null, bind = setBulletService, unbind = removeBulletService]
	of service component = dk.sdu.mmmi.cbse.osgiasteroids
	component implementation class = dk.sdu.mmmi.cbse.player.PlayerControlSystem
	located in bundle with symbolic name = dk.sdu.mmmi.cbse.OSGiPlayer
	bundle location = file:C:\Users\Rasmus BG\Documents\GitHub\SB4-KOM-F18-master\Uge 11\AsteroidsOSGi\updatefolder\OSGiPlayer-1.0-SNAPSHOT.jar

!ENTRY dk.sdu.mmmi.cbse.OSGiPlayer 4 0 2018-04-15 22:49:10.764
!MESSAGE [SCR] Error while trying to bind reference Reference[name = IPostEntityProcessingService, interface = dk.sdu.mmmi.cbse.common.services.IEntityProcessingService, policy = dynamic, cardinality = 0..1, target = null, bind = setBulletService, unbind = removeBulletService]
	Details:
	Problematic reference = Reference[name = IPostEntityProcessingService, interface = dk.sdu.mmmi.cbse.common.services.IEntityProcessingService, policy = dynamic, cardinality = 0..1, target = null, bind = setBulletService, unbind = removeBulletService]
	of service component = dk.sdu.mmmi.cbse.osgiasteroids
	component implementation class = dk.sdu.mmmi.cbse.player.PlayerControlSystem
	located in bundle with symbolic name = dk.sdu.mmmi.cbse.OSGiPlayer
	bundle location = file:C:\Users\Rasmus BG\Documents\GitHub\SB4-KOM-F18-master\Uge 11\AsteroidsOSGi\updatefolder\OSGiPlayer-1.0-SNAPSHOT.jar
!STACK 0
java.lang.IllegalArgumentException: argument type mismatch
	at sun.reflect.NativeMethodAccessorImpl.invoke0(Native Method)
	at sun.reflect.NativeMethodAccessorImpl.invoke(NativeMethodAccessorImpl.java:62)
	at sun.reflect.DelegatingMethodAccessorImpl.invoke(DelegatingMethodAccessorImpl.java:43)
	at java.lang.reflect.Method.invoke(Method.java:498)
	at org.eclipse.equinox.internal.ds.model.ComponentReference.bind(ComponentReference.java:376)
	at org.eclipse.equinox.internal.ds.model.ServiceComponentProp.bindReference(ServiceComponentProp.java:430)
	at org.eclipse.equinox.internal.ds.InstanceProcess.dynamicBind(InstanceProcess.java:416)
	at org.eclipse.equinox.internal.ds.Resolver.getEligible(Resolver.java:334)
	at org.eclipse.equinox.internal.ds.SCRManager.serviceChanged(SCRManager.java:222)
	at org.eclipse.osgi.internal.serviceregistry.FilteredServiceListener.serviceChanged(FilteredServiceListener.java:107)
	at org.eclipse.osgi.framework.internal.core.BundleContextImpl.dispatchEvent(BundleContextImpl.java:861)
	at org.eclipse.osgi.framework.eventmgr.EventManager.dispatchEvent(EventManager.java:230)
	at org.eclipse.osgi.framework.eventmgr.ListenerQueue.dispatchEventSynchronous(ListenerQueue.java:148)
	at org.eclipse.osgi.internal.serviceregistry.ServiceRegistry.publishServiceEventPrivileged(ServiceRegistry.java:819)
	at org.eclipse.osgi.internal.serviceregistry.ServiceRegistry.publishServiceEvent(ServiceRegistry.java:771)
	at org.eclipse.osgi.internal.serviceregistry.ServiceRegistrationImpl.register(ServiceRegistrationImpl.java:130)
	at org.eclipse.osgi.internal.serviceregistry.ServiceRegistry.registerService(ServiceRegistry.java:214)
	at org.eclipse.osgi.framework.internal.core.BundleContextImpl.registerService(BundleContextImpl.java:433)
	at org.eclipse.equinox.internal.ds.InstanceProcess.registerService(InstanceProcess.java:536)
	at org.eclipse.equinox.internal.ds.InstanceProcess.buildComponents(InstanceProcess.java:260)
	at org.eclipse.equinox.internal.ds.Resolver.buildNewlySatisfied(Resolver.java:473)
	at org.eclipse.equinox.internal.ds.Resolver.enableComponents(Resolver.java:217)
	at org.eclipse.equinox.internal.ds.SCRManager.performWork(SCRManager.java:816)
	at org.eclipse.equinox.internal.ds.SCRManager$QueuedJob.dispatch(SCRManager.java:783)
	at org.eclipse.equinox.internal.ds.WorkThread.run(WorkThread.java:89)
	at org.eclipse.equinox.internal.util.impl.tpt.threadpool.Executor.run(Executor.java:70)

!ENTRY dk.sdu.mmmi.cbse.OSGiPlayer 4 0 2018-04-15 22:49:10.773
!MESSAGE [SCR] Error while trying to bind reference Reference[name = IPostEntityProcessingService, interface = dk.sdu.mmmi.cbse.common.services.IEntityProcessingService, policy = dynamic, cardinality = 0..1, target = null, bind = setBulletService, unbind = removeBulletService]
	Details:
	Problematic reference = Reference[name = IPostEntityProcessingService, interface = dk.sdu.mmmi.cbse.common.services.IEntityProcessingService, policy = dynamic, cardinality = 0..1, target = null, bind = setBulletService, unbind = removeBulletService]
	of service component = dk.sdu.mmmi.cbse.osgiasteroids
	component implementation class = dk.sdu.mmmi.cbse.player.PlayerControlSystem
	located in bundle with symbolic name = dk.sdu.mmmi.cbse.OSGiPlayer
	bundle location = file:C:\Users\Rasmus BG\Documents\GitHub\SB4-KOM-F18-master\Uge 11\AsteroidsOSGi\updatefolder\OSGiPlayer-1.0-SNAPSHOT.jar
!STACK 0
java.lang.IllegalArgumentException: argument type mismatch
	at sun.reflect.NativeMethodAccessorImpl.invoke0(Native Method)
	at sun.reflect.NativeMethodAccessorImpl.invoke(NativeMethodAccessorImpl.java:62)
	at sun.reflect.DelegatingMethodAccessorImpl.invoke(DelegatingMethodAccessorImpl.java:43)
	at java.lang.reflect.Method.invoke(Method.java:498)
	at org.eclipse.equinox.internal.ds.model.ComponentReference.bind(ComponentReference.java:376)
	at org.eclipse.equinox.internal.ds.model.ServiceComponentProp.bindReference(ServiceComponentProp.java:430)
	at org.eclipse.equinox.internal.ds.InstanceProcess.dynamicBind(InstanceProcess.java:416)
	at org.eclipse.equinox.internal.ds.Resolver.getEligible(Resolver.java:334)
	at org.eclipse.equinox.internal.ds.SCRManager.serviceChanged(SCRManager.java:222)
	at org.eclipse.osgi.internal.serviceregistry.FilteredServiceListener.serviceChanged(FilteredServiceListener.java:107)
	at org.eclipse.osgi.framework.internal.core.BundleContextImpl.dispatchEvent(BundleContextImpl.java:861)
	at org.eclipse.osgi.framework.eventmgr.EventManager.dispatchEvent(EventManager.java:230)
	at org.eclipse.osgi.framework.eventmgr.ListenerQueue.dispatchEventSynchronous(ListenerQueue.java:148)
	at org.eclipse.osgi.internal.serviceregistry.ServiceRegistry.publishServiceEventPrivileged(ServiceRegistry.java:819)
	at org.eclipse.osgi.internal.serviceregistry.ServiceRegistry.publishServiceEvent(ServiceRegistry.java:771)
	at org.eclipse.osgi.internal.serviceregistry.ServiceRegistrationImpl.register(ServiceRegistrationImpl.java:130)
	at org.eclipse.osgi.internal.serviceregistry.ServiceRegistry.registerService(ServiceRegistry.java:214)
	at org.eclipse.osgi.framework.internal.core.BundleContextImpl.registerService(BundleContextImpl.java:433)
	at org.eclipse.equinox.internal.ds.InstanceProcess.registerService(InstanceProcess.java:536)
	at org.eclipse.equinox.internal.ds.InstanceProcess.buildComponents(InstanceProcess.java:260)
	at org.eclipse.equinox.internal.ds.Resolver.buildNewlySatisfied(Resolver.java:473)
	at org.eclipse.equinox.internal.ds.Resolver.enableComponents(Resolver.java:217)
	at org.eclipse.equinox.internal.ds.SCRManager.performWork(SCRManager.java:816)
	at org.eclipse.equinox.internal.ds.SCRManager$QueuedJob.dispatch(SCRManager.java:783)
	at org.eclipse.equinox.internal.ds.WorkThread.run(WorkThread.java:89)
	at org.eclipse.equinox.internal.util.impl.tpt.threadpool.Executor.run(Executor.java:70)

!ENTRY dk.sdu.mmmi.cbse.OSGiPlayer 4 0 2018-04-15 22:49:10.784
!MESSAGE [SCR] Error while trying to bind reference Reference[name = IPostEntityProcessingService, interface = dk.sdu.mmmi.cbse.common.services.IEntityProcessingService, policy = dynamic, cardinality = 0..1, target = null, bind = setBulletService, unbind = removeBulletService]
	Details:
	Problematic reference = Reference[name = IPostEntityProcessingService, interface = dk.sdu.mmmi.cbse.common.services.IEntityProcessingService, policy = dynamic, cardinality = 0..1, target = null, bind = setBulletService, unbind = removeBulletService]
	of service component = dk.sdu.mmmi.cbse.osgiasteroids
	component implementation class = dk.sdu.mmmi.cbse.player.PlayerControlSystem
	located in bundle with symbolic name = dk.sdu.mmmi.cbse.OSGiPlayer
	bundle location = file:C:\Users\Rasmus BG\Documents\GitHub\SB4-KOM-F18-master\Uge 11\AsteroidsOSGi\updatefolder\OSGiPlayer-1.0-SNAPSHOT.jar
!STACK 0
java.lang.IllegalArgumentException: argument type mismatch
	at sun.reflect.NativeMethodAccessorImpl.invoke0(Native Method)
	at sun.reflect.NativeMethodAccessorImpl.invoke(NativeMethodAccessorImpl.java:62)
	at sun.reflect.DelegatingMethodAccessorImpl.invoke(DelegatingMethodAccessorImpl.java:43)
	at java.lang.reflect.Method.invoke(Method.java:498)
	at org.eclipse.equinox.internal.ds.model.ComponentReference.bind(ComponentReference.java:376)
	at org.eclipse.equinox.internal.ds.model.ServiceComponentProp.bindReference(ServiceComponentProp.java:430)
	at org.eclipse.equinox.internal.ds.InstanceProcess.dynamicBind(InstanceProcess.java:416)
	at org.eclipse.equinox.internal.ds.Resolver.getEligible(Resolver.java:334)
	at org.eclipse.equinox.internal.ds.SCRManager.serviceChanged(SCRManager.java:222)
	at org.eclipse.osgi.internal.serviceregistry.FilteredServiceListener.serviceChanged(FilteredServiceListener.java:107)
	at org.eclipse.osgi.framework.internal.core.BundleContextImpl.dispatchEvent(BundleContextImpl.java:861)
	at org.eclipse.osgi.framework.eventmgr.EventManager.dispatchEvent(EventManager.java:230)
	at org.eclipse.osgi.framework.eventmgr.ListenerQueue.dispatchEventSynchronous(ListenerQueue.java:148)
	at org.eclipse.osgi.internal.serviceregistry.ServiceRegistry.publishServiceEventPrivileged(ServiceRegistry.java:819)
	at org.eclipse.osgi.internal.serviceregistry.ServiceRegistry.publishServiceEvent(ServiceRegistry.java:771)
	at org.eclipse.osgi.internal.serviceregistry.ServiceRegistrationImpl.register(ServiceRegistrationImpl.java:130)
	at org.eclipse.osgi.internal.serviceregistry.ServiceRegistry.registerService(ServiceRegistry.java:214)
	at org.eclipse.osgi.framework.internal.core.BundleContextImpl.registerService(BundleContextImpl.java:433)
	at org.eclipse.equinox.internal.ds.InstanceProcess.registerService(InstanceProcess.java:536)
	at org.eclipse.equinox.internal.ds.InstanceProcess.buildComponents(InstanceProcess.java:260)
	at org.eclipse.equinox.internal.ds.Resolver.buildNewlySatisfied(Resolver.java:473)
	at org.eclipse.equinox.internal.ds.Resolver.enableComponents(Resolver.java:217)
	at org.eclipse.equinox.internal.ds.SCRManager.performWork(SCRManager.java:816)
	at org.eclipse.equinox.internal.ds.SCRManager$QueuedJob.dispatch(SCRManager.java:783)
	at org.eclipse.equinox.internal.ds.WorkThread.run(WorkThread.java:89)
	at org.eclipse.equinox.internal.util.impl.tpt.threadpool.Executor.run(Executor.java:70)

!ENTRY dk.sdu.mmmi.cbse.OSGiPlayer 4 0 2018-04-15 22:49:10.796
!MESSAGE [SCR] Error while trying to bind reference Reference[name = IPostEntityProcessingService, interface = dk.sdu.mmmi.cbse.common.services.IEntityProcessingService, policy = dynamic, cardinality = 0..1, target = null, bind = setBulletService, unbind = removeBulletService]
	Details:
	Problematic reference = Reference[name = IPostEntityProcessingService, interface = dk.sdu.mmmi.cbse.common.services.IEntityProcessingService, policy = dynamic, cardinality = 0..1, target = null, bind = setBulletService, unbind = removeBulletService]
	of service component = dk.sdu.mmmi.cbse.osgiasteroids
	component implementation class = dk.sdu.mmmi.cbse.player.PlayerControlSystem
	located in bundle with symbolic name = dk.sdu.mmmi.cbse.OSGiPlayer
	bundle location = file:C:\Users\Rasmus BG\Documents\GitHub\SB4-KOM-F18-master\Uge 11\AsteroidsOSGi\updatefolder\OSGiPlayer-1.0-SNAPSHOT.jar
!STACK 0
java.lang.IllegalArgumentException: argument type mismatch
	at sun.reflect.NativeMethodAccessorImpl.invoke0(Native Method)
	at sun.reflect.NativeMethodAccessorImpl.invoke(NativeMethodAccessorImpl.java:62)
	at sun.reflect.DelegatingMethodAccessorImpl.invoke(DelegatingMethodAccessorImpl.java:43)
	at java.lang.reflect.Method.invoke(Method.java:498)
	at org.eclipse.equinox.internal.ds.model.ComponentReference.bind(ComponentReference.java:376)
	at org.eclipse.equinox.internal.ds.model.ServiceComponentProp.bindReference(ServiceComponentProp.java:430)
	at org.eclipse.equinox.internal.ds.InstanceProcess.dynamicBind(InstanceProcess.java:416)
	at org.eclipse.equinox.internal.ds.Resolver.getEligible(Resolver.java:334)
	at org.eclipse.equinox.internal.ds.SCRManager.serviceChanged(SCRManager.java:222)
	at org.eclipse.osgi.internal.serviceregistry.FilteredServiceListener.serviceChanged(FilteredServiceListener.java:107)
	at org.eclipse.osgi.framework.internal.core.BundleContextImpl.dispatchEvent(BundleContextImpl.java:861)
	at org.eclipse.osgi.framework.eventmgr.EventManager.dispatchEvent(EventManager.java:230)
	at org.eclipse.osgi.framework.eventmgr.ListenerQueue.dispatchEventSynchronous(ListenerQueue.java:148)
	at org.eclipse.osgi.internal.serviceregistry.ServiceRegistry.publishServiceEventPrivileged(ServiceRegistry.java:819)
	at org.eclipse.osgi.internal.serviceregistry.ServiceRegistry.publishServiceEvent(ServiceRegistry.java:771)
	at org.eclipse.osgi.internal.serviceregistry.ServiceRegistrationImpl.register(ServiceRegistrationImpl.java:130)
	at org.eclipse.osgi.internal.serviceregistry.ServiceRegistry.registerService(ServiceRegistry.java:214)
	at org.eclipse.osgi.framework.internal.core.BundleContextImpl.registerService(BundleContextImpl.java:433)
	at org.eclipse.equinox.internal.ds.InstanceProcess.registerService(InstanceProcess.java:536)
	at org.eclipse.equinox.internal.ds.InstanceProcess.buildComponents(InstanceProcess.java:260)
	at org.eclipse.equinox.internal.ds.Resolver.buildNewlySatisfied(Resolver.java:473)
	at org.eclipse.equinox.internal.ds.Resolver.enableComponents(Resolver.java:217)
	at org.eclipse.equinox.internal.ds.SCRManager.performWork(SCRManager.java:816)
	at org.eclipse.equinox.internal.ds.SCRManager$QueuedJob.dispatch(SCRManager.java:783)
	at org.eclipse.equinox.internal.ds.WorkThread.run(WorkThread.java:89)
	at org.eclipse.equinox.internal.util.impl.tpt.threadpool.Executor.run(Executor.java:70)

!ENTRY dk.sdu.mmmi.cbse.OSGiPlayer 4 0 2018-04-15 22:49:30.208
!MESSAGE [SCR] Method was not found: removeBulletService(...)
	Details:
	Problematic reference = Reference[name = IPostEntityProcessingService, interface = dk.sdu.mmmi.cbse.common.services.IEntityProcessingService, policy = dynamic, cardinality = 0..1, target = null, bind = setBulletService, unbind = removeBulletService]
	of service component = dk.sdu.mmmi.cbse.osgiasteroids
	component implementation class = dk.sdu.mmmi.cbse.player.PlayerControlSystem
	located in bundle with symbolic name = dk.sdu.mmmi.cbse.OSGiPlayer
	bundle location = file:C:\Users\Rasmus BG\Documents\GitHub\SB4-KOM-F18-master\Uge 11\AsteroidsOSGi\updatefolder\OSGiPlayer-1.0-SNAPSHOT.jar

!ENTRY dk.sdu.mmmi.cbse.OSGiPlayer 4 0 2018-04-15 22:49:30.221
!MESSAGE [SCR] Method was not found: removeBulletService(...)
	Details:
	Problematic reference = Reference[name = IPostEntityProcessingService, interface = dk.sdu.mmmi.cbse.common.services.IEntityProcessingService, policy = dynamic, cardinality = 0..1, target = null, bind = setBulletService, unbind = removeBulletService]
	of service component = dk.sdu.mmmi.cbse.osgiasteroids
	component implementation class = dk.sdu.mmmi.cbse.player.PlayerControlSystem
	located in bundle with symbolic name = dk.sdu.mmmi.cbse.OSGiPlayer
	bundle location = file:C:\Users\Rasmus BG\Documents\GitHub\SB4-KOM-F18-master\Uge 11\AsteroidsOSGi\updatefolder\OSGiPlayer-1.0-SNAPSHOT.jar

!ENTRY dk.sdu.mmmi.cbse.OSGiEnemy 4 0 2018-04-15 22:49:40.207
!MESSAGE [SCR] Method was not found: removeBulletService(...)
	Details:
	Problematic reference = Reference[name = IPostEntityProcessingService, interface = dk.sdu.mmmi.cbse.common.services.IEntityProcessingService, policy = dynamic, cardinality = 0..1, target = null, bind = setBulletService, unbind = removeBulletService]
	of service component = dk.sdu.mmmi.cbse.osgiasteroids
	component implementation class = dk.sdu.mmmi.cbse.osgienemy.EnemyProcessor
	located in bundle with symbolic name = dk.sdu.mmmi.cbse.OSGiEnemy
	bundle location = file:C:\Users\Rasmus BG\Documents\GitHub\SB4-KOM-F18-master\Uge 11\AsteroidsOSGi\updatefolder\OSGiEnemy-1.0-SNAPSHOT.jar

!ENTRY dk.sdu.mmmi.cbse.OSGiEnemy 4 0 2018-04-15 22:49:40.214
!MESSAGE [SCR] Method was not found: removeBulletService(...)
	Details:
	Problematic reference = Reference[name = IPostEntityProcessingService, interface = dk.sdu.mmmi.cbse.common.services.IEntityProcessingService, policy = dynamic, cardinality = 0..1, target = null, bind = setBulletService, unbind = removeBulletService]
	of service component = dk.sdu.mmmi.cbse.osgiasteroids
	component implementation class = dk.sdu.mmmi.cbse.osgienemy.EnemyProcessor
	located in bundle with symbolic name = dk.sdu.mmmi.cbse.OSGiEnemy
	bundle location = file:C:\Users\Rasmus BG\Documents\GitHub\SB4-KOM-F18-master\Uge 11\AsteroidsOSGi\updatefolder\OSGiEnemy-1.0-SNAPSHOT.jar

!ENTRY dk.sdu.mmmi.cbse.OSGiEnemy 2 0 2018-04-15 22:50:00.241
!MESSAGE [SCR] Found components with duplicated names! Details: 
Component1 : Component[
	name = dk.sdu.mmmi.cbse.osgiasteroids
	activate = activate
	deactivate = deactivate
	modified = 
	configuration-policy = optional
	factory = null
	autoenable = true
	immediate = false
	implementation = dk.sdu.mmmi.cbse.osgienemy.EnemyProcessor
	state = Unsatisfied
	properties = 
	serviceFactory = false
	serviceInterface = [dk.sdu.mmmi.cbse.common.services.IEntityProcessingService]
	references = {
		Reference[name = IPostEntityProcessingService, interface = dk.sdu.mmmi.cbse.common.services.IEntityProcessingService, policy = dynamic, cardinality = 0..1, target = null, bind = setBulletService, unbind = removeBulletService]
	}
	located in bundle = dk.sdu.mmmi.cbse.OSGiEnemy_1.0.0.SNAPSHOT [31]
]
Component2: Component[
	name = dk.sdu.mmmi.cbse.osgiasteroids
	activate = activate
	deactivate = deactivate
	modified = 
	configuration-policy = optional
	factory = null
	autoenable = true
	immediate = false
	implementation = dk.sdu.mmmi.cbse.osgiasteroids.AsteroidProcessor
	state = Unsatisfied
	properties = 
	serviceFactory = false
	serviceInterface = [dk.sdu.mmmi.cbse.common.services.IEntityProcessingService]
	references = {
		Reference[name = IAsteroidSplitter, interface = dk.sdu.mmmi.cbse.common.asteroids.IAsteroidSplitter, policy = dynamic, cardinality = 1..1, target = null, bind = setAsteroidSplitter, unbind = removeAsteroidSplitter]
	}
	located in bundle = dk.sdu.mmmi.cbse.OSGiAsteroids_1.0.0.SNAPSHOT [30]
]  

!ENTRY dk.sdu.mmmi.cbse.OSGiEnemy 2 0 2018-04-15 22:50:00.258
!MESSAGE [SCR] Found components with duplicated names! Details: 
Component1 : Component[
	name = dk.sdu.mmmi.cbse.osgiasteroids.AsteroidPlugin
	activate = activate
	deactivate = deactivate
	modified = 
	configuration-policy = optional
	factory = null
	autoenable = true
	immediate = false
	implementation = dk.sdu.mmmi.cbse.osgienemy.EnemyPlugin
	state = Unsatisfied
	properties = 
	serviceFactory = false
	serviceInterface = [dk.sdu.mmmi.cbse.common.services.IGamePluginService]
	references = null
	located in bundle = dk.sdu.mmmi.cbse.OSGiEnemy_1.0.0.SNAPSHOT [31]
]
Component2: Component[
	name = dk.sdu.mmmi.cbse.osgiasteroids.AsteroidPlugin
	activate = activate
	deactivate = deactivate
	modified = 
	configuration-policy = optional
	factory = null
	autoenable = true
	immediate = false
	implementation = dk.sdu.mmmi.cbse.osgiasteroids.AsteroidPlugin
	state = Unsatisfied
	properties = 
	serviceFactory = false
	serviceInterface = [dk.sdu.mmmi.cbse.common.services.IGamePluginService]
	references = null
	located in bundle = dk.sdu.mmmi.cbse.OSGiAsteroids_1.0.0.SNAPSHOT [30]
]  

!ENTRY dk.sdu.mmmi.cbse.OSGiEnemy 2 0 2018-04-15 22:50:00.277
!MESSAGE [SCR] ComponentReference.bind(): service reference {dk.sdu.mmmi.cbse.common.services.IEntityProcessingService}={service.id=34} is already bound to instance org.eclipse.equinox.internal.ds.impl.ComponentInstanceImpl@39734553  
	Details:
	Problematic reference = Reference[name = IPostEntityProcessingService, interface = dk.sdu.mmmi.cbse.common.services.IEntityProcessingService, policy = dynamic, cardinality = 0..1, target = null, bind = setBulletService, unbind = removeBulletService]
	of service component = dk.sdu.mmmi.cbse.osgiasteroids
	component implementation class = dk.sdu.mmmi.cbse.osgienemy.EnemyProcessor
	located in bundle with symbolic name = dk.sdu.mmmi.cbse.OSGiEnemy
	bundle location = file:C:\Users\Rasmus BG\Documents\GitHub\SB4-KOM-F18-master\Uge 11\AsteroidsOSGi\updatefolder\OSGiEnemy-1.0-SNAPSHOT.jar

!ENTRY dk.sdu.mmmi.cbse.OSGiEnemy 4 0 2018-04-15 22:50:00.293
!MESSAGE [SCR] Error while trying to bind reference Reference[name = IPostEntityProcessingService, interface = dk.sdu.mmmi.cbse.common.services.IEntityProcessingService, policy = dynamic, cardinality = 0..1, target = null, bind = setBulletService, unbind = removeBulletService]
	Details:
	Problematic reference = Reference[name = IPostEntityProcessingService, interface = dk.sdu.mmmi.cbse.common.services.IEntityProcessingService, policy = dynamic, cardinality = 0..1, target = null, bind = setBulletService, unbind = removeBulletService]
	of service component = dk.sdu.mmmi.cbse.osgiasteroids
	component implementation class = dk.sdu.mmmi.cbse.osgienemy.EnemyProcessor
	located in bundle with symbolic name = dk.sdu.mmmi.cbse.OSGiEnemy
	bundle location = file:C:\Users\Rasmus BG\Documents\GitHub\SB4-KOM-F18-master\Uge 11\AsteroidsOSGi\updatefolder\OSGiEnemy-1.0-SNAPSHOT.jar
!STACK 0
java.lang.IllegalArgumentException: argument type mismatch
	at sun.reflect.NativeMethodAccessorImpl.invoke0(Native Method)
	at sun.reflect.NativeMethodAccessorImpl.invoke(NativeMethodAccessorImpl.java:62)
	at sun.reflect.DelegatingMethodAccessorImpl.invoke(DelegatingMethodAccessorImpl.java:43)
	at java.lang.reflect.Method.invoke(Method.java:498)
	at org.eclipse.equinox.internal.ds.model.ComponentReference.bind(ComponentReference.java:376)
	at org.eclipse.equinox.internal.ds.model.ServiceComponentProp.bindReference(ServiceComponentProp.java:430)
	at org.eclipse.equinox.internal.ds.InstanceProcess.dynamicBind(InstanceProcess.java:416)
	at org.eclipse.equinox.internal.ds.Resolver.getEligible(Resolver.java:334)
	at org.eclipse.equinox.internal.ds.SCRManager.serviceChanged(SCRManager.java:222)
	at org.eclipse.osgi.internal.serviceregistry.FilteredServiceListener.serviceChanged(FilteredServiceListener.java:107)
	at org.eclipse.osgi.framework.internal.core.BundleContextImpl.dispatchEvent(BundleContextImpl.java:861)
	at org.eclipse.osgi.framework.eventmgr.EventManager.dispatchEvent(EventManager.java:230)
	at org.eclipse.osgi.framework.eventmgr.ListenerQueue.dispatchEventSynchronous(ListenerQueue.java:148)
	at org.eclipse.osgi.internal.serviceregistry.ServiceRegistry.publishServiceEventPrivileged(ServiceRegistry.java:819)
	at org.eclipse.osgi.internal.serviceregistry.ServiceRegistry.publishServiceEvent(ServiceRegistry.java:771)
	at org.eclipse.osgi.internal.serviceregistry.ServiceRegistrationImpl.register(ServiceRegistrationImpl.java:130)
	at org.eclipse.osgi.internal.serviceregistry.ServiceRegistry.registerService(ServiceRegistry.java:214)
	at org.eclipse.osgi.framework.internal.core.BundleContextImpl.registerService(BundleContextImpl.java:433)
	at org.eclipse.equinox.internal.ds.InstanceProcess.registerService(InstanceProcess.java:536)
	at org.eclipse.equinox.internal.ds.InstanceProcess.buildComponents(InstanceProcess.java:260)
	at org.eclipse.equinox.internal.ds.Resolver.buildNewlySatisfied(Resolver.java:473)
	at org.eclipse.equinox.internal.ds.Resolver.enableComponents(Resolver.java:217)
	at org.eclipse.equinox.internal.ds.SCRManager.performWork(SCRManager.java:816)
	at org.eclipse.equinox.internal.ds.SCRManager$QueuedJob.dispatch(SCRManager.java:783)
	at org.eclipse.equinox.internal.ds.WorkThread.run(WorkThread.java:89)
	at org.eclipse.equinox.internal.util.impl.tpt.threadpool.Executor.run(Executor.java:70)

!ENTRY dk.sdu.mmmi.cbse.OSGiEnemy 4 0 2018-04-15 22:50:00.306
!MESSAGE [SCR] Error while trying to bind reference Reference[name = IPostEntityProcessingService, interface = dk.sdu.mmmi.cbse.common.services.IEntityProcessingService, policy = dynamic, cardinality = 0..1, target = null, bind = setBulletService, unbind = removeBulletService]
	Details:
	Problematic reference = Reference[name = IPostEntityProcessingService, interface = dk.sdu.mmmi.cbse.common.services.IEntityProcessingService, policy = dynamic, cardinality = 0..1, target = null, bind = setBulletService, unbind = removeBulletService]
	of service component = dk.sdu.mmmi.cbse.osgiasteroids
	component implementation class = dk.sdu.mmmi.cbse.osgienemy.EnemyProcessor
	located in bundle with symbolic name = dk.sdu.mmmi.cbse.OSGiEnemy
	bundle location = file:C:\Users\Rasmus BG\Documents\GitHub\SB4-KOM-F18-master\Uge 11\AsteroidsOSGi\updatefolder\OSGiEnemy-1.0-SNAPSHOT.jar
!STACK 0
java.lang.IllegalArgumentException: argument type mismatch
	at sun.reflect.NativeMethodAccessorImpl.invoke0(Native Method)
	at sun.reflect.NativeMethodAccessorImpl.invoke(NativeMethodAccessorImpl.java:62)
	at sun.reflect.DelegatingMethodAccessorImpl.invoke(DelegatingMethodAccessorImpl.java:43)
	at java.lang.reflect.Method.invoke(Method.java:498)
	at org.eclipse.equinox.internal.ds.model.ComponentReference.bind(ComponentReference.java:376)
	at org.eclipse.equinox.internal.ds.model.ServiceComponentProp.bindReference(ServiceComponentProp.java:430)
	at org.eclipse.equinox.internal.ds.InstanceProcess.dynamicBind(InstanceProcess.java:416)
	at org.eclipse.equinox.internal.ds.Resolver.getEligible(Resolver.java:334)
	at org.eclipse.equinox.internal.ds.SCRManager.serviceChanged(SCRManager.java:222)
	at org.eclipse.osgi.internal.serviceregistry.FilteredServiceListener.serviceChanged(FilteredServiceListener.java:107)
	at org.eclipse.osgi.framework.internal.core.BundleContextImpl.dispatchEvent(BundleContextImpl.java:861)
	at org.eclipse.osgi.framework.eventmgr.EventManager.dispatchEvent(EventManager.java:230)
	at org.eclipse.osgi.framework.eventmgr.ListenerQueue.dispatchEventSynchronous(ListenerQueue.java:148)
	at org.eclipse.osgi.internal.serviceregistry.ServiceRegistry.publishServiceEventPrivileged(ServiceRegistry.java:819)
	at org.eclipse.osgi.internal.serviceregistry.ServiceRegistry.publishServiceEvent(ServiceRegistry.java:771)
	at org.eclipse.osgi.internal.serviceregistry.ServiceRegistrationImpl.register(ServiceRegistrationImpl.java:130)
	at org.eclipse.osgi.internal.serviceregistry.ServiceRegistry.registerService(ServiceRegistry.java:214)
	at org.eclipse.osgi.framework.internal.core.BundleContextImpl.registerService(BundleContextImpl.java:433)
	at org.eclipse.equinox.internal.ds.InstanceProcess.registerService(InstanceProcess.java:536)
	at org.eclipse.equinox.internal.ds.InstanceProcess.buildComponents(InstanceProcess.java:260)
	at org.eclipse.equinox.internal.ds.Resolver.buildNewlySatisfied(Resolver.java:473)
	at org.eclipse.equinox.internal.ds.Resolver.enableComponents(Resolver.java:217)
	at org.eclipse.equinox.internal.ds.SCRManager.performWork(SCRManager.java:816)
	at org.eclipse.equinox.internal.ds.SCRManager$QueuedJob.dispatch(SCRManager.java:783)
	at org.eclipse.equinox.internal.ds.WorkThread.run(WorkThread.java:89)
	at org.eclipse.equinox.internal.util.impl.tpt.threadpool.Executor.run(Executor.java:70)

!ENTRY dk.sdu.mmmi.cbse.OSGiEnemy 4 0 2018-04-15 22:50:00.322
!MESSAGE [SCR] Error while trying to bind reference Reference[name = IPostEntityProcessingService, interface = dk.sdu.mmmi.cbse.common.services.IEntityProcessingService, policy = dynamic, cardinality = 0..1, target = null, bind = setBulletService, unbind = removeBulletService]
	Details:
	Problematic reference = Reference[name = IPostEntityProcessingService, interface = dk.sdu.mmmi.cbse.common.services.IEntityProcessingService, policy = dynamic, cardinality = 0..1, target = null, bind = setBulletService, unbind = removeBulletService]
	of service component = dk.sdu.mmmi.cbse.osgiasteroids
	component implementation class = dk.sdu.mmmi.cbse.osgienemy.EnemyProcessor
	located in bundle with symbolic name = dk.sdu.mmmi.cbse.OSGiEnemy
	bundle location = file:C:\Users\Rasmus BG\Documents\GitHub\SB4-KOM-F18-master\Uge 11\AsteroidsOSGi\updatefolder\OSGiEnemy-1.0-SNAPSHOT.jar
!STACK 0
java.lang.IllegalArgumentException: argument type mismatch
	at sun.reflect.NativeMethodAccessorImpl.invoke0(Native Method)
	at sun.reflect.NativeMethodAccessorImpl.invoke(NativeMethodAccessorImpl.java:62)
	at sun.reflect.DelegatingMethodAccessorImpl.invoke(DelegatingMethodAccessorImpl.java:43)
	at java.lang.reflect.Method.invoke(Method.java:498)
	at org.eclipse.equinox.internal.ds.model.ComponentReference.bind(ComponentReference.java:376)
	at org.eclipse.equinox.internal.ds.model.ServiceComponentProp.bindReference(ServiceComponentProp.java:430)
	at org.eclipse.equinox.internal.ds.InstanceProcess.dynamicBind(InstanceProcess.java:416)
	at org.eclipse.equinox.internal.ds.Resolver.getEligible(Resolver.java:334)
	at org.eclipse.equinox.internal.ds.SCRManager.serviceChanged(SCRManager.java:222)
	at org.eclipse.osgi.internal.serviceregistry.FilteredServiceListener.serviceChanged(FilteredServiceListener.java:107)
	at org.eclipse.osgi.framework.internal.core.BundleContextImpl.dispatchEvent(BundleContextImpl.java:861)
	at org.eclipse.osgi.framework.eventmgr.EventManager.dispatchEvent(EventManager.java:230)
	at org.eclipse.osgi.framework.eventmgr.ListenerQueue.dispatchEventSynchronous(ListenerQueue.java:148)
	at org.eclipse.osgi.internal.serviceregistry.ServiceRegistry.publishServiceEventPrivileged(ServiceRegistry.java:819)
	at org.eclipse.osgi.internal.serviceregistry.ServiceRegistry.publishServiceEvent(ServiceRegistry.java:771)
	at org.eclipse.osgi.internal.serviceregistry.ServiceRegistrationImpl.register(ServiceRegistrationImpl.java:130)
	at org.eclipse.osgi.internal.serviceregistry.ServiceRegistry.registerService(ServiceRegistry.java:214)
	at org.eclipse.osgi.framework.internal.core.BundleContextImpl.registerService(BundleContextImpl.java:433)
	at org.eclipse.equinox.internal.ds.InstanceProcess.registerService(InstanceProcess.java:536)
	at org.eclipse.equinox.internal.ds.InstanceProcess.buildComponents(InstanceProcess.java:260)
	at org.eclipse.equinox.internal.ds.Resolver.buildNewlySatisfied(Resolver.java:473)
	at org.eclipse.equinox.internal.ds.Resolver.enableComponents(Resolver.java:217)
	at org.eclipse.equinox.internal.ds.SCRManager.performWork(SCRManager.java:816)
	at org.eclipse.equinox.internal.ds.SCRManager$QueuedJob.dispatch(SCRManager.java:783)
	at org.eclipse.equinox.internal.ds.WorkThread.run(WorkThread.java:89)
	at org.eclipse.equinox.internal.util.impl.tpt.threadpool.Executor.run(Executor.java:70)

!ENTRY dk.sdu.mmmi.cbse.OSGiEnemy 4 0 2018-04-15 22:50:00.335
!MESSAGE [SCR] Error while trying to bind reference Reference[name = IPostEntityProcessingService, interface = dk.sdu.mmmi.cbse.common.services.IEntityProcessingService, policy = dynamic, cardinality = 0..1, target = null, bind = setBulletService, unbind = removeBulletService]
	Details:
	Problematic reference = Reference[name = IPostEntityProcessingService, interface = dk.sdu.mmmi.cbse.common.services.IEntityProcessingService, policy = dynamic, cardinality = 0..1, target = null, bind = setBulletService, unbind = removeBulletService]
	of service component = dk.sdu.mmmi.cbse.osgiasteroids
	component implementation class = dk.sdu.mmmi.cbse.osgienemy.EnemyProcessor
	located in bundle with symbolic name = dk.sdu.mmmi.cbse.OSGiEnemy
	bundle location = file:C:\Users\Rasmus BG\Documents\GitHub\SB4-KOM-F18-master\Uge 11\AsteroidsOSGi\updatefolder\OSGiEnemy-1.0-SNAPSHOT.jar
!STACK 0
java.lang.IllegalArgumentException: argument type mismatch
	at sun.reflect.NativeMethodAccessorImpl.invoke0(Native Method)
	at sun.reflect.NativeMethodAccessorImpl.invoke(NativeMethodAccessorImpl.java:62)
	at sun.reflect.DelegatingMethodAccessorImpl.invoke(DelegatingMethodAccessorImpl.java:43)
	at java.lang.reflect.Method.invoke(Method.java:498)
	at org.eclipse.equinox.internal.ds.model.ComponentReference.bind(ComponentReference.java:376)
	at org.eclipse.equinox.internal.ds.model.ServiceComponentProp.bindReference(ServiceComponentProp.java:430)
	at org.eclipse.equinox.internal.ds.InstanceProcess.dynamicBind(InstanceProcess.java:416)
	at org.eclipse.equinox.internal.ds.Resolver.getEligible(Resolver.java:334)
	at org.eclipse.equinox.internal.ds.SCRManager.serviceChanged(SCRManager.java:222)
	at org.eclipse.osgi.internal.serviceregistry.FilteredServiceListener.serviceChanged(FilteredServiceListener.java:107)
	at org.eclipse.osgi.framework.internal.core.BundleContextImpl.dispatchEvent(BundleContextImpl.java:861)
	at org.eclipse.osgi.framework.eventmgr.EventManager.dispatchEvent(EventManager.java:230)
	at org.eclipse.osgi.framework.eventmgr.ListenerQueue.dispatchEventSynchronous(ListenerQueue.java:148)
	at org.eclipse.osgi.internal.serviceregistry.ServiceRegistry.publishServiceEventPrivileged(ServiceRegistry.java:819)
	at org.eclipse.osgi.internal.serviceregistry.ServiceRegistry.publishServiceEvent(ServiceRegistry.java:771)
	at org.eclipse.osgi.internal.serviceregistry.ServiceRegistrationImpl.register(ServiceRegistrationImpl.java:130)
	at org.eclipse.osgi.internal.serviceregistry.ServiceRegistry.registerService(ServiceRegistry.java:214)
	at org.eclipse.osgi.framework.internal.core.BundleContextImpl.registerService(BundleContextImpl.java:433)
	at org.eclipse.equinox.internal.ds.InstanceProcess.registerService(InstanceProcess.java:536)
	at org.eclipse.equinox.internal.ds.InstanceProcess.buildComponents(InstanceProcess.java:260)
	at org.eclipse.equinox.internal.ds.Resolver.buildNewlySatisfied(Resolver.java:473)
	at org.eclipse.equinox.internal.ds.Resolver.enableComponents(Resolver.java:217)
	at org.eclipse.equinox.internal.ds.SCRManager.performWork(SCRManager.java:816)
	at org.eclipse.equinox.internal.ds.SCRManager$QueuedJob.dispatch(SCRManager.java:783)
	at org.eclipse.equinox.internal.ds.WorkThread.run(WorkThread.java:89)
	at org.eclipse.equinox.internal.util.impl.tpt.threadpool.Executor.run(Executor.java:70)

!ENTRY dk.sdu.mmmi.cbse.OSGiPlayer 2 0 2018-04-15 22:50:00.369
!MESSAGE [SCR] Found components with duplicated names! Details: 
Component1 : Component[
	name = dk.sdu.mmmi.cbse.osgiasteroids
	activate = activate
	deactivate = deactivate
	modified = 
	configuration-policy = optional
	factory = null
	autoenable = true
	immediate = false
	implementation = dk.sdu.mmmi.cbse.player.PlayerControlSystem
	state = Unsatisfied
	properties = 
	serviceFactory = false
	serviceInterface = [dk.sdu.mmmi.cbse.common.services.IEntityProcessingService]
	references = {
		Reference[name = IPostEntityProcessingService, interface = dk.sdu.mmmi.cbse.common.services.IEntityProcessingService, policy = dynamic, cardinality = 0..1, target = null, bind = setBulletService, unbind = removeBulletService]
	}
	located in bundle = dk.sdu.mmmi.cbse.OSGiPlayer_1.0.0.SNAPSHOT [32]
]
Component2: Component[
	name = dk.sdu.mmmi.cbse.osgiasteroids
	activate = activate
	deactivate = deactivate
	modified = 
	configuration-policy = optional
	factory = null
	autoenable = true
	immediate = false
	implementation = dk.sdu.mmmi.cbse.osgiasteroids.AsteroidProcessor
	state = Unsatisfied
	properties = 
	serviceFactory = false
	serviceInterface = [dk.sdu.mmmi.cbse.common.services.IEntityProcessingService]
	references = {
		Reference[name = IAsteroidSplitter, interface = dk.sdu.mmmi.cbse.common.asteroids.IAsteroidSplitter, policy = dynamic, cardinality = 1..1, target = null, bind = setAsteroidSplitter, unbind = removeAsteroidSplitter]
	}
	located in bundle = dk.sdu.mmmi.cbse.OSGiAsteroids_1.0.0.SNAPSHOT [30]
]  

!ENTRY dk.sdu.mmmi.cbse.OSGiPlayer 2 0 2018-04-15 22:50:00.387
!MESSAGE [SCR] Found components with duplicated names! Details: 
Component1 : Component[
	name = dk.sdu.mmmi.cbse.osgiasteroids
	activate = activate
	deactivate = deactivate
	modified = 
	configuration-policy = optional
	factory = null
	autoenable = true
	immediate = false
	implementation = dk.sdu.mmmi.cbse.player.PlayerControlSystem
	state = Unsatisfied
	properties = 
	serviceFactory = false
	serviceInterface = [dk.sdu.mmmi.cbse.common.services.IEntityProcessingService]
	references = {
		Reference[name = IPostEntityProcessingService, interface = dk.sdu.mmmi.cbse.common.services.IEntityProcessingService, policy = dynamic, cardinality = 0..1, target = null, bind = setBulletService, unbind = removeBulletService]
	}
	located in bundle = dk.sdu.mmmi.cbse.OSGiPlayer_1.0.0.SNAPSHOT [32]
]
Component2: Component[
	name = dk.sdu.mmmi.cbse.osgiasteroids
	activate = activate
	deactivate = deactivate
	modified = 
	configuration-policy = optional
	factory = null
	autoenable = true
	immediate = false
	implementation = dk.sdu.mmmi.cbse.osgienemy.EnemyProcessor
	state = Unsatisfied
	properties = 
	serviceFactory = false
	serviceInterface = [dk.sdu.mmmi.cbse.common.services.IEntityProcessingService]
	references = {
		Reference[name = IPostEntityProcessingService, interface = dk.sdu.mmmi.cbse.common.services.IEntityProcessingService, policy = dynamic, cardinality = 0..1, target = null, bind = setBulletService, unbind = removeBulletService]
	}
	located in bundle = dk.sdu.mmmi.cbse.OSGiEnemy_1.0.0.SNAPSHOT [31]
]  

!ENTRY dk.sdu.mmmi.cbse.OSGiPlayer 2 0 2018-04-15 22:50:00.403
!MESSAGE [SCR] Found components with duplicated names! Details: 
Component1 : Component[
	name = dk.sdu.mmmi.cbse.osgiasteroids.AsteroidPlugin
	activate = activate
	deactivate = deactivate
	modified = 
	configuration-policy = optional
	factory = null
	autoenable = true
	immediate = false
	implementation = dk.sdu.mmmi.cbse.player.PlayerPlugin
	state = Unsatisfied
	properties = 
	serviceFactory = false
	serviceInterface = [dk.sdu.mmmi.cbse.common.services.IGamePluginService]
	references = null
	located in bundle = dk.sdu.mmmi.cbse.OSGiPlayer_1.0.0.SNAPSHOT [32]
]
Component2: Component[
	name = dk.sdu.mmmi.cbse.osgiasteroids.AsteroidPlugin
	activate = activate
	deactivate = deactivate
	modified = 
	configuration-policy = optional
	factory = null
	autoenable = true
	immediate = false
	implementation = dk.sdu.mmmi.cbse.osgiasteroids.AsteroidPlugin
	state = Unsatisfied
	properties = 
	serviceFactory = false
	serviceInterface = [dk.sdu.mmmi.cbse.common.services.IGamePluginService]
	references = null
	located in bundle = dk.sdu.mmmi.cbse.OSGiAsteroids_1.0.0.SNAPSHOT [30]
]  

!ENTRY dk.sdu.mmmi.cbse.OSGiPlayer 2 0 2018-04-15 22:50:00.427
!MESSAGE [SCR] Found components with duplicated names! Details: 
Component1 : Component[
	name = dk.sdu.mmmi.cbse.osgiasteroids.AsteroidPlugin
	activate = activate
	deactivate = deactivate
	modified = 
	configuration-policy = optional
	factory = null
	autoenable = true
	immediate = false
	implementation = dk.sdu.mmmi.cbse.player.PlayerPlugin
	state = Unsatisfied
	properties = 
	serviceFactory = false
	serviceInterface = [dk.sdu.mmmi.cbse.common.services.IGamePluginService]
	references = null
	located in bundle = dk.sdu.mmmi.cbse.OSGiPlayer_1.0.0.SNAPSHOT [32]
]
Component2: Component[
	name = dk.sdu.mmmi.cbse.osgiasteroids.AsteroidPlugin
	activate = activate
	deactivate = deactivate
	modified = 
	configuration-policy = optional
	factory = null
	autoenable = true
	immediate = false
	implementation = dk.sdu.mmmi.cbse.osgienemy.EnemyPlugin
	state = Unsatisfied
	properties = 
	serviceFactory = false
	serviceInterface = [dk.sdu.mmmi.cbse.common.services.IGamePluginService]
	references = null
	located in bundle = dk.sdu.mmmi.cbse.OSGiEnemy_1.0.0.SNAPSHOT [31]
]  

!ENTRY dk.sdu.mmmi.cbse.OSGiPlayer 2 0 2018-04-15 22:50:00.460
!MESSAGE [SCR] ComponentReference.bind(): service reference {dk.sdu.mmmi.cbse.common.services.IEntityProcessingService}={service.id=34} is already bound to instance org.eclipse.equinox.internal.ds.impl.ComponentInstanceImpl@e51e02e  
	Details:
	Problematic reference = Reference[name = IPostEntityProcessingService, interface = dk.sdu.mmmi.cbse.common.services.IEntityProcessingService, policy = dynamic, cardinality = 0..1, target = null, bind = setBulletService, unbind = removeBulletService]
	of service component = dk.sdu.mmmi.cbse.osgiasteroids
	component implementation class = dk.sdu.mmmi.cbse.player.PlayerControlSystem
	located in bundle with symbolic name = dk.sdu.mmmi.cbse.OSGiPlayer
	bundle location = file:C:\Users\Rasmus BG\Documents\GitHub\SB4-KOM-F18-master\Uge 11\AsteroidsOSGi\updatefolder\OSGiPlayer-1.0-SNAPSHOT.jar

!ENTRY dk.sdu.mmmi.cbse.OSGiPlayer 4 0 2018-04-15 22:50:00.471
!MESSAGE [SCR] Error while trying to bind reference Reference[name = IPostEntityProcessingService, interface = dk.sdu.mmmi.cbse.common.services.IEntityProcessingService, policy = dynamic, cardinality = 0..1, target = null, bind = setBulletService, unbind = removeBulletService]
	Details:
	Problematic reference = Reference[name = IPostEntityProcessingService, interface = dk.sdu.mmmi.cbse.common.services.IEntityProcessingService, policy = dynamic, cardinality = 0..1, target = null, bind = setBulletService, unbind = removeBulletService]
	of service component = dk.sdu.mmmi.cbse.osgiasteroids
	component implementation class = dk.sdu.mmmi.cbse.player.PlayerControlSystem
	located in bundle with symbolic name = dk.sdu.mmmi.cbse.OSGiPlayer
	bundle location = file:C:\Users\Rasmus BG\Documents\GitHub\SB4-KOM-F18-master\Uge 11\AsteroidsOSGi\updatefolder\OSGiPlayer-1.0-SNAPSHOT.jar
!STACK 0
java.lang.IllegalArgumentException: argument type mismatch
	at sun.reflect.NativeMethodAccessorImpl.invoke0(Native Method)
	at sun.reflect.NativeMethodAccessorImpl.invoke(NativeMethodAccessorImpl.java:62)
	at sun.reflect.DelegatingMethodAccessorImpl.invoke(DelegatingMethodAccessorImpl.java:43)
	at java.lang.reflect.Method.invoke(Method.java:498)
	at org.eclipse.equinox.internal.ds.model.ComponentReference.bind(ComponentReference.java:376)
	at org.eclipse.equinox.internal.ds.model.ServiceComponentProp.bindReference(ServiceComponentProp.java:430)
	at org.eclipse.equinox.internal.ds.InstanceProcess.dynamicBind(InstanceProcess.java:416)
	at org.eclipse.equinox.internal.ds.Resolver.getEligible(Resolver.java:334)
	at org.eclipse.equinox.internal.ds.SCRManager.serviceChanged(SCRManager.java:222)
	at org.eclipse.osgi.internal.serviceregistry.FilteredServiceListener.serviceChanged(FilteredServiceListener.java:107)
	at org.eclipse.osgi.framework.internal.core.BundleContextImpl.dispatchEvent(BundleContextImpl.java:861)
	at org.eclipse.osgi.framework.eventmgr.EventManager.dispatchEvent(EventManager.java:230)
	at org.eclipse.osgi.framework.eventmgr.ListenerQueue.dispatchEventSynchronous(ListenerQueue.java:148)
	at org.eclipse.osgi.internal.serviceregistry.ServiceRegistry.publishServiceEventPrivileged(ServiceRegistry.java:819)
	at org.eclipse.osgi.internal.serviceregistry.ServiceRegistry.publishServiceEvent(ServiceRegistry.java:771)
	at org.eclipse.osgi.internal.serviceregistry.ServiceRegistrationImpl.register(ServiceRegistrationImpl.java:130)
	at org.eclipse.osgi.internal.serviceregistry.ServiceRegistry.registerService(ServiceRegistry.java:214)
	at org.eclipse.osgi.framework.internal.core.BundleContextImpl.registerService(BundleContextImpl.java:433)
	at org.eclipse.equinox.internal.ds.InstanceProcess.registerService(InstanceProcess.java:536)
	at org.eclipse.equinox.internal.ds.InstanceProcess.buildComponents(InstanceProcess.java:260)
	at org.eclipse.equinox.internal.ds.Resolver.buildNewlySatisfied(Resolver.java:473)
	at org.eclipse.equinox.internal.ds.Resolver.enableComponents(Resolver.java:217)
	at org.eclipse.equinox.internal.ds.SCRManager.performWork(SCRManager.java:816)
	at org.eclipse.equinox.internal.ds.SCRManager$QueuedJob.dispatch(SCRManager.java:783)
	at org.eclipse.equinox.internal.ds.WorkThread.run(WorkThread.java:89)
	at org.eclipse.equinox.internal.util.impl.tpt.threadpool.Executor.run(Executor.java:70)

!ENTRY dk.sdu.mmmi.cbse.OSGiPlayer 4 0 2018-04-15 22:50:00.485
!MESSAGE [SCR] Error while trying to bind reference Reference[name = IPostEntityProcessingService, interface = dk.sdu.mmmi.cbse.common.services.IEntityProcessingService, policy = dynamic, cardinality = 0..1, target = null, bind = setBulletService, unbind = removeBulletService]
	Details:
	Problematic reference = Reference[name = IPostEntityProcessingService, interface = dk.sdu.mmmi.cbse.common.services.IEntityProcessingService, policy = dynamic, cardinality = 0..1, target = null, bind = setBulletService, unbind = removeBulletService]
	of service component = dk.sdu.mmmi.cbse.osgiasteroids
	component implementation class = dk.sdu.mmmi.cbse.player.PlayerControlSystem
	located in bundle with symbolic name = dk.sdu.mmmi.cbse.OSGiPlayer
	bundle location = file:C:\Users\Rasmus BG\Documents\GitHub\SB4-KOM-F18-master\Uge 11\AsteroidsOSGi\updatefolder\OSGiPlayer-1.0-SNAPSHOT.jar
!STACK 0
java.lang.IllegalArgumentException: argument type mismatch
	at sun.reflect.NativeMethodAccessorImpl.invoke0(Native Method)
	at sun.reflect.NativeMethodAccessorImpl.invoke(NativeMethodAccessorImpl.java:62)
	at sun.reflect.DelegatingMethodAccessorImpl.invoke(DelegatingMethodAccessorImpl.java:43)
	at java.lang.reflect.Method.invoke(Method.java:498)
	at org.eclipse.equinox.internal.ds.model.ComponentReference.bind(ComponentReference.java:376)
	at org.eclipse.equinox.internal.ds.model.ServiceComponentProp.bindReference(ServiceComponentProp.java:430)
	at org.eclipse.equinox.internal.ds.InstanceProcess.dynamicBind(InstanceProcess.java:416)
	at org.eclipse.equinox.internal.ds.Resolver.getEligible(Resolver.java:334)
	at org.eclipse.equinox.internal.ds.SCRManager.serviceChanged(SCRManager.java:222)
	at org.eclipse.osgi.internal.serviceregistry.FilteredServiceListener.serviceChanged(FilteredServiceListener.java:107)
	at org.eclipse.osgi.framework.internal.core.BundleContextImpl.dispatchEvent(BundleContextImpl.java:861)
	at org.eclipse.osgi.framework.eventmgr.EventManager.dispatchEvent(EventManager.java:230)
	at org.eclipse.osgi.framework.eventmgr.ListenerQueue.dispatchEventSynchronous(ListenerQueue.java:148)
	at org.eclipse.osgi.internal.serviceregistry.ServiceRegistry.publishServiceEventPrivileged(ServiceRegistry.java:819)
	at org.eclipse.osgi.internal.serviceregistry.ServiceRegistry.publishServiceEvent(ServiceRegistry.java:771)
	at org.eclipse.osgi.internal.serviceregistry.ServiceRegistrationImpl.register(ServiceRegistrationImpl.java:130)
	at org.eclipse.osgi.internal.serviceregistry.ServiceRegistry.registerService(ServiceRegistry.java:214)
	at org.eclipse.osgi.framework.internal.core.BundleContextImpl.registerService(BundleContextImpl.java:433)
	at org.eclipse.equinox.internal.ds.InstanceProcess.registerService(InstanceProcess.java:536)
	at org.eclipse.equinox.internal.ds.InstanceProcess.buildComponents(InstanceProcess.java:260)
	at org.eclipse.equinox.internal.ds.Resolver.buildNewlySatisfied(Resolver.java:473)
	at org.eclipse.equinox.internal.ds.Resolver.enableComponents(Resolver.java:217)
	at org.eclipse.equinox.internal.ds.SCRManager.performWork(SCRManager.java:816)
	at org.eclipse.equinox.internal.ds.SCRManager$QueuedJob.dispatch(SCRManager.java:783)
	at org.eclipse.equinox.internal.ds.WorkThread.run(WorkThread.java:89)
	at org.eclipse.equinox.internal.util.impl.tpt.threadpool.Executor.run(Executor.java:70)

!ENTRY dk.sdu.mmmi.cbse.OSGiPlayer 4 0 2018-04-15 22:50:00.497
!MESSAGE [SCR] Error while trying to bind reference Reference[name = IPostEntityProcessingService, interface = dk.sdu.mmmi.cbse.common.services.IEntityProcessingService, policy = dynamic, cardinality = 0..1, target = null, bind = setBulletService, unbind = removeBulletService]
	Details:
	Problematic reference = Reference[name = IPostEntityProcessingService, interface = dk.sdu.mmmi.cbse.common.services.IEntityProcessingService, policy = dynamic, cardinality = 0..1, target = null, bind = setBulletService, unbind = removeBulletService]
	of service component = dk.sdu.mmmi.cbse.osgiasteroids
	component implementation class = dk.sdu.mmmi.cbse.player.PlayerControlSystem
	located in bundle with symbolic name = dk.sdu.mmmi.cbse.OSGiPlayer
	bundle location = file:C:\Users\Rasmus BG\Documents\GitHub\SB4-KOM-F18-master\Uge 11\AsteroidsOSGi\updatefolder\OSGiPlayer-1.0-SNAPSHOT.jar
!STACK 0
java.lang.IllegalArgumentException: argument type mismatch
	at sun.reflect.NativeMethodAccessorImpl.invoke0(Native Method)
	at sun.reflect.NativeMethodAccessorImpl.invoke(NativeMethodAccessorImpl.java:62)
	at sun.reflect.DelegatingMethodAccessorImpl.invoke(DelegatingMethodAccessorImpl.java:43)
	at java.lang.reflect.Method.invoke(Method.java:498)
	at org.eclipse.equinox.internal.ds.model.ComponentReference.bind(ComponentReference.java:376)
	at org.eclipse.equinox.internal.ds.model.ServiceComponentProp.bindReference(ServiceComponentProp.java:430)
	at org.eclipse.equinox.internal.ds.InstanceProcess.dynamicBind(InstanceProcess.java:416)
	at org.eclipse.equinox.internal.ds.Resolver.getEligible(Resolver.java:334)
	at org.eclipse.equinox.internal.ds.SCRManager.serviceChanged(SCRManager.java:222)
	at org.eclipse.osgi.internal.serviceregistry.FilteredServiceListener.serviceChanged(FilteredServiceListener.java:107)
	at org.eclipse.osgi.framework.internal.core.BundleContextImpl.dispatchEvent(BundleContextImpl.java:861)
	at org.eclipse.osgi.framework.eventmgr.EventManager.dispatchEvent(EventManager.java:230)
	at org.eclipse.osgi.framework.eventmgr.ListenerQueue.dispatchEventSynchronous(ListenerQueue.java:148)
	at org.eclipse.osgi.internal.serviceregistry.ServiceRegistry.publishServiceEventPrivileged(ServiceRegistry.java:819)
	at org.eclipse.osgi.internal.serviceregistry.ServiceRegistry.publishServiceEvent(ServiceRegistry.java:771)
	at org.eclipse.osgi.internal.serviceregistry.ServiceRegistrationImpl.register(ServiceRegistrationImpl.java:130)
	at org.eclipse.osgi.internal.serviceregistry.ServiceRegistry.registerService(ServiceRegistry.java:214)
	at org.eclipse.osgi.framework.internal.core.BundleContextImpl.registerService(BundleContextImpl.java:433)
	at org.eclipse.equinox.internal.ds.InstanceProcess.registerService(InstanceProcess.java:536)
	at org.eclipse.equinox.internal.ds.InstanceProcess.buildComponents(InstanceProcess.java:260)
	at org.eclipse.equinox.internal.ds.Resolver.buildNewlySatisfied(Resolver.java:473)
	at org.eclipse.equinox.internal.ds.Resolver.enableComponents(Resolver.java:217)
	at org.eclipse.equinox.internal.ds.SCRManager.performWork(SCRManager.java:816)
	at org.eclipse.equinox.internal.ds.SCRManager$QueuedJob.dispatch(SCRManager.java:783)
	at org.eclipse.equinox.internal.ds.WorkThread.run(WorkThread.java:89)
	at org.eclipse.equinox.internal.util.impl.tpt.threadpool.Executor.run(Executor.java:70)

!ENTRY dk.sdu.mmmi.cbse.OSGiPlayer 4 0 2018-04-15 22:50:00.500
!MESSAGE [SCR] Error while trying to bind reference Reference[name = IPostEntityProcessingService, interface = dk.sdu.mmmi.cbse.common.services.IEntityProcessingService, policy = dynamic, cardinality = 0..1, target = null, bind = setBulletService, unbind = removeBulletService]
	Details:
	Problematic reference = Reference[name = IPostEntityProcessingService, interface = dk.sdu.mmmi.cbse.common.services.IEntityProcessingService, policy = dynamic, cardinality = 0..1, target = null, bind = setBulletService, unbind = removeBulletService]
	of service component = dk.sdu.mmmi.cbse.osgiasteroids
	component implementation class = dk.sdu.mmmi.cbse.player.PlayerControlSystem
	located in bundle with symbolic name = dk.sdu.mmmi.cbse.OSGiPlayer
	bundle location = file:C:\Users\Rasmus BG\Documents\GitHub\SB4-KOM-F18-master\Uge 11\AsteroidsOSGi\updatefolder\OSGiPlayer-1.0-SNAPSHOT.jar
!STACK 0
java.lang.IllegalArgumentException: argument type mismatch
	at sun.reflect.NativeMethodAccessorImpl.invoke0(Native Method)
	at sun.reflect.NativeMethodAccessorImpl.invoke(NativeMethodAccessorImpl.java:62)
	at sun.reflect.DelegatingMethodAccessorImpl.invoke(DelegatingMethodAccessorImpl.java:43)
	at java.lang.reflect.Method.invoke(Method.java:498)
	at org.eclipse.equinox.internal.ds.model.ComponentReference.bind(ComponentReference.java:376)
	at org.eclipse.equinox.internal.ds.model.ServiceComponentProp.bindReference(ServiceComponentProp.java:430)
	at org.eclipse.equinox.internal.ds.InstanceProcess.dynamicBind(InstanceProcess.java:416)
	at org.eclipse.equinox.internal.ds.Resolver.getEligible(Resolver.java:334)
	at org.eclipse.equinox.internal.ds.SCRManager.serviceChanged(SCRManager.java:222)
	at org.eclipse.osgi.internal.serviceregistry.FilteredServiceListener.serviceChanged(FilteredServiceListener.java:107)
	at org.eclipse.osgi.framework.internal.core.BundleContextImpl.dispatchEvent(BundleContextImpl.java:861)
	at org.eclipse.osgi.framework.eventmgr.EventManager.dispatchEvent(EventManager.java:230)
	at org.eclipse.osgi.framework.eventmgr.ListenerQueue.dispatchEventSynchronous(ListenerQueue.java:148)
	at org.eclipse.osgi.internal.serviceregistry.ServiceRegistry.publishServiceEventPrivileged(ServiceRegistry.java:819)
	at org.eclipse.osgi.internal.serviceregistry.ServiceRegistry.publishServiceEvent(ServiceRegistry.java:771)
	at org.eclipse.osgi.internal.serviceregistry.ServiceRegistrationImpl.register(ServiceRegistrationImpl.java:130)
	at org.eclipse.osgi.internal.serviceregistry.ServiceRegistry.registerService(ServiceRegistry.java:214)
	at org.eclipse.osgi.framework.internal.core.BundleContextImpl.registerService(BundleContextImpl.java:433)
	at org.eclipse.equinox.internal.ds.InstanceProcess.registerService(InstanceProcess.java:536)
	at org.eclipse.equinox.internal.ds.InstanceProcess.buildComponents(InstanceProcess.java:260)
	at org.eclipse.equinox.internal.ds.Resolver.buildNewlySatisfied(Resolver.java:473)
	at org.eclipse.equinox.internal.ds.Resolver.enableComponents(Resolver.java:217)
	at org.eclipse.equinox.internal.ds.SCRManager.performWork(SCRManager.java:816)
	at org.eclipse.equinox.internal.ds.SCRManager$QueuedJob.dispatch(SCRManager.java:783)
	at org.eclipse.equinox.internal.ds.WorkThread.run(WorkThread.java:89)
	at org.eclipse.equinox.internal.util.impl.tpt.threadpool.Executor.run(Executor.java:70)

!ENTRY dk.sdu.mmmi.cbse.OSGiPlayer 4 0 2018-04-15 22:50:00.508
!MESSAGE [SCR] Error while trying to bind reference Reference[name = IPostEntityProcessingService, interface = dk.sdu.mmmi.cbse.common.services.IEntityProcessingService, policy = dynamic, cardinality = 0..1, target = null, bind = setBulletService, unbind = removeBulletService]
	Details:
	Problematic reference = Reference[name = IPostEntityProcessingService, interface = dk.sdu.mmmi.cbse.common.services.IEntityProcessingService, policy = dynamic, cardinality = 0..1, target = null, bind = setBulletService, unbind = removeBulletService]
	of service component = dk.sdu.mmmi.cbse.osgiasteroids
	component implementation class = dk.sdu.mmmi.cbse.player.PlayerControlSystem
	located in bundle with symbolic name = dk.sdu.mmmi.cbse.OSGiPlayer
	bundle location = file:C:\Users\Rasmus BG\Documents\GitHub\SB4-KOM-F18-master\Uge 11\AsteroidsOSGi\updatefolder\OSGiPlayer-1.0-SNAPSHOT.jar
!STACK 0
java.lang.IllegalArgumentException: argument type mismatch
	at sun.reflect.NativeMethodAccessorImpl.invoke0(Native Method)
	at sun.reflect.NativeMethodAccessorImpl.invoke(NativeMethodAccessorImpl.java:62)
	at sun.reflect.DelegatingMethodAccessorImpl.invoke(DelegatingMethodAccessorImpl.java:43)
	at java.lang.reflect.Method.invoke(Method.java:498)
	at org.eclipse.equinox.internal.ds.model.ComponentReference.bind(ComponentReference.java:376)
	at org.eclipse.equinox.internal.ds.model.ServiceComponentProp.bindReference(ServiceComponentProp.java:430)
	at org.eclipse.equinox.internal.ds.InstanceProcess.dynamicBind(InstanceProcess.java:416)
	at org.eclipse.equinox.internal.ds.Resolver.getEligible(Resolver.java:334)
	at org.eclipse.equinox.internal.ds.SCRManager.serviceChanged(SCRManager.java:222)
	at org.eclipse.osgi.internal.serviceregistry.FilteredServiceListener.serviceChanged(FilteredServiceListener.java:107)
	at org.eclipse.osgi.framework.internal.core.BundleContextImpl.dispatchEvent(BundleContextImpl.java:861)
	at org.eclipse.osgi.framework.eventmgr.EventManager.dispatchEvent(EventManager.java:230)
	at org.eclipse.osgi.framework.eventmgr.ListenerQueue.dispatchEventSynchronous(ListenerQueue.java:148)
	at org.eclipse.osgi.internal.serviceregistry.ServiceRegistry.publishServiceEventPrivileged(ServiceRegistry.java:819)
	at org.eclipse.osgi.internal.serviceregistry.ServiceRegistry.publishServiceEvent(ServiceRegistry.java:771)
	at org.eclipse.osgi.internal.serviceregistry.ServiceRegistrationImpl.register(ServiceRegistrationImpl.java:130)
	at org.eclipse.osgi.internal.serviceregistry.ServiceRegistry.registerService(ServiceRegistry.java:214)
	at org.eclipse.osgi.framework.internal.core.BundleContextImpl.registerService(BundleContextImpl.java:433)
	at org.eclipse.equinox.internal.ds.InstanceProcess.registerService(InstanceProcess.java:536)
	at org.eclipse.equinox.internal.ds.InstanceProcess.buildComponents(InstanceProcess.java:260)
	at org.eclipse.equinox.internal.ds.Resolver.buildNewlySatisfied(Resolver.java:473)
	at org.eclipse.equinox.internal.ds.Resolver.enableComponents(Resolver.java:217)
	at org.eclipse.equinox.internal.ds.SCRManager.performWork(SCRManager.java:816)
	at org.eclipse.equinox.internal.ds.SCRManager$QueuedJob.dispatch(SCRManager.java:783)
	at org.eclipse.equinox.internal.ds.WorkThread.run(WorkThread.java:89)
	at org.eclipse.equinox.internal.util.impl.tpt.threadpool.Executor.run(Executor.java:70)

!ENTRY dk.sdu.mmmi.cbse.OSGiPlayer 4 0 2018-04-15 22:50:00.520
!MESSAGE [SCR] Error while trying to bind reference Reference[name = IPostEntityProcessingService, interface = dk.sdu.mmmi.cbse.common.services.IEntityProcessingService, policy = dynamic, cardinality = 0..1, target = null, bind = setBulletService, unbind = removeBulletService]
	Details:
	Problematic reference = Reference[name = IPostEntityProcessingService, interface = dk.sdu.mmmi.cbse.common.services.IEntityProcessingService, policy = dynamic, cardinality = 0..1, target = null, bind = setBulletService, unbind = removeBulletService]
	of service component = dk.sdu.mmmi.cbse.osgiasteroids
	component implementation class = dk.sdu.mmmi.cbse.player.PlayerControlSystem
	located in bundle with symbolic name = dk.sdu.mmmi.cbse.OSGiPlayer
	bundle location = file:C:\Users\Rasmus BG\Documents\GitHub\SB4-KOM-F18-master\Uge 11\AsteroidsOSGi\updatefolder\OSGiPlayer-1.0-SNAPSHOT.jar
!STACK 0
java.lang.IllegalArgumentException: argument type mismatch
	at sun.reflect.NativeMethodAccessorImpl.invoke0(Native Method)
	at sun.reflect.NativeMethodAccessorImpl.invoke(NativeMethodAccessorImpl.java:62)
	at sun.reflect.DelegatingMethodAccessorImpl.invoke(DelegatingMethodAccessorImpl.java:43)
	at java.lang.reflect.Method.invoke(Method.java:498)
	at org.eclipse.equinox.internal.ds.model.ComponentReference.bind(ComponentReference.java:376)
	at org.eclipse.equinox.internal.ds.model.ServiceComponentProp.bindReference(ServiceComponentProp.java:430)
	at org.eclipse.equinox.internal.ds.InstanceProcess.dynamicBind(InstanceProcess.java:416)
	at org.eclipse.equinox.internal.ds.Resolver.getEligible(Resolver.java:334)
	at org.eclipse.equinox.internal.ds.SCRManager.serviceChanged(SCRManager.java:222)
	at org.eclipse.osgi.internal.serviceregistry.FilteredServiceListener.serviceChanged(FilteredServiceListener.java:107)
	at org.eclipse.osgi.framework.internal.core.BundleContextImpl.dispatchEvent(BundleContextImpl.java:861)
	at org.eclipse.osgi.framework.eventmgr.EventManager.dispatchEvent(EventManager.java:230)
	at org.eclipse.osgi.framework.eventmgr.ListenerQueue.dispatchEventSynchronous(ListenerQueue.java:148)
	at org.eclipse.osgi.internal.serviceregistry.ServiceRegistry.publishServiceEventPrivileged(ServiceRegistry.java:819)
	at org.eclipse.osgi.internal.serviceregistry.ServiceRegistry.publishServiceEvent(ServiceRegistry.java:771)
	at org.eclipse.osgi.internal.serviceregistry.ServiceRegistrationImpl.register(ServiceRegistrationImpl.java:130)
	at org.eclipse.osgi.internal.serviceregistry.ServiceRegistry.registerService(ServiceRegistry.java:214)
	at org.eclipse.osgi.framework.internal.core.BundleContextImpl.registerService(BundleContextImpl.java:433)
	at org.eclipse.equinox.internal.ds.InstanceProcess.registerService(InstanceProcess.java:536)
	at org.eclipse.equinox.internal.ds.InstanceProcess.buildComponents(InstanceProcess.java:260)
	at org.eclipse.equinox.internal.ds.Resolver.buildNewlySatisfied(Resolver.java:473)
	at org.eclipse.equinox.internal.ds.Resolver.enableComponents(Resolver.java:217)
	at org.eclipse.equinox.internal.ds.SCRManager.performWork(SCRManager.java:816)
	at org.eclipse.equinox.internal.ds.SCRManager$QueuedJob.dispatch(SCRManager.java:783)
	at org.eclipse.equinox.internal.ds.WorkThread.run(WorkThread.java:89)
	at org.eclipse.equinox.internal.util.impl.tpt.threadpool.Executor.run(Executor.java:70)
