!SESSION 2018-04-13 11:29:20.218 -----------------------------------------------
eclipse.buildId=unknown
java.version=1.8.0_161
java.vendor=Oracle Corporation
BootLoader constants: OS=win32, ARCH=x86_64, WS=win32, NL=en_GB

!ENTRY org.eclipse.equinox.ds 1 0 2018-04-13 11:29:20.219
!MESSAGE Could not bind a reference of component dk.sdu.mmmi.cbse.Game. The reference is: Reference[name = IPostEntityProcessingService, interface = dk.sdu.mmmi.cbse.common.services.IPostEntityProcessingService, policy = dynamic, cardinality = 0..n, target = null, bind = addPostEntityProcessingService, unbind = removePostEntityProcessingService]

!ENTRY org.eclipse.equinox.ds 1 0 2018-04-13 11:29:20.221
!MESSAGE Could not bind a reference of component dk.sdu.mmmi.cbse.Game. The reference is: Reference[name = IEntityProcessingService, interface = dk.sdu.mmmi.cbse.common.services.IEntityProcessingService, policy = dynamic, cardinality = 0..n, target = null, bind = addEntityProcessingService, unbind = removeEntityProcessingService]

!ENTRY org.eclipse.equinox.ds 1 0 2018-04-13 11:29:20.241
!MESSAGE Could not bind a reference of component dk.sdu.mmmi.cbse.Game. The reference is: Reference[name = IGamePluginService, interface = dk.sdu.mmmi.cbse.common.services.IGamePluginService, policy = dynamic, cardinality = 0..n, target = null, bind = addGamePluginService, unbind = removeGamePluginService]

!ENTRY dk.sdu.mmmi.cbse.OSGiEnemy 2 0 2018-04-13 11:32:18.165
!MESSAGE [SCR] Found components with duplicated names! Details: 
Component1 : Component[
	name = dk.sdu.mmmi.cbse.osgiasteroids
	activate = activate
	deactivate = deactivate
	modified = 
	configuration-policy = optional
	factory = null
	autoenable = true
	immediate = false
	implementation = dk.sdu.mmmi.cbse.osgienemy.EnemyProcessor
	state = Unsatisfied
	properties = 
	serviceFactory = false
	serviceInterface = [dk.sdu.mmmi.cbse.common.services.IEntityProcessingService]
	references = {
		Reference[name = IPostEntityProcessingService, interface = dk.sdu.mmmi.cbse.common.services.IEntityProcessingService, policy = dynamic, cardinality = 0..1, target = null, bind = setBulletService, unbind = removeBulletService]
	}
	located in bundle = dk.sdu.mmmi.cbse.OSGiEnemy_1.0.0.SNAPSHOT [28]
]
Component2: Component[
	name = dk.sdu.mmmi.cbse.osgiasteroids
	activate = activate
	deactivate = deactivate
	modified = 
	configuration-policy = optional
	factory = null
	autoenable = true
	immediate = false
	implementation = dk.sdu.mmmi.cbse.osgiasteroids.AsteroidProcessor
	state = Unsatisfied
	properties = 
	serviceFactory = false
	serviceInterface = [dk.sdu.mmmi.cbse.common.services.IEntityProcessingService]
	references = {
		Reference[name = IAsteroidSplitter, interface = dk.sdu.mmmi.cbse.common.asteroids.IAsteroidSplitter, policy = dynamic, cardinality = 1..1, target = null, bind = setAsteroidSplitter, unbind = removeAsteroidSplitter]
	}
	located in bundle = dk.sdu.mmmi.cbse.OSGiAsteroids_1.0.0.SNAPSHOT [24]
]  

!ENTRY dk.sdu.mmmi.cbse.OSGiEnemy 2 0 2018-04-13 11:32:18.167
!MESSAGE [SCR] Found components with duplicated names! Details: 
Component1 : Component[
	name = dk.sdu.mmmi.cbse.osgiasteroids.AsteroidPlugin
	activate = activate
	deactivate = deactivate
	modified = 
	configuration-policy = optional
	factory = null
	autoenable = true
	immediate = false
	implementation = dk.sdu.mmmi.cbse.osgienemy.EnemyPlugin
	state = Unsatisfied
	properties = 
	serviceFactory = false
	serviceInterface = [dk.sdu.mmmi.cbse.common.services.IGamePluginService]
	references = null
	located in bundle = dk.sdu.mmmi.cbse.OSGiEnemy_1.0.0.SNAPSHOT [28]
]
Component2: Component[
	name = dk.sdu.mmmi.cbse.osgiasteroids.AsteroidPlugin
	activate = activate
	deactivate = deactivate
	modified = 
	configuration-policy = optional
	factory = null
	autoenable = true
	immediate = false
	implementation = dk.sdu.mmmi.cbse.osgiasteroids.AsteroidPlugin
	state = Unsatisfied
	properties = 
	serviceFactory = false
	serviceInterface = [dk.sdu.mmmi.cbse.common.services.IGamePluginService]
	references = null
	located in bundle = dk.sdu.mmmi.cbse.OSGiAsteroids_1.0.0.SNAPSHOT [24]
]  

!ENTRY dk.sdu.mmmi.cbse.OSGiEnemy 4 0 2018-04-13 11:32:18.176
!MESSAGE [SCR] Method was not found: setBulletService(...)
	Details:
	Problematic reference = Reference[name = IPostEntityProcessingService, interface = dk.sdu.mmmi.cbse.common.services.IEntityProcessingService, policy = dynamic, cardinality = 0..1, target = null, bind = setBulletService, unbind = removeBulletService]
	of service component = dk.sdu.mmmi.cbse.osgiasteroids
	component implementation class = dk.sdu.mmmi.cbse.osgienemy.EnemyProcessor
	located in bundle with symbolic name = dk.sdu.mmmi.cbse.OSGiEnemy
	bundle location = file:C:\Users\rasmu\Documents\GitHub\SB4-KOM-F18-master\Uge 11\AsteroidsOSGi\updatefolder\OSGiEnemy-1.0-SNAPSHOT.jar

!ENTRY dk.sdu.mmmi.cbse.OSGiEnemy 4 0 2018-04-13 11:32:18.177
!MESSAGE [SCR] Method was not found: setBulletService(...)
	Details:
	Problematic reference = Reference[name = IPostEntityProcessingService, interface = dk.sdu.mmmi.cbse.common.services.IEntityProcessingService, policy = dynamic, cardinality = 0..1, target = null, bind = setBulletService, unbind = removeBulletService]
	of service component = dk.sdu.mmmi.cbse.osgiasteroids
	component implementation class = dk.sdu.mmmi.cbse.osgienemy.EnemyProcessor
	located in bundle with symbolic name = dk.sdu.mmmi.cbse.OSGiEnemy
	bundle location = file:C:\Users\rasmu\Documents\GitHub\SB4-KOM-F18-master\Uge 11\AsteroidsOSGi\updatefolder\OSGiEnemy-1.0-SNAPSHOT.jar

!ENTRY dk.sdu.mmmi.cbse.OSGiEnemy 2 0 2018-04-13 11:32:18.178
!MESSAGE [SCR] ComponentReference.bind(): bind method 'setBulletService' is not found or it is not accessible!
	Details:
	Problematic reference = Reference[name = IPostEntityProcessingService, interface = dk.sdu.mmmi.cbse.common.services.IEntityProcessingService, policy = dynamic, cardinality = 0..1, target = null, bind = setBulletService, unbind = removeBulletService]
	of service component = dk.sdu.mmmi.cbse.osgiasteroids
	component implementation class = dk.sdu.mmmi.cbse.osgienemy.EnemyProcessor
	located in bundle with symbolic name = dk.sdu.mmmi.cbse.OSGiEnemy
	bundle location = file:C:\Users\rasmu\Documents\GitHub\SB4-KOM-F18-master\Uge 11\AsteroidsOSGi\updatefolder\OSGiEnemy-1.0-SNAPSHOT.jar

!ENTRY dk.sdu.mmmi.cbse.OSGiEnemy 4 0 2018-04-13 11:32:18.180
!MESSAGE [SCR] Error while trying to bind reference Reference[name = IPostEntityProcessingService, interface = dk.sdu.mmmi.cbse.common.services.IEntityProcessingService, policy = dynamic, cardinality = 0..1, target = null, bind = setBulletService, unbind = removeBulletService]
	Details:
	Problematic reference = Reference[name = IPostEntityProcessingService, interface = dk.sdu.mmmi.cbse.common.services.IEntityProcessingService, policy = dynamic, cardinality = 0..1, target = null, bind = setBulletService, unbind = removeBulletService]
	of service component = dk.sdu.mmmi.cbse.osgiasteroids
	component implementation class = dk.sdu.mmmi.cbse.osgienemy.EnemyProcessor
	located in bundle with symbolic name = dk.sdu.mmmi.cbse.OSGiEnemy
	bundle location = file:C:\Users\rasmu\Documents\GitHub\SB4-KOM-F18-master\Uge 11\AsteroidsOSGi\updatefolder\OSGiEnemy-1.0-SNAPSHOT.jar
!STACK 0
java.lang.IllegalArgumentException: argument type mismatch
	at sun.reflect.NativeMethodAccessorImpl.invoke0(Native Method)
	at sun.reflect.NativeMethodAccessorImpl.invoke(NativeMethodAccessorImpl.java:62)
	at sun.reflect.DelegatingMethodAccessorImpl.invoke(DelegatingMethodAccessorImpl.java:43)
	at java.lang.reflect.Method.invoke(Method.java:498)
	at org.eclipse.equinox.internal.ds.model.ComponentReference.bind(ComponentReference.java:376)
	at org.eclipse.equinox.internal.ds.model.ServiceComponentProp.bindReference(ServiceComponentProp.java:430)
	at org.eclipse.equinox.internal.ds.InstanceProcess.dynamicBind(InstanceProcess.java:416)
	at org.eclipse.equinox.internal.ds.Resolver.getEligible(Resolver.java:334)
	at org.eclipse.equinox.internal.ds.SCRManager.serviceChanged(SCRManager.java:222)
	at org.eclipse.osgi.internal.serviceregistry.FilteredServiceListener.serviceChanged(FilteredServiceListener.java:107)
	at org.eclipse.osgi.framework.internal.core.BundleContextImpl.dispatchEvent(BundleContextImpl.java:861)
	at org.eclipse.osgi.framework.eventmgr.EventManager.dispatchEvent(EventManager.java:230)
	at org.eclipse.osgi.framework.eventmgr.ListenerQueue.dispatchEventSynchronous(ListenerQueue.java:148)
	at org.eclipse.osgi.internal.serviceregistry.ServiceRegistry.publishServiceEventPrivileged(ServiceRegistry.java:819)
	at org.eclipse.osgi.internal.serviceregistry.ServiceRegistry.publishServiceEvent(ServiceRegistry.java:771)
	at org.eclipse.osgi.internal.serviceregistry.ServiceRegistrationImpl.register(ServiceRegistrationImpl.java:130)
	at org.eclipse.osgi.internal.serviceregistry.ServiceRegistry.registerService(ServiceRegistry.java:214)
	at org.eclipse.osgi.framework.internal.core.BundleContextImpl.registerService(BundleContextImpl.java:433)
	at org.eclipse.equinox.internal.ds.InstanceProcess.registerService(InstanceProcess.java:536)
	at org.eclipse.equinox.internal.ds.InstanceProcess.buildComponents(InstanceProcess.java:260)
	at org.eclipse.equinox.internal.ds.Resolver.buildNewlySatisfied(Resolver.java:473)
	at org.eclipse.equinox.internal.ds.Resolver.enableComponents(Resolver.java:217)
	at org.eclipse.equinox.internal.ds.SCRManager.performWork(SCRManager.java:816)
	at org.eclipse.equinox.internal.ds.SCRManager$QueuedJob.dispatch(SCRManager.java:783)
	at org.eclipse.equinox.internal.ds.WorkThread.run(WorkThread.java:89)
	at org.eclipse.equinox.internal.util.impl.tpt.threadpool.Executor.run(Executor.java:70)

!ENTRY dk.sdu.mmmi.cbse.OSGiEnemy 4 0 2018-04-13 11:32:18.182
!MESSAGE [SCR] Error while trying to bind reference Reference[name = IPostEntityProcessingService, interface = dk.sdu.mmmi.cbse.common.services.IEntityProcessingService, policy = dynamic, cardinality = 0..1, target = null, bind = setBulletService, unbind = removeBulletService]
	Details:
	Problematic reference = Reference[name = IPostEntityProcessingService, interface = dk.sdu.mmmi.cbse.common.services.IEntityProcessingService, policy = dynamic, cardinality = 0..1, target = null, bind = setBulletService, unbind = removeBulletService]
	of service component = dk.sdu.mmmi.cbse.osgiasteroids
	component implementation class = dk.sdu.mmmi.cbse.osgienemy.EnemyProcessor
	located in bundle with symbolic name = dk.sdu.mmmi.cbse.OSGiEnemy
	bundle location = file:C:\Users\rasmu\Documents\GitHub\SB4-KOM-F18-master\Uge 11\AsteroidsOSGi\updatefolder\OSGiEnemy-1.0-SNAPSHOT.jar
!STACK 0
java.lang.IllegalArgumentException: argument type mismatch
	at sun.reflect.NativeMethodAccessorImpl.invoke0(Native Method)
	at sun.reflect.NativeMethodAccessorImpl.invoke(NativeMethodAccessorImpl.java:62)
	at sun.reflect.DelegatingMethodAccessorImpl.invoke(DelegatingMethodAccessorImpl.java:43)
	at java.lang.reflect.Method.invoke(Method.java:498)
	at org.eclipse.equinox.internal.ds.model.ComponentReference.bind(ComponentReference.java:376)
	at org.eclipse.equinox.internal.ds.model.ServiceComponentProp.bindReference(ServiceComponentProp.java:430)
	at org.eclipse.equinox.internal.ds.InstanceProcess.dynamicBind(InstanceProcess.java:416)
	at org.eclipse.equinox.internal.ds.Resolver.getEligible(Resolver.java:334)
	at org.eclipse.equinox.internal.ds.SCRManager.serviceChanged(SCRManager.java:222)
	at org.eclipse.osgi.internal.serviceregistry.FilteredServiceListener.serviceChanged(FilteredServiceListener.java:107)
	at org.eclipse.osgi.framework.internal.core.BundleContextImpl.dispatchEvent(BundleContextImpl.java:861)
	at org.eclipse.osgi.framework.eventmgr.EventManager.dispatchEvent(EventManager.java:230)
	at org.eclipse.osgi.framework.eventmgr.ListenerQueue.dispatchEventSynchronous(ListenerQueue.java:148)
	at org.eclipse.osgi.internal.serviceregistry.ServiceRegistry.publishServiceEventPrivileged(ServiceRegistry.java:819)
	at org.eclipse.osgi.internal.serviceregistry.ServiceRegistry.publishServiceEvent(ServiceRegistry.java:771)
	at org.eclipse.osgi.internal.serviceregistry.ServiceRegistrationImpl.register(ServiceRegistrationImpl.java:130)
	at org.eclipse.osgi.internal.serviceregistry.ServiceRegistry.registerService(ServiceRegistry.java:214)
	at org.eclipse.osgi.framework.internal.core.BundleContextImpl.registerService(BundleContextImpl.java:433)
	at org.eclipse.equinox.internal.ds.InstanceProcess.registerService(InstanceProcess.java:536)
	at org.eclipse.equinox.internal.ds.InstanceProcess.buildComponents(InstanceProcess.java:260)
	at org.eclipse.equinox.internal.ds.Resolver.buildNewlySatisfied(Resolver.java:473)
	at org.eclipse.equinox.internal.ds.Resolver.enableComponents(Resolver.java:217)
	at org.eclipse.equinox.internal.ds.SCRManager.performWork(SCRManager.java:816)
	at org.eclipse.equinox.internal.ds.SCRManager$QueuedJob.dispatch(SCRManager.java:783)
	at org.eclipse.equinox.internal.ds.WorkThread.run(WorkThread.java:89)
	at org.eclipse.equinox.internal.util.impl.tpt.threadpool.Executor.run(Executor.java:70)

!ENTRY dk.sdu.mmmi.cbse.OSGiEnemy 2 0 2018-04-13 11:32:18.184
!MESSAGE [SCR] ComponentReference.bind(): service reference {dk.sdu.mmmi.cbse.common.services.IEntityProcessingService}={service.id=34} is already bound to instance org.eclipse.equinox.internal.ds.impl.ComponentInstanceImpl@3bfa5302  
	Details:
	Problematic reference = Reference[name = IPostEntityProcessingService, interface = dk.sdu.mmmi.cbse.common.services.IEntityProcessingService, policy = dynamic, cardinality = 0..1, target = null, bind = setBulletService, unbind = removeBulletService]
	of service component = dk.sdu.mmmi.cbse.osgiasteroids
	component implementation class = dk.sdu.mmmi.cbse.osgienemy.EnemyProcessor
	located in bundle with symbolic name = dk.sdu.mmmi.cbse.OSGiEnemy
	bundle location = file:C:\Users\rasmu\Documents\GitHub\SB4-KOM-F18-master\Uge 11\AsteroidsOSGi\updatefolder\OSGiEnemy-1.0-SNAPSHOT.jar

!ENTRY dk.sdu.mmmi.cbse.OSGiEnemy 4 0 2018-04-13 11:32:18.186
!MESSAGE [SCR] Error while trying to bind reference Reference[name = IPostEntityProcessingService, interface = dk.sdu.mmmi.cbse.common.services.IEntityProcessingService, policy = dynamic, cardinality = 0..1, target = null, bind = setBulletService, unbind = removeBulletService]
	Details:
	Problematic reference = Reference[name = IPostEntityProcessingService, interface = dk.sdu.mmmi.cbse.common.services.IEntityProcessingService, policy = dynamic, cardinality = 0..1, target = null, bind = setBulletService, unbind = removeBulletService]
	of service component = dk.sdu.mmmi.cbse.osgiasteroids
	component implementation class = dk.sdu.mmmi.cbse.osgienemy.EnemyProcessor
	located in bundle with symbolic name = dk.sdu.mmmi.cbse.OSGiEnemy
	bundle location = file:C:\Users\rasmu\Documents\GitHub\SB4-KOM-F18-master\Uge 11\AsteroidsOSGi\updatefolder\OSGiEnemy-1.0-SNAPSHOT.jar
!STACK 0
java.lang.IllegalArgumentException: argument type mismatch
	at sun.reflect.NativeMethodAccessorImpl.invoke0(Native Method)
	at sun.reflect.NativeMethodAccessorImpl.invoke(NativeMethodAccessorImpl.java:62)
	at sun.reflect.DelegatingMethodAccessorImpl.invoke(DelegatingMethodAccessorImpl.java:43)
	at java.lang.reflect.Method.invoke(Method.java:498)
	at org.eclipse.equinox.internal.ds.model.ComponentReference.bind(ComponentReference.java:376)
	at org.eclipse.equinox.internal.ds.model.ServiceComponentProp.bindReference(ServiceComponentProp.java:430)
	at org.eclipse.equinox.internal.ds.InstanceProcess.dynamicBind(InstanceProcess.java:416)
	at org.eclipse.equinox.internal.ds.Resolver.getEligible(Resolver.java:334)
	at org.eclipse.equinox.internal.ds.SCRManager.serviceChanged(SCRManager.java:222)
	at org.eclipse.osgi.internal.serviceregistry.FilteredServiceListener.serviceChanged(FilteredServiceListener.java:107)
	at org.eclipse.osgi.framework.internal.core.BundleContextImpl.dispatchEvent(BundleContextImpl.java:861)
	at org.eclipse.osgi.framework.eventmgr.EventManager.dispatchEvent(EventManager.java:230)
	at org.eclipse.osgi.framework.eventmgr.ListenerQueue.dispatchEventSynchronous(ListenerQueue.java:148)
	at org.eclipse.osgi.internal.serviceregistry.ServiceRegistry.publishServiceEventPrivileged(ServiceRegistry.java:819)
	at org.eclipse.osgi.internal.serviceregistry.ServiceRegistry.publishServiceEvent(ServiceRegistry.java:771)
	at org.eclipse.osgi.internal.serviceregistry.ServiceRegistrationImpl.register(ServiceRegistrationImpl.java:130)
	at org.eclipse.osgi.internal.serviceregistry.ServiceRegistry.registerService(ServiceRegistry.java:214)
	at org.eclipse.osgi.framework.internal.core.BundleContextImpl.registerService(BundleContextImpl.java:433)
	at org.eclipse.equinox.internal.ds.InstanceProcess.registerService(InstanceProcess.java:536)
	at org.eclipse.equinox.internal.ds.InstanceProcess.buildComponents(InstanceProcess.java:260)
	at org.eclipse.equinox.internal.ds.Resolver.buildNewlySatisfied(Resolver.java:473)
	at org.eclipse.equinox.internal.ds.Resolver.enableComponents(Resolver.java:217)
	at org.eclipse.equinox.internal.ds.SCRManager.performWork(SCRManager.java:816)
	at org.eclipse.equinox.internal.ds.SCRManager$QueuedJob.dispatch(SCRManager.java:783)
	at org.eclipse.equinox.internal.ds.WorkThread.run(WorkThread.java:89)
	at org.eclipse.equinox.internal.util.impl.tpt.threadpool.Executor.run(Executor.java:70)

!ENTRY dk.sdu.mmmi.cbse.OSGiEnemy 4 0 2018-04-13 11:32:18.187
!MESSAGE [SCR] Error while trying to bind reference Reference[name = IPostEntityProcessingService, interface = dk.sdu.mmmi.cbse.common.services.IEntityProcessingService, policy = dynamic, cardinality = 0..1, target = null, bind = setBulletService, unbind = removeBulletService]
	Details:
	Problematic reference = Reference[name = IPostEntityProcessingService, interface = dk.sdu.mmmi.cbse.common.services.IEntityProcessingService, policy = dynamic, cardinality = 0..1, target = null, bind = setBulletService, unbind = removeBulletService]
	of service component = dk.sdu.mmmi.cbse.osgiasteroids
	component implementation class = dk.sdu.mmmi.cbse.osgienemy.EnemyProcessor
	located in bundle with symbolic name = dk.sdu.mmmi.cbse.OSGiEnemy
	bundle location = file:C:\Users\rasmu\Documents\GitHub\SB4-KOM-F18-master\Uge 11\AsteroidsOSGi\updatefolder\OSGiEnemy-1.0-SNAPSHOT.jar
!STACK 0
java.lang.IllegalArgumentException: argument type mismatch
	at sun.reflect.NativeMethodAccessorImpl.invoke0(Native Method)
	at sun.reflect.NativeMethodAccessorImpl.invoke(NativeMethodAccessorImpl.java:62)
	at sun.reflect.DelegatingMethodAccessorImpl.invoke(DelegatingMethodAccessorImpl.java:43)
	at java.lang.reflect.Method.invoke(Method.java:498)
	at org.eclipse.equinox.internal.ds.model.ComponentReference.bind(ComponentReference.java:376)
	at org.eclipse.equinox.internal.ds.model.ServiceComponentProp.bindReference(ServiceComponentProp.java:430)
	at org.eclipse.equinox.internal.ds.InstanceProcess.dynamicBind(InstanceProcess.java:416)
	at org.eclipse.equinox.internal.ds.Resolver.getEligible(Resolver.java:334)
	at org.eclipse.equinox.internal.ds.SCRManager.serviceChanged(SCRManager.java:222)
	at org.eclipse.osgi.internal.serviceregistry.FilteredServiceListener.serviceChanged(FilteredServiceListener.java:107)
	at org.eclipse.osgi.framework.internal.core.BundleContextImpl.dispatchEvent(BundleContextImpl.java:861)
	at org.eclipse.osgi.framework.eventmgr.EventManager.dispatchEvent(EventManager.java:230)
	at org.eclipse.osgi.framework.eventmgr.ListenerQueue.dispatchEventSynchronous(ListenerQueue.java:148)
	at org.eclipse.osgi.internal.serviceregistry.ServiceRegistry.publishServiceEventPrivileged(ServiceRegistry.java:819)
	at org.eclipse.osgi.internal.serviceregistry.ServiceRegistry.publishServiceEvent(ServiceRegistry.java:771)
	at org.eclipse.osgi.internal.serviceregistry.ServiceRegistrationImpl.register(ServiceRegistrationImpl.java:130)
	at org.eclipse.osgi.internal.serviceregistry.ServiceRegistry.registerService(ServiceRegistry.java:214)
	at org.eclipse.osgi.framework.internal.core.BundleContextImpl.registerService(BundleContextImpl.java:433)
	at org.eclipse.equinox.internal.ds.InstanceProcess.registerService(InstanceProcess.java:536)
	at org.eclipse.equinox.internal.ds.InstanceProcess.buildComponents(InstanceProcess.java:260)
	at org.eclipse.equinox.internal.ds.Resolver.buildNewlySatisfied(Resolver.java:473)
	at org.eclipse.equinox.internal.ds.Resolver.enableComponents(Resolver.java:217)
	at org.eclipse.equinox.internal.ds.SCRManager.performWork(SCRManager.java:816)
	at org.eclipse.equinox.internal.ds.SCRManager$QueuedJob.dispatch(SCRManager.java:783)
	at org.eclipse.equinox.internal.ds.WorkThread.run(WorkThread.java:89)
	at org.eclipse.equinox.internal.util.impl.tpt.threadpool.Executor.run(Executor.java:70)

!ENTRY dk.sdu.mmmi.cbse.OSGiPlayer 2 0 2018-04-13 11:32:18.204
!MESSAGE [SCR] Found components with duplicated names! Details: 
Component1 : Component[
	name = dk.sdu.mmmi.cbse.osgiasteroids
	activate = activate
	deactivate = deactivate
	modified = 
	configuration-policy = optional
	factory = null
	autoenable = true
	immediate = false
	implementation = dk.sdu.mmmi.cbse.player.PlayerControlSystem
	state = Unsatisfied
	properties = 
	serviceFactory = false
	serviceInterface = [dk.sdu.mmmi.cbse.common.services.IEntityProcessingService]
	references = {
		Reference[name = IPostEntityProcessingService, interface = dk.sdu.mmmi.cbse.common.services.IEntityProcessingService, policy = dynamic, cardinality = 0..1, target = null, bind = setBulletService, unbind = removeBulletService]
	}
	located in bundle = dk.sdu.mmmi.cbse.OSGiPlayer_1.0.0.SNAPSHOT [29]
]
Component2: Component[
	name = dk.sdu.mmmi.cbse.osgiasteroids
	activate = activate
	deactivate = deactivate
	modified = 
	configuration-policy = optional
	factory = null
	autoenable = true
	immediate = false
	implementation = dk.sdu.mmmi.cbse.osgienemy.EnemyProcessor
	state = Unsatisfied
	properties = 
	serviceFactory = false
	serviceInterface = [dk.sdu.mmmi.cbse.common.services.IEntityProcessingService]
	references = {
		Reference[name = IPostEntityProcessingService, interface = dk.sdu.mmmi.cbse.common.services.IEntityProcessingService, policy = dynamic, cardinality = 0..1, target = null, bind = setBulletService, unbind = removeBulletService]
	}
	located in bundle = dk.sdu.mmmi.cbse.OSGiEnemy_1.0.0.SNAPSHOT [28]
]  

!ENTRY dk.sdu.mmmi.cbse.OSGiPlayer 2 0 2018-04-13 11:32:18.207
!MESSAGE [SCR] Found components with duplicated names! Details: 
Component1 : Component[
	name = dk.sdu.mmmi.cbse.osgiasteroids
	activate = activate
	deactivate = deactivate
	modified = 
	configuration-policy = optional
	factory = null
	autoenable = true
	immediate = false
	implementation = dk.sdu.mmmi.cbse.player.PlayerControlSystem
	state = Unsatisfied
	properties = 
	serviceFactory = false
	serviceInterface = [dk.sdu.mmmi.cbse.common.services.IEntityProcessingService]
	references = {
		Reference[name = IPostEntityProcessingService, interface = dk.sdu.mmmi.cbse.common.services.IEntityProcessingService, policy = dynamic, cardinality = 0..1, target = null, bind = setBulletService, unbind = removeBulletService]
	}
	located in bundle = dk.sdu.mmmi.cbse.OSGiPlayer_1.0.0.SNAPSHOT [29]
]
Component2: Component[
	name = dk.sdu.mmmi.cbse.osgiasteroids
	activate = activate
	deactivate = deactivate
	modified = 
	configuration-policy = optional
	factory = null
	autoenable = true
	immediate = false
	implementation = dk.sdu.mmmi.cbse.osgiasteroids.AsteroidProcessor
	state = Unsatisfied
	properties = 
	serviceFactory = false
	serviceInterface = [dk.sdu.mmmi.cbse.common.services.IEntityProcessingService]
	references = {
		Reference[name = IAsteroidSplitter, interface = dk.sdu.mmmi.cbse.common.asteroids.IAsteroidSplitter, policy = dynamic, cardinality = 1..1, target = null, bind = setAsteroidSplitter, unbind = removeAsteroidSplitter]
	}
	located in bundle = dk.sdu.mmmi.cbse.OSGiAsteroids_1.0.0.SNAPSHOT [24]
]  

!ENTRY dk.sdu.mmmi.cbse.OSGiPlayer 2 0 2018-04-13 11:32:18.207
!MESSAGE [SCR] Found components with duplicated names! Details: 
Component1 : Component[
	name = dk.sdu.mmmi.cbse.osgiasteroids.AsteroidPlugin
	activate = activate
	deactivate = deactivate
	modified = 
	configuration-policy = optional
	factory = null
	autoenable = true
	immediate = false
	implementation = dk.sdu.mmmi.cbse.player.PlayerPlugin
	state = Unsatisfied
	properties = 
	serviceFactory = false
	serviceInterface = [dk.sdu.mmmi.cbse.common.services.IGamePluginService]
	references = null
	located in bundle = dk.sdu.mmmi.cbse.OSGiPlayer_1.0.0.SNAPSHOT [29]
]
Component2: Component[
	name = dk.sdu.mmmi.cbse.osgiasteroids.AsteroidPlugin
	activate = activate
	deactivate = deactivate
	modified = 
	configuration-policy = optional
	factory = null
	autoenable = true
	immediate = false
	implementation = dk.sdu.mmmi.cbse.osgienemy.EnemyPlugin
	state = Unsatisfied
	properties = 
	serviceFactory = false
	serviceInterface = [dk.sdu.mmmi.cbse.common.services.IGamePluginService]
	references = null
	located in bundle = dk.sdu.mmmi.cbse.OSGiEnemy_1.0.0.SNAPSHOT [28]
]  

!ENTRY dk.sdu.mmmi.cbse.OSGiPlayer 2 0 2018-04-13 11:32:18.209
!MESSAGE [SCR] Found components with duplicated names! Details: 
Component1 : Component[
	name = dk.sdu.mmmi.cbse.osgiasteroids.AsteroidPlugin
	activate = activate
	deactivate = deactivate
	modified = 
	configuration-policy = optional
	factory = null
	autoenable = true
	immediate = false
	implementation = dk.sdu.mmmi.cbse.player.PlayerPlugin
	state = Unsatisfied
	properties = 
	serviceFactory = false
	serviceInterface = [dk.sdu.mmmi.cbse.common.services.IGamePluginService]
	references = null
	located in bundle = dk.sdu.mmmi.cbse.OSGiPlayer_1.0.0.SNAPSHOT [29]
]
Component2: Component[
	name = dk.sdu.mmmi.cbse.osgiasteroids.AsteroidPlugin
	activate = activate
	deactivate = deactivate
	modified = 
	configuration-policy = optional
	factory = null
	autoenable = true
	immediate = false
	implementation = dk.sdu.mmmi.cbse.osgiasteroids.AsteroidPlugin
	state = Unsatisfied
	properties = 
	serviceFactory = false
	serviceInterface = [dk.sdu.mmmi.cbse.common.services.IGamePluginService]
	references = null
	located in bundle = dk.sdu.mmmi.cbse.OSGiAsteroids_1.0.0.SNAPSHOT [24]
]  

!ENTRY dk.sdu.mmmi.cbse.OSGiPlayer 4 0 2018-04-13 11:32:18.217
!MESSAGE [SCR] Method was not found: setBulletService(...)
	Details:
	Problematic reference = Reference[name = IPostEntityProcessingService, interface = dk.sdu.mmmi.cbse.common.services.IEntityProcessingService, policy = dynamic, cardinality = 0..1, target = null, bind = setBulletService, unbind = removeBulletService]
	of service component = dk.sdu.mmmi.cbse.osgiasteroids
	component implementation class = dk.sdu.mmmi.cbse.player.PlayerControlSystem
	located in bundle with symbolic name = dk.sdu.mmmi.cbse.OSGiPlayer
	bundle location = file:C:\Users\rasmu\Documents\GitHub\SB4-KOM-F18-master\Uge 11\AsteroidsOSGi\updatefolder\OSGiPlayer-1.0-SNAPSHOT.jar

!ENTRY dk.sdu.mmmi.cbse.OSGiPlayer 4 0 2018-04-13 11:32:18.219
!MESSAGE [SCR] Method was not found: setBulletService(...)
	Details:
	Problematic reference = Reference[name = IPostEntityProcessingService, interface = dk.sdu.mmmi.cbse.common.services.IEntityProcessingService, policy = dynamic, cardinality = 0..1, target = null, bind = setBulletService, unbind = removeBulletService]
	of service component = dk.sdu.mmmi.cbse.osgiasteroids
	component implementation class = dk.sdu.mmmi.cbse.player.PlayerControlSystem
	located in bundle with symbolic name = dk.sdu.mmmi.cbse.OSGiPlayer
	bundle location = file:C:\Users\rasmu\Documents\GitHub\SB4-KOM-F18-master\Uge 11\AsteroidsOSGi\updatefolder\OSGiPlayer-1.0-SNAPSHOT.jar

!ENTRY dk.sdu.mmmi.cbse.OSGiPlayer 2 0 2018-04-13 11:32:18.220
!MESSAGE [SCR] ComponentReference.bind(): bind method 'setBulletService' is not found or it is not accessible!
	Details:
	Problematic reference = Reference[name = IPostEntityProcessingService, interface = dk.sdu.mmmi.cbse.common.services.IEntityProcessingService, policy = dynamic, cardinality = 0..1, target = null, bind = setBulletService, unbind = removeBulletService]
	of service component = dk.sdu.mmmi.cbse.osgiasteroids
	component implementation class = dk.sdu.mmmi.cbse.player.PlayerControlSystem
	located in bundle with symbolic name = dk.sdu.mmmi.cbse.OSGiPlayer
	bundle location = file:C:\Users\rasmu\Documents\GitHub\SB4-KOM-F18-master\Uge 11\AsteroidsOSGi\updatefolder\OSGiPlayer-1.0-SNAPSHOT.jar

!ENTRY dk.sdu.mmmi.cbse.OSGiPlayer 4 0 2018-04-13 11:32:18.222
!MESSAGE [SCR] Error while trying to bind reference Reference[name = IPostEntityProcessingService, interface = dk.sdu.mmmi.cbse.common.services.IEntityProcessingService, policy = dynamic, cardinality = 0..1, target = null, bind = setBulletService, unbind = removeBulletService]
	Details:
	Problematic reference = Reference[name = IPostEntityProcessingService, interface = dk.sdu.mmmi.cbse.common.services.IEntityProcessingService, policy = dynamic, cardinality = 0..1, target = null, bind = setBulletService, unbind = removeBulletService]
	of service component = dk.sdu.mmmi.cbse.osgiasteroids
	component implementation class = dk.sdu.mmmi.cbse.player.PlayerControlSystem
	located in bundle with symbolic name = dk.sdu.mmmi.cbse.OSGiPlayer
	bundle location = file:C:\Users\rasmu\Documents\GitHub\SB4-KOM-F18-master\Uge 11\AsteroidsOSGi\updatefolder\OSGiPlayer-1.0-SNAPSHOT.jar
!STACK 0
java.lang.IllegalArgumentException: argument type mismatch
	at sun.reflect.NativeMethodAccessorImpl.invoke0(Native Method)
	at sun.reflect.NativeMethodAccessorImpl.invoke(NativeMethodAccessorImpl.java:62)
	at sun.reflect.DelegatingMethodAccessorImpl.invoke(DelegatingMethodAccessorImpl.java:43)
	at java.lang.reflect.Method.invoke(Method.java:498)
	at org.eclipse.equinox.internal.ds.model.ComponentReference.bind(ComponentReference.java:376)
	at org.eclipse.equinox.internal.ds.model.ServiceComponentProp.bindReference(ServiceComponentProp.java:430)
	at org.eclipse.equinox.internal.ds.InstanceProcess.dynamicBind(InstanceProcess.java:416)
	at org.eclipse.equinox.internal.ds.Resolver.getEligible(Resolver.java:334)
	at org.eclipse.equinox.internal.ds.SCRManager.serviceChanged(SCRManager.java:222)
	at org.eclipse.osgi.internal.serviceregistry.FilteredServiceListener.serviceChanged(FilteredServiceListener.java:107)
	at org.eclipse.osgi.framework.internal.core.BundleContextImpl.dispatchEvent(BundleContextImpl.java:861)
	at org.eclipse.osgi.framework.eventmgr.EventManager.dispatchEvent(EventManager.java:230)
	at org.eclipse.osgi.framework.eventmgr.ListenerQueue.dispatchEventSynchronous(ListenerQueue.java:148)
	at org.eclipse.osgi.internal.serviceregistry.ServiceRegistry.publishServiceEventPrivileged(ServiceRegistry.java:819)
	at org.eclipse.osgi.internal.serviceregistry.ServiceRegistry.publishServiceEvent(ServiceRegistry.java:771)
	at org.eclipse.osgi.internal.serviceregistry.ServiceRegistrationImpl.register(ServiceRegistrationImpl.java:130)
	at org.eclipse.osgi.internal.serviceregistry.ServiceRegistry.registerService(ServiceRegistry.java:214)
	at org.eclipse.osgi.framework.internal.core.BundleContextImpl.registerService(BundleContextImpl.java:433)
	at org.eclipse.equinox.internal.ds.InstanceProcess.registerService(InstanceProcess.java:536)
	at org.eclipse.equinox.internal.ds.InstanceProcess.buildComponents(InstanceProcess.java:260)
	at org.eclipse.equinox.internal.ds.Resolver.buildNewlySatisfied(Resolver.java:473)
	at org.eclipse.equinox.internal.ds.Resolver.enableComponents(Resolver.java:217)
	at org.eclipse.equinox.internal.ds.SCRManager.performWork(SCRManager.java:816)
	at org.eclipse.equinox.internal.ds.SCRManager$QueuedJob.dispatch(SCRManager.java:783)
	at org.eclipse.equinox.internal.ds.WorkThread.run(WorkThread.java:89)
	at org.eclipse.equinox.internal.util.impl.tpt.threadpool.Executor.run(Executor.java:70)

!ENTRY dk.sdu.mmmi.cbse.OSGiPlayer 4 0 2018-04-13 11:32:18.223
!MESSAGE [SCR] Error while trying to bind reference Reference[name = IPostEntityProcessingService, interface = dk.sdu.mmmi.cbse.common.services.IEntityProcessingService, policy = dynamic, cardinality = 0..1, target = null, bind = setBulletService, unbind = removeBulletService]
	Details:
	Problematic reference = Reference[name = IPostEntityProcessingService, interface = dk.sdu.mmmi.cbse.common.services.IEntityProcessingService, policy = dynamic, cardinality = 0..1, target = null, bind = setBulletService, unbind = removeBulletService]
	of service component = dk.sdu.mmmi.cbse.osgiasteroids
	component implementation class = dk.sdu.mmmi.cbse.player.PlayerControlSystem
	located in bundle with symbolic name = dk.sdu.mmmi.cbse.OSGiPlayer
	bundle location = file:C:\Users\rasmu\Documents\GitHub\SB4-KOM-F18-master\Uge 11\AsteroidsOSGi\updatefolder\OSGiPlayer-1.0-SNAPSHOT.jar
!STACK 0
java.lang.IllegalArgumentException: argument type mismatch
	at sun.reflect.NativeMethodAccessorImpl.invoke0(Native Method)
	at sun.reflect.NativeMethodAccessorImpl.invoke(NativeMethodAccessorImpl.java:62)
	at sun.reflect.DelegatingMethodAccessorImpl.invoke(DelegatingMethodAccessorImpl.java:43)
	at java.lang.reflect.Method.invoke(Method.java:498)
	at org.eclipse.equinox.internal.ds.model.ComponentReference.bind(ComponentReference.java:376)
	at org.eclipse.equinox.internal.ds.model.ServiceComponentProp.bindReference(ServiceComponentProp.java:430)
	at org.eclipse.equinox.internal.ds.InstanceProcess.dynamicBind(InstanceProcess.java:416)
	at org.eclipse.equinox.internal.ds.Resolver.getEligible(Resolver.java:334)
	at org.eclipse.equinox.internal.ds.SCRManager.serviceChanged(SCRManager.java:222)
	at org.eclipse.osgi.internal.serviceregistry.FilteredServiceListener.serviceChanged(FilteredServiceListener.java:107)
	at org.eclipse.osgi.framework.internal.core.BundleContextImpl.dispatchEvent(BundleContextImpl.java:861)
	at org.eclipse.osgi.framework.eventmgr.EventManager.dispatchEvent(EventManager.java:230)
	at org.eclipse.osgi.framework.eventmgr.ListenerQueue.dispatchEventSynchronous(ListenerQueue.java:148)
	at org.eclipse.osgi.internal.serviceregistry.ServiceRegistry.publishServiceEventPrivileged(ServiceRegistry.java:819)
	at org.eclipse.osgi.internal.serviceregistry.ServiceRegistry.publishServiceEvent(ServiceRegistry.java:771)
	at org.eclipse.osgi.internal.serviceregistry.ServiceRegistrationImpl.register(ServiceRegistrationImpl.java:130)
	at org.eclipse.osgi.internal.serviceregistry.ServiceRegistry.registerService(ServiceRegistry.java:214)
	at org.eclipse.osgi.framework.internal.core.BundleContextImpl.registerService(BundleContextImpl.java:433)
	at org.eclipse.equinox.internal.ds.InstanceProcess.registerService(InstanceProcess.java:536)
	at org.eclipse.equinox.internal.ds.InstanceProcess.buildComponents(InstanceProcess.java:260)
	at org.eclipse.equinox.internal.ds.Resolver.buildNewlySatisfied(Resolver.java:473)
	at org.eclipse.equinox.internal.ds.Resolver.enableComponents(Resolver.java:217)
	at org.eclipse.equinox.internal.ds.SCRManager.performWork(SCRManager.java:816)
	at org.eclipse.equinox.internal.ds.SCRManager$QueuedJob.dispatch(SCRManager.java:783)
	at org.eclipse.equinox.internal.ds.WorkThread.run(WorkThread.java:89)
	at org.eclipse.equinox.internal.util.impl.tpt.threadpool.Executor.run(Executor.java:70)

!ENTRY dk.sdu.mmmi.cbse.OSGiPlayer 2 0 2018-04-13 11:32:18.225
!MESSAGE [SCR] ComponentReference.bind(): service reference {dk.sdu.mmmi.cbse.common.services.IEntityProcessingService}={service.id=34} is already bound to instance org.eclipse.equinox.internal.ds.impl.ComponentInstanceImpl@5d1e653  
	Details:
	Problematic reference = Reference[name = IPostEntityProcessingService, interface = dk.sdu.mmmi.cbse.common.services.IEntityProcessingService, policy = dynamic, cardinality = 0..1, target = null, bind = setBulletService, unbind = removeBulletService]
	of service component = dk.sdu.mmmi.cbse.osgiasteroids
	component implementation class = dk.sdu.mmmi.cbse.player.PlayerControlSystem
	located in bundle with symbolic name = dk.sdu.mmmi.cbse.OSGiPlayer
	bundle location = file:C:\Users\rasmu\Documents\GitHub\SB4-KOM-F18-master\Uge 11\AsteroidsOSGi\updatefolder\OSGiPlayer-1.0-SNAPSHOT.jar

!ENTRY dk.sdu.mmmi.cbse.OSGiPlayer 4 0 2018-04-13 11:32:18.226
!MESSAGE [SCR] Error while trying to bind reference Reference[name = IPostEntityProcessingService, interface = dk.sdu.mmmi.cbse.common.services.IEntityProcessingService, policy = dynamic, cardinality = 0..1, target = null, bind = setBulletService, unbind = removeBulletService]
	Details:
	Problematic reference = Reference[name = IPostEntityProcessingService, interface = dk.sdu.mmmi.cbse.common.services.IEntityProcessingService, policy = dynamic, cardinality = 0..1, target = null, bind = setBulletService, unbind = removeBulletService]
	of service component = dk.sdu.mmmi.cbse.osgiasteroids
	component implementation class = dk.sdu.mmmi.cbse.player.PlayerControlSystem
	located in bundle with symbolic name = dk.sdu.mmmi.cbse.OSGiPlayer
	bundle location = file:C:\Users\rasmu\Documents\GitHub\SB4-KOM-F18-master\Uge 11\AsteroidsOSGi\updatefolder\OSGiPlayer-1.0-SNAPSHOT.jar
!STACK 0
java.lang.IllegalArgumentException: argument type mismatch
	at sun.reflect.NativeMethodAccessorImpl.invoke0(Native Method)
	at sun.reflect.NativeMethodAccessorImpl.invoke(NativeMethodAccessorImpl.java:62)
	at sun.reflect.DelegatingMethodAccessorImpl.invoke(DelegatingMethodAccessorImpl.java:43)
	at java.lang.reflect.Method.invoke(Method.java:498)
	at org.eclipse.equinox.internal.ds.model.ComponentReference.bind(ComponentReference.java:376)
	at org.eclipse.equinox.internal.ds.model.ServiceComponentProp.bindReference(ServiceComponentProp.java:430)
	at org.eclipse.equinox.internal.ds.InstanceProcess.dynamicBind(InstanceProcess.java:416)
	at org.eclipse.equinox.internal.ds.Resolver.getEligible(Resolver.java:334)
	at org.eclipse.equinox.internal.ds.SCRManager.serviceChanged(SCRManager.java:222)
	at org.eclipse.osgi.internal.serviceregistry.FilteredServiceListener.serviceChanged(FilteredServiceListener.java:107)
	at org.eclipse.osgi.framework.internal.core.BundleContextImpl.dispatchEvent(BundleContextImpl.java:861)
	at org.eclipse.osgi.framework.eventmgr.EventManager.dispatchEvent(EventManager.java:230)
	at org.eclipse.osgi.framework.eventmgr.ListenerQueue.dispatchEventSynchronous(ListenerQueue.java:148)
	at org.eclipse.osgi.internal.serviceregistry.ServiceRegistry.publishServiceEventPrivileged(ServiceRegistry.java:819)
	at org.eclipse.osgi.internal.serviceregistry.ServiceRegistry.publishServiceEvent(ServiceRegistry.java:771)
	at org.eclipse.osgi.internal.serviceregistry.ServiceRegistrationImpl.register(ServiceRegistrationImpl.java:130)
	at org.eclipse.osgi.internal.serviceregistry.ServiceRegistry.registerService(ServiceRegistry.java:214)
	at org.eclipse.osgi.framework.internal.core.BundleContextImpl.registerService(BundleContextImpl.java:433)
	at org.eclipse.equinox.internal.ds.InstanceProcess.registerService(InstanceProcess.java:536)
	at org.eclipse.equinox.internal.ds.InstanceProcess.buildComponents(InstanceProcess.java:260)
	at org.eclipse.equinox.internal.ds.Resolver.buildNewlySatisfied(Resolver.java:473)
	at org.eclipse.equinox.internal.ds.Resolver.enableComponents(Resolver.java:217)
	at org.eclipse.equinox.internal.ds.SCRManager.performWork(SCRManager.java:816)
	at org.eclipse.equinox.internal.ds.SCRManager$QueuedJob.dispatch(SCRManager.java:783)
	at org.eclipse.equinox.internal.ds.WorkThread.run(WorkThread.java:89)
	at org.eclipse.equinox.internal.util.impl.tpt.threadpool.Executor.run(Executor.java:70)

!ENTRY dk.sdu.mmmi.cbse.OSGiPlayer 4 0 2018-04-13 11:32:18.228
!MESSAGE [SCR] Error while trying to bind reference Reference[name = IPostEntityProcessingService, interface = dk.sdu.mmmi.cbse.common.services.IEntityProcessingService, policy = dynamic, cardinality = 0..1, target = null, bind = setBulletService, unbind = removeBulletService]
	Details:
	Problematic reference = Reference[name = IPostEntityProcessingService, interface = dk.sdu.mmmi.cbse.common.services.IEntityProcessingService, policy = dynamic, cardinality = 0..1, target = null, bind = setBulletService, unbind = removeBulletService]
	of service component = dk.sdu.mmmi.cbse.osgiasteroids
	component implementation class = dk.sdu.mmmi.cbse.player.PlayerControlSystem
	located in bundle with symbolic name = dk.sdu.mmmi.cbse.OSGiPlayer
	bundle location = file:C:\Users\rasmu\Documents\GitHub\SB4-KOM-F18-master\Uge 11\AsteroidsOSGi\updatefolder\OSGiPlayer-1.0-SNAPSHOT.jar
!STACK 0
java.lang.IllegalArgumentException: argument type mismatch
	at sun.reflect.NativeMethodAccessorImpl.invoke0(Native Method)
	at sun.reflect.NativeMethodAccessorImpl.invoke(NativeMethodAccessorImpl.java:62)
	at sun.reflect.DelegatingMethodAccessorImpl.invoke(DelegatingMethodAccessorImpl.java:43)
	at java.lang.reflect.Method.invoke(Method.java:498)
	at org.eclipse.equinox.internal.ds.model.ComponentReference.bind(ComponentReference.java:376)
	at org.eclipse.equinox.internal.ds.model.ServiceComponentProp.bindReference(ServiceComponentProp.java:430)
	at org.eclipse.equinox.internal.ds.InstanceProcess.dynamicBind(InstanceProcess.java:416)
	at org.eclipse.equinox.internal.ds.Resolver.getEligible(Resolver.java:334)
	at org.eclipse.equinox.internal.ds.SCRManager.serviceChanged(SCRManager.java:222)
	at org.eclipse.osgi.internal.serviceregistry.FilteredServiceListener.serviceChanged(FilteredServiceListener.java:107)
	at org.eclipse.osgi.framework.internal.core.BundleContextImpl.dispatchEvent(BundleContextImpl.java:861)
	at org.eclipse.osgi.framework.eventmgr.EventManager.dispatchEvent(EventManager.java:230)
	at org.eclipse.osgi.framework.eventmgr.ListenerQueue.dispatchEventSynchronous(ListenerQueue.java:148)
	at org.eclipse.osgi.internal.serviceregistry.ServiceRegistry.publishServiceEventPrivileged(ServiceRegistry.java:819)
	at org.eclipse.osgi.internal.serviceregistry.ServiceRegistry.publishServiceEvent(ServiceRegistry.java:771)
	at org.eclipse.osgi.internal.serviceregistry.ServiceRegistrationImpl.register(ServiceRegistrationImpl.java:130)
	at org.eclipse.osgi.internal.serviceregistry.ServiceRegistry.registerService(ServiceRegistry.java:214)
	at org.eclipse.osgi.framework.internal.core.BundleContextImpl.registerService(BundleContextImpl.java:433)
	at org.eclipse.equinox.internal.ds.InstanceProcess.registerService(InstanceProcess.java:536)
	at org.eclipse.equinox.internal.ds.InstanceProcess.buildComponents(InstanceProcess.java:260)
	at org.eclipse.equinox.internal.ds.Resolver.buildNewlySatisfied(Resolver.java:473)
	at org.eclipse.equinox.internal.ds.Resolver.enableComponents(Resolver.java:217)
	at org.eclipse.equinox.internal.ds.SCRManager.performWork(SCRManager.java:816)
	at org.eclipse.equinox.internal.ds.SCRManager$QueuedJob.dispatch(SCRManager.java:783)
	at org.eclipse.equinox.internal.ds.WorkThread.run(WorkThread.java:89)
	at org.eclipse.equinox.internal.util.impl.tpt.threadpool.Executor.run(Executor.java:70)

!ENTRY dk.sdu.mmmi.cbse.OSGiPlayer 4 0 2018-04-13 11:32:18.229
!MESSAGE [SCR] Error while trying to bind reference Reference[name = IPostEntityProcessingService, interface = dk.sdu.mmmi.cbse.common.services.IEntityProcessingService, policy = dynamic, cardinality = 0..1, target = null, bind = setBulletService, unbind = removeBulletService]
	Details:
	Problematic reference = Reference[name = IPostEntityProcessingService, interface = dk.sdu.mmmi.cbse.common.services.IEntityProcessingService, policy = dynamic, cardinality = 0..1, target = null, bind = setBulletService, unbind = removeBulletService]
	of service component = dk.sdu.mmmi.cbse.osgiasteroids
	component implementation class = dk.sdu.mmmi.cbse.player.PlayerControlSystem
	located in bundle with symbolic name = dk.sdu.mmmi.cbse.OSGiPlayer
	bundle location = file:C:\Users\rasmu\Documents\GitHub\SB4-KOM-F18-master\Uge 11\AsteroidsOSGi\updatefolder\OSGiPlayer-1.0-SNAPSHOT.jar
!STACK 0
java.lang.IllegalArgumentException: argument type mismatch
	at sun.reflect.NativeMethodAccessorImpl.invoke0(Native Method)
	at sun.reflect.NativeMethodAccessorImpl.invoke(NativeMethodAccessorImpl.java:62)
	at sun.reflect.DelegatingMethodAccessorImpl.invoke(DelegatingMethodAccessorImpl.java:43)
	at java.lang.reflect.Method.invoke(Method.java:498)
	at org.eclipse.equinox.internal.ds.model.ComponentReference.bind(ComponentReference.java:376)
	at org.eclipse.equinox.internal.ds.model.ServiceComponentProp.bindReference(ServiceComponentProp.java:430)
	at org.eclipse.equinox.internal.ds.InstanceProcess.dynamicBind(InstanceProcess.java:416)
	at org.eclipse.equinox.internal.ds.Resolver.getEligible(Resolver.java:334)
	at org.eclipse.equinox.internal.ds.SCRManager.serviceChanged(SCRManager.java:222)
	at org.eclipse.osgi.internal.serviceregistry.FilteredServiceListener.serviceChanged(FilteredServiceListener.java:107)
	at org.eclipse.osgi.framework.internal.core.BundleContextImpl.dispatchEvent(BundleContextImpl.java:861)
	at org.eclipse.osgi.framework.eventmgr.EventManager.dispatchEvent(EventManager.java:230)
	at org.eclipse.osgi.framework.eventmgr.ListenerQueue.dispatchEventSynchronous(ListenerQueue.java:148)
	at org.eclipse.osgi.internal.serviceregistry.ServiceRegistry.publishServiceEventPrivileged(ServiceRegistry.java:819)
	at org.eclipse.osgi.internal.serviceregistry.ServiceRegistry.publishServiceEvent(ServiceRegistry.java:771)
	at org.eclipse.osgi.internal.serviceregistry.ServiceRegistrationImpl.register(ServiceRegistrationImpl.java:130)
	at org.eclipse.osgi.internal.serviceregistry.ServiceRegistry.registerService(ServiceRegistry.java:214)
	at org.eclipse.osgi.framework.internal.core.BundleContextImpl.registerService(BundleContextImpl.java:433)
	at org.eclipse.equinox.internal.ds.InstanceProcess.registerService(InstanceProcess.java:536)
	at org.eclipse.equinox.internal.ds.InstanceProcess.buildComponents(InstanceProcess.java:260)
	at org.eclipse.equinox.internal.ds.Resolver.buildNewlySatisfied(Resolver.java:473)
	at org.eclipse.equinox.internal.ds.Resolver.enableComponents(Resolver.java:217)
	at org.eclipse.equinox.internal.ds.SCRManager.performWork(SCRManager.java:816)
	at org.eclipse.equinox.internal.ds.SCRManager$QueuedJob.dispatch(SCRManager.java:783)
	at org.eclipse.equinox.internal.ds.WorkThread.run(WorkThread.java:89)
	at org.eclipse.equinox.internal.util.impl.tpt.threadpool.Executor.run(Executor.java:70)

!ENTRY dk.sdu.mmmi.cbse.OSGiPlayer 4 0 2018-04-13 11:32:18.231
!MESSAGE [SCR] Error while trying to bind reference Reference[name = IPostEntityProcessingService, interface = dk.sdu.mmmi.cbse.common.services.IEntityProcessingService, policy = dynamic, cardinality = 0..1, target = null, bind = setBulletService, unbind = removeBulletService]
	Details:
	Problematic reference = Reference[name = IPostEntityProcessingService, interface = dk.sdu.mmmi.cbse.common.services.IEntityProcessingService, policy = dynamic, cardinality = 0..1, target = null, bind = setBulletService, unbind = removeBulletService]
	of service component = dk.sdu.mmmi.cbse.osgiasteroids
	component implementation class = dk.sdu.mmmi.cbse.player.PlayerControlSystem
	located in bundle with symbolic name = dk.sdu.mmmi.cbse.OSGiPlayer
	bundle location = file:C:\Users\rasmu\Documents\GitHub\SB4-KOM-F18-master\Uge 11\AsteroidsOSGi\updatefolder\OSGiPlayer-1.0-SNAPSHOT.jar
!STACK 0
java.lang.IllegalArgumentException: argument type mismatch
	at sun.reflect.NativeMethodAccessorImpl.invoke0(Native Method)
	at sun.reflect.NativeMethodAccessorImpl.invoke(NativeMethodAccessorImpl.java:62)
	at sun.reflect.DelegatingMethodAccessorImpl.invoke(DelegatingMethodAccessorImpl.java:43)
	at java.lang.reflect.Method.invoke(Method.java:498)
	at org.eclipse.equinox.internal.ds.model.ComponentReference.bind(ComponentReference.java:376)
	at org.eclipse.equinox.internal.ds.model.ServiceComponentProp.bindReference(ServiceComponentProp.java:430)
	at org.eclipse.equinox.internal.ds.InstanceProcess.dynamicBind(InstanceProcess.java:416)
	at org.eclipse.equinox.internal.ds.Resolver.getEligible(Resolver.java:334)
	at org.eclipse.equinox.internal.ds.SCRManager.serviceChanged(SCRManager.java:222)
	at org.eclipse.osgi.internal.serviceregistry.FilteredServiceListener.serviceChanged(FilteredServiceListener.java:107)
	at org.eclipse.osgi.framework.internal.core.BundleContextImpl.dispatchEvent(BundleContextImpl.java:861)
	at org.eclipse.osgi.framework.eventmgr.EventManager.dispatchEvent(EventManager.java:230)
	at org.eclipse.osgi.framework.eventmgr.ListenerQueue.dispatchEventSynchronous(ListenerQueue.java:148)
	at org.eclipse.osgi.internal.serviceregistry.ServiceRegistry.publishServiceEventPrivileged(ServiceRegistry.java:819)
	at org.eclipse.osgi.internal.serviceregistry.ServiceRegistry.publishServiceEvent(ServiceRegistry.java:771)
	at org.eclipse.osgi.internal.serviceregistry.ServiceRegistrationImpl.register(ServiceRegistrationImpl.java:130)
	at org.eclipse.osgi.internal.serviceregistry.ServiceRegistry.registerService(ServiceRegistry.java:214)
	at org.eclipse.osgi.framework.internal.core.BundleContextImpl.registerService(BundleContextImpl.java:433)
	at org.eclipse.equinox.internal.ds.InstanceProcess.registerService(InstanceProcess.java:536)
	at org.eclipse.equinox.internal.ds.InstanceProcess.buildComponents(InstanceProcess.java:260)
	at org.eclipse.equinox.internal.ds.Resolver.buildNewlySatisfied(Resolver.java:473)
	at org.eclipse.equinox.internal.ds.Resolver.enableComponents(Resolver.java:217)
	at org.eclipse.equinox.internal.ds.SCRManager.performWork(SCRManager.java:816)
	at org.eclipse.equinox.internal.ds.SCRManager$QueuedJob.dispatch(SCRManager.java:783)
	at org.eclipse.equinox.internal.ds.WorkThread.run(WorkThread.java:89)
	at org.eclipse.equinox.internal.util.impl.tpt.threadpool.Executor.run(Executor.java:70)

!ENTRY dk.sdu.mmmi.cbse.OSGiPlayer 4 0 2018-04-13 11:32:58.023
!MESSAGE [SCR] Method was not found: removeBulletService(...)
	Details:
	Problematic reference = Reference[name = IPostEntityProcessingService, interface = dk.sdu.mmmi.cbse.common.services.IEntityProcessingService, policy = dynamic, cardinality = 0..1, target = null, bind = setBulletService, unbind = removeBulletService]
	of service component = dk.sdu.mmmi.cbse.osgiasteroids
	component implementation class = dk.sdu.mmmi.cbse.player.PlayerControlSystem
	located in bundle with symbolic name = dk.sdu.mmmi.cbse.OSGiPlayer
	bundle location = file:C:\Users\rasmu\Documents\GitHub\SB4-KOM-F18-master\Uge 11\AsteroidsOSGi\updatefolder\OSGiPlayer-1.0-SNAPSHOT.jar

!ENTRY dk.sdu.mmmi.cbse.OSGiPlayer 4 0 2018-04-13 11:32:58.025
!MESSAGE [SCR] Method was not found: removeBulletService(...)
	Details:
	Problematic reference = Reference[name = IPostEntityProcessingService, interface = dk.sdu.mmmi.cbse.common.services.IEntityProcessingService, policy = dynamic, cardinality = 0..1, target = null, bind = setBulletService, unbind = removeBulletService]
	of service component = dk.sdu.mmmi.cbse.osgiasteroids
	component implementation class = dk.sdu.mmmi.cbse.player.PlayerControlSystem
	located in bundle with symbolic name = dk.sdu.mmmi.cbse.OSGiPlayer
	bundle location = file:C:\Users\rasmu\Documents\GitHub\SB4-KOM-F18-master\Uge 11\AsteroidsOSGi\updatefolder\OSGiPlayer-1.0-SNAPSHOT.jar
