!SESSION 2018-04-10 14:01:55.886 -----------------------------------------------
eclipse.buildId=unknown
java.version=1.8.0_161
java.vendor=Oracle Corporation
BootLoader constants: OS=win32, ARCH=x86_64, WS=win32, NL=en_GB

!ENTRY org.eclipse.equinox.ds 1 0 2018-04-10 14:01:55.886
!MESSAGE Could not bind a reference of component dk.sdu.mmmi.cbse.Game. The reference is: Reference[name = IPostEntityProcessingService, interface = dk.sdu.mmmi.cbse.common.services.IPostEntityProcessingService, policy = dynamic, cardinality = 0..n, target = null, bind = addPostEntityProcessingService, unbind = removePostEntityProcessingService]

!ENTRY dk.sdu.mmmi.cbse.OSGiEnemy 2 0 2018-04-10 14:01:55.890
!MESSAGE [SCR] Could not get the service object relevant to the reference. One possible reason is a circularity problem. Another possible reason is that BundleContext.getService() returns null.
	Details:
	Problematic reference = Reference[name = IPostEntityProcessingService, interface = dk.sdu.mmmi.cbse.common.services.IEntityProcessingService, policy = dynamic, cardinality = 0..1, target = null, bind = setBulletService, unbind = removeBulletService]
	of service component = dk.sdu.mmmi.cbse.osgiasteroids
	component implementation class = dk.sdu.mmmi.cbse.osgienemy.EnemyProcessor
	located in bundle with symbolic name = dk.sdu.mmmi.cbse.OSGiEnemy
	bundle location = reference:file:asteroidsosgi/modules/dk-sdu-mmmi-cbse-OSGiEnemy.jar

!ENTRY dk.sdu.mmmi.cbse.OSGiEnemy 2 0 2018-04-10 14:01:55.891
!MESSAGE [SCR] ComponentReference.bind(): bind method 'setBulletService' is not found or it is not accessible!
	Details:
	Problematic reference = Reference[name = IPostEntityProcessingService, interface = dk.sdu.mmmi.cbse.common.services.IEntityProcessingService, policy = dynamic, cardinality = 0..1, target = null, bind = setBulletService, unbind = removeBulletService]
	of service component = dk.sdu.mmmi.cbse.osgiasteroids
	component implementation class = dk.sdu.mmmi.cbse.osgienemy.EnemyProcessor
	located in bundle with symbolic name = dk.sdu.mmmi.cbse.OSGiEnemy
	bundle location = reference:file:asteroidsosgi/modules/dk-sdu-mmmi-cbse-OSGiEnemy.jar

!ENTRY org.eclipse.equinox.ds 1 0 2018-04-10 14:01:55.892
!MESSAGE Could not bind a reference of component dk.sdu.mmmi.cbse.osgiasteroids. The reference is: Reference[name = IPostEntityProcessingService, interface = dk.sdu.mmmi.cbse.common.services.IEntityProcessingService, policy = dynamic, cardinality = 0..1, target = null, bind = setBulletService, unbind = removeBulletService]

!ENTRY dk.sdu.mmmi.cbse.OSGiEnemy 4 0 2018-04-10 14:01:55.895
!MESSAGE [SCR] Method was not found: setBulletService(...)
	Details:
	Problematic reference = Reference[name = IPostEntityProcessingService, interface = dk.sdu.mmmi.cbse.common.services.IEntityProcessingService, policy = dynamic, cardinality = 0..1, target = null, bind = setBulletService, unbind = removeBulletService]
	of service component = dk.sdu.mmmi.cbse.osgiasteroids
	component implementation class = dk.sdu.mmmi.cbse.osgienemy.EnemyProcessor
	located in bundle with symbolic name = dk.sdu.mmmi.cbse.OSGiEnemy
	bundle location = reference:file:asteroidsosgi/modules/dk-sdu-mmmi-cbse-OSGiEnemy.jar

!ENTRY dk.sdu.mmmi.cbse.OSGiEnemy 4 0 2018-04-10 14:01:55.896
!MESSAGE [SCR] Method was not found: setBulletService(...)
	Details:
	Problematic reference = Reference[name = IPostEntityProcessingService, interface = dk.sdu.mmmi.cbse.common.services.IEntityProcessingService, policy = dynamic, cardinality = 0..1, target = null, bind = setBulletService, unbind = removeBulletService]
	of service component = dk.sdu.mmmi.cbse.osgiasteroids
	component implementation class = dk.sdu.mmmi.cbse.osgienemy.EnemyProcessor
	located in bundle with symbolic name = dk.sdu.mmmi.cbse.OSGiEnemy
	bundle location = reference:file:asteroidsosgi/modules/dk-sdu-mmmi-cbse-OSGiEnemy.jar

!ENTRY dk.sdu.mmmi.cbse.OSGiEnemy 2 0 2018-04-10 14:01:55.897
!MESSAGE [SCR] ComponentReference.bind(): bind method 'setBulletService' is not found or it is not accessible!
	Details:
	Problematic reference = Reference[name = IPostEntityProcessingService, interface = dk.sdu.mmmi.cbse.common.services.IEntityProcessingService, policy = dynamic, cardinality = 0..1, target = null, bind = setBulletService, unbind = removeBulletService]
	of service component = dk.sdu.mmmi.cbse.osgiasteroids
	component implementation class = dk.sdu.mmmi.cbse.osgienemy.EnemyProcessor
	located in bundle with symbolic name = dk.sdu.mmmi.cbse.OSGiEnemy
	bundle location = reference:file:asteroidsosgi/modules/dk-sdu-mmmi-cbse-OSGiEnemy.jar

!ENTRY dk.sdu.mmmi.cbse.OSGiEnemy 4 0 2018-04-10 14:01:55.898
!MESSAGE [SCR] Method was not found: setBulletService(...)
	Details:
	Problematic reference = Reference[name = IPostEntityProcessingService, interface = dk.sdu.mmmi.cbse.common.services.IEntityProcessingService, policy = dynamic, cardinality = 0..1, target = null, bind = setBulletService, unbind = removeBulletService]
	of service component = dk.sdu.mmmi.cbse.osgiasteroids
	component implementation class = dk.sdu.mmmi.cbse.osgienemy.EnemyProcessor
	located in bundle with symbolic name = dk.sdu.mmmi.cbse.OSGiEnemy
	bundle location = reference:file:asteroidsosgi/modules/dk-sdu-mmmi-cbse-OSGiEnemy.jar

!ENTRY dk.sdu.mmmi.cbse.OSGiEnemy 4 0 2018-04-10 14:01:55.898
!MESSAGE [SCR] Method was not found: setBulletService(...)
	Details:
	Problematic reference = Reference[name = IPostEntityProcessingService, interface = dk.sdu.mmmi.cbse.common.services.IEntityProcessingService, policy = dynamic, cardinality = 0..1, target = null, bind = setBulletService, unbind = removeBulletService]
	of service component = dk.sdu.mmmi.cbse.osgiasteroids
	component implementation class = dk.sdu.mmmi.cbse.osgienemy.EnemyProcessor
	located in bundle with symbolic name = dk.sdu.mmmi.cbse.OSGiEnemy
	bundle location = reference:file:asteroidsosgi/modules/dk-sdu-mmmi-cbse-OSGiEnemy.jar

!ENTRY dk.sdu.mmmi.cbse.OSGiEnemy 2 0 2018-04-10 14:01:55.899
!MESSAGE [SCR] ComponentReference.bind(): bind method 'setBulletService' is not found or it is not accessible!
	Details:
	Problematic reference = Reference[name = IPostEntityProcessingService, interface = dk.sdu.mmmi.cbse.common.services.IEntityProcessingService, policy = dynamic, cardinality = 0..1, target = null, bind = setBulletService, unbind = removeBulletService]
	of service component = dk.sdu.mmmi.cbse.osgiasteroids
	component implementation class = dk.sdu.mmmi.cbse.osgienemy.EnemyProcessor
	located in bundle with symbolic name = dk.sdu.mmmi.cbse.OSGiEnemy
	bundle location = reference:file:asteroidsosgi/modules/dk-sdu-mmmi-cbse-OSGiEnemy.jar

!ENTRY dk.sdu.mmmi.cbse.OSGiAsteroids 2 0 2018-04-10 14:01:55.902
!MESSAGE [SCR] Found components with duplicated names! Details: 
Component1 : Component[
	name = dk.sdu.mmmi.cbse.osgiasteroids
	activate = activate
	deactivate = deactivate
	modified = 
	configuration-policy = optional
	factory = null
	autoenable = true
	immediate = false
	implementation = dk.sdu.mmmi.cbse.osgiasteroids.AsteroidProcessor
	state = Unsatisfied
	properties = 
	serviceFactory = false
	serviceInterface = [dk.sdu.mmmi.cbse.common.services.IEntityProcessingService]
	references = {
		Reference[name = IAsteroidSplitter, interface = dk.sdu.mmmi.cbse.common.asteroids.IAsteroidSplitter, policy = dynamic, cardinality = 1..1, target = null, bind = setAsteroidSplitter, unbind = removeAsteroidSplitter]
	}
	located in bundle = dk.sdu.mmmi.cbse.OSGiAsteroids_1.0.0.SNAPSHOT [22]
]
Component2: Component[
	name = dk.sdu.mmmi.cbse.osgiasteroids
	activate = activate
	deactivate = deactivate
	modified = 
	configuration-policy = optional
	factory = null
	autoenable = true
	immediate = false
	implementation = dk.sdu.mmmi.cbse.osgienemy.EnemyProcessor
	state = Unsatisfied
	properties = 
	serviceFactory = false
	serviceInterface = [dk.sdu.mmmi.cbse.common.services.IEntityProcessingService]
	references = {
		Reference[name = IPostEntityProcessingService, interface = dk.sdu.mmmi.cbse.common.services.IEntityProcessingService, policy = dynamic, cardinality = 0..1, target = null, bind = setBulletService, unbind = removeBulletService]
	}
	located in bundle = dk.sdu.mmmi.cbse.OSGiEnemy_1.0.0.SNAPSHOT [9]
]  

!ENTRY dk.sdu.mmmi.cbse.OSGiAsteroids 2 0 2018-04-10 14:01:55.903
!MESSAGE [SCR] Found components with duplicated names! Details: 
Component1 : Component[
	name = dk.sdu.mmmi.cbse.osgiasteroids.AsteroidPlugin
	activate = activate
	deactivate = deactivate
	modified = 
	configuration-policy = optional
	factory = null
	autoenable = true
	immediate = false
	implementation = dk.sdu.mmmi.cbse.osgiasteroids.AsteroidPlugin
	state = Unsatisfied
	properties = 
	serviceFactory = false
	serviceInterface = [dk.sdu.mmmi.cbse.common.services.IGamePluginService]
	references = null
	located in bundle = dk.sdu.mmmi.cbse.OSGiAsteroids_1.0.0.SNAPSHOT [22]
]
Component2: Component[
	name = dk.sdu.mmmi.cbse.osgiasteroids.AsteroidPlugin
	activate = activate
	deactivate = deactivate
	modified = 
	configuration-policy = optional
	factory = null
	autoenable = true
	immediate = false
	implementation = dk.sdu.mmmi.cbse.osgienemy.EnemyPlugin
	state = Unsatisfied
	properties = 
	serviceFactory = false
	serviceInterface = [dk.sdu.mmmi.cbse.common.services.IGamePluginService]
	references = null
	located in bundle = dk.sdu.mmmi.cbse.OSGiEnemy_1.0.0.SNAPSHOT [9]
]  
